#
# There is insufficient memory for the Java Runtime Environment to continue.
# Native memory allocation (malloc) failed to allocate 1063936 bytes for Chunk::new
# Possible reasons:
#   The system is out of physical RAM or swap space
#   The process is running with CompressedOops enabled, and the Java Heap may be blocking the growth of the native heap
# Possible solutions:
#   Reduce memory load on the system
#   Increase physical memory or swap space
#   Check if swap backing store is full
#   Decrease Java heap size (-Xmx/-Xms)
#   Decrease number of Java threads
#   Decrease Java thread stack sizes (-Xss)
#   Set larger code cache with -XX:ReservedCodeCacheSize=
#   JVM is running with Unscaled Compressed Oops mode in which the Java heap is
#     placed in the first 4GB address space. The Java Heap base address is the
#     maximum limit for the native heap growth. Please use -XX:HeapBaseMinAddress
#     to set the Java Heap base and to place the Java Heap above 4GB virtual address.
# This output file may be truncated or incomplete.
#
#  Out of Memory Error (arena.cpp:184), pid=13240, tid=8576
#
# JRE version: OpenJDK Runtime Environment (18.0+36) (build 18+36-2087)
# Java VM: OpenJDK 64-Bit Server VM (18+36-2087, mixed mode, sharing, tiered, compressed oops, compressed class ptrs, g1 gc, windows-amd64)
# No core dump will be written. Minidumps are not enabled by default on client versions of Windows
#

---------------  S U M M A R Y ------------

Command Line: -javaagent:C:\Program Files\JetBrains\IntelliJ IDEA Community Edition 2022.1\lib\idea_rt.jar=52443:C:\Program Files\JetBrains\IntelliJ IDEA Community Edition 2022.1\bin -Dfile.encoding=UTF-8 com.flight.apigateway.ApiGatewayApplication

Host: Intel(R) Core(TM) i7-5600U CPU @ 2.60GHz, 4 cores, 3G,  Windows 10 , 64 bit Build 19041 (10.0.19041.1706)
Time: Fri May 20 13:15:22 2022 India Standard Time elapsed time: 349.269160 seconds (0d 0h 5m 49s)

---------------  T H R E A D  ---------------

Current thread (0x0000018fe5ae1100):  JavaThread "C2 CompilerThread0" daemon [_thread_in_native, id=8576, stack(0x00000057af600000,0x00000057af700000)]


Current CompileTask:
C2: 349269 6113       4       org.springframework.boot.context.properties.source.SpringIterableConfigurationPropertySource$$Lambda$90/0x0000000800ca9bc0::apply (12 bytes)

Stack: [0x00000057af600000,0x00000057af700000]
Native frames: (J=compiled Java code, j=interpreted, Vv=VM code, C=native code)
V  [jvm.dll+0x69804a]
V  [jvm.dll+0x7f308d]
V  [jvm.dll+0x7f499e]
V  [jvm.dll+0x7f5053]
V  [jvm.dll+0x25ca3f]
V  [jvm.dll+0xb8c2f]
V  [jvm.dll+0xb8fa5]
V  [jvm.dll+0x385a6b]
V  [jvm.dll+0x1d27c2]
V  [jvm.dll+0x22fd79]
V  [jvm.dll+0x22eff1]
V  [jvm.dll+0x1b9cfc]
V  [jvm.dll+0x23e8ca]
V  [jvm.dll+0x23cbac]
V  [jvm.dll+0x7a5781]
V  [jvm.dll+0x79fbba]
V  [jvm.dll+0x696ef5]
C  [ucrtbase.dll+0x21bb2]
C  [KERNEL32.DLL+0x17034]
C  [ntdll.dll+0x52651]


---------------  P R O C E S S  ---------------

Threads class SMR info:
_java_thread_list=0x0000018feb9984d0, length=26, elements={
0x0000018fca8d70a0, 0x0000018fca8d84a0, 0x0000018fca8ec650, 0x0000018fca8ee000,
0x0000018fca8ee9a0, 0x0000018fe5adec80, 0x0000018fe5ae1100, 0x0000018fe5ae5a00,
0x0000018fe5aea480, 0x0000018fca8c0fd0, 0x0000018fea49cfb0, 0x0000018fea496980,
0x0000018feb38e170, 0x0000018fec4403e0, 0x0000018fec43e230, 0x0000018fec441720,
0x0000018fec43d3c0, 0x0000018fec43d890, 0x0000018fec43f0a0, 0x0000018fec43fa40,
0x0000018fec43c550, 0x0000018fec440d80, 0x0000018fec441bf0, 0x0000018fec43f570,
0x0000018fec4420c0, 0x0000018fec43ca20
}

Java Threads: ( => current thread )
  0x0000018fca8d70a0 JavaThread "Reference Handler" daemon [_thread_blocked, id=12212, stack(0x00000057af000000,0x00000057af100000)]
  0x0000018fca8d84a0 JavaThread "Finalizer" daemon [_thread_blocked, id=9880, stack(0x00000057af100000,0x00000057af200000)]
  0x0000018fca8ec650 JavaThread "Signal Dispatcher" daemon [_thread_blocked, id=344, stack(0x00000057af200000,0x00000057af300000)]
  0x0000018fca8ee000 JavaThread "Attach Listener" daemon [_thread_blocked, id=15312, stack(0x00000057af300000,0x00000057af400000)]
  0x0000018fca8ee9a0 JavaThread "Service Thread" daemon [_thread_blocked, id=11712, stack(0x00000057af400000,0x00000057af500000)]
  0x0000018fe5adec80 JavaThread "Monitor Deflation Thread" daemon [_thread_blocked, id=11696, stack(0x00000057af500000,0x00000057af600000)]
=>0x0000018fe5ae1100 JavaThread "C2 CompilerThread0" daemon [_thread_in_native, id=8576, stack(0x00000057af600000,0x00000057af700000)]
  0x0000018fe5ae5a00 JavaThread "C1 CompilerThread0" daemon [_thread_blocked, id=9040, stack(0x00000057af700000,0x00000057af800000)]
  0x0000018fe5aea480 JavaThread "Sweeper thread" daemon [_thread_blocked, id=2752, stack(0x00000057af800000,0x00000057af900000)]
  0x0000018fca8c0fd0 JavaThread "Common-Cleaner" daemon [_thread_blocked, id=8492, stack(0x00000057af900000,0x00000057afa00000)]
  0x0000018fea49cfb0 JavaThread "Monitor Ctrl-Break" daemon [_thread_in_native, id=13736, stack(0x00000057afa00000,0x00000057afb00000)]
  0x0000018fea496980 JavaThread "Notification Thread" daemon [_thread_blocked, id=6348, stack(0x00000057afb00000,0x00000057afc00000)]
  0x0000018feb38e170 JavaThread "spring.cloud.inetutils" daemon [_thread_blocked, id=9356, stack(0x00000057b0400000,0x00000057b0500000)]
  0x0000018fec4403e0 JavaThread "File Watcher" daemon [_thread_blocked, id=6580, stack(0x00000057b0100000,0x00000057b0200000)]
  0x0000018fec43e230 JavaThread "Live Reload Server" daemon [_thread_in_native, id=14388, stack(0x00000057b0600000,0x00000057b0700000)]
  0x0000018fec441720 JavaThread "AsyncResolver-bootstrap-0" daemon [_thread_blocked, id=6112, stack(0x00000057b0500000,0x00000057b0600000)]
  0x0000018fec43d3c0 JavaThread "DiscoveryClient-0" daemon [_thread_blocked, id=7628, stack(0x00000057b0700000,0x00000057b0800000)]
  0x0000018fec43d890 JavaThread "DiscoveryClient-1" daemon [_thread_blocked, id=14232, stack(0x00000057b0800000,0x00000057b0900000)]
  0x0000018fec43f0a0 JavaThread "DiscoveryClient-InstanceInfoReplicator-0" daemon [_thread_blocked, id=72, stack(0x00000057b0900000,0x00000057b0a00000)]
  0x0000018fec43fa40 JavaThread "reactor-http-nio-1" daemon [_thread_in_native, id=11724, stack(0x00000057b0b00000,0x00000057b0c00000)]
  0x0000018fec43c550 JavaThread "server" [_thread_blocked, id=14012, stack(0x00000057b0c00000,0x00000057b0d00000)]
  0x0000018fec440d80 JavaThread "DestroyJavaVM" [_thread_blocked, id=8288, stack(0x00000057ae900000,0x00000057aea00000)]
  0x0000018fec441bf0 JavaThread "DiscoveryClient-HeartbeatExecutor-0" daemon [_thread_blocked, id=2324, stack(0x00000057b0300000,0x00000057b0400000)]
  0x0000018fec43f570 JavaThread "DiscoveryClient-CacheRefreshExecutor-0" daemon [_thread_blocked, id=10684, stack(0x00000057b0d00000,0x00000057b0e00000)]
  0x0000018fec4420c0 JavaThread "Keep-Alive-Timer" daemon [_thread_blocked, id=7792, stack(0x00000057ae600000,0x00000057ae700000)]
  0x0000018fec43ca20 JavaThread "AsyncResolver-bootstrap-executor-0" daemon [_thread_blocked, id=13560, stack(0x00000057b0200000,0x00000057b0300000)]

Other Threads:
  0x0000018fca8d3900 VMThread "VM Thread" [stack: 0x00000057aef00000,0x00000057af000000] [id=10120]
  0x0000018fca838f50 WatcherThread "VM Periodic Task Thread" [stack: 0x00000057afc00000,0x00000057afd00000] [id=12440]
  0x0000018fca876d70 WorkerThread "GC Thread#0" [stack: 0x00000057aea00000,0x00000057aeb00000] [id=8624]
  0x0000018fea499700 WorkerThread "GC Thread#1" [stack: 0x00000057afd00000,0x00000057afe00000] [id=13316]
  0x0000018fea56a940 WorkerThread "GC Thread#2" [stack: 0x00000057afe00000,0x00000057aff00000] [id=6920]
  0x0000018fea56abe0 WorkerThread "GC Thread#3" [stack: 0x00000057aff00000,0x00000057b0000000] [id=2568]
  0x0000018fca880970 ConcurrentGCThread "G1 Main Marker" [stack: 0x00000057aeb00000,0x00000057aec00000] [id=1832]
  0x0000018fca882f10 WorkerThread "G1 Conc#0" [stack: 0x00000057aec00000,0x00000057aed00000] [id=1500]
  0x0000018fca8ac550 ConcurrentGCThread "G1 Refine#0" [stack: 0x00000057aed00000,0x00000057aee00000] [id=14196]
  0x0000018fea4999a0 ConcurrentGCThread "G1 Refine#1" [stack: 0x00000057b0000000,0x00000057b0100000] [id=1572]
  0x0000018fca8ace60 ConcurrentGCThread "G1 Service" [stack: 0x00000057aee00000,0x00000057aef00000] [id=14016]

Threads with active compile tasks:
C2 CompilerThread0   349398 6113       4       org.springframework.boot.context.properties.source.SpringIterableConfigurationPropertySource$$Lambda$90/0x0000000800ca9bc0::apply (12 bytes)

VM state: not at safepoint (normal execution)

VM Mutex/Monitor currently owned by a thread: None

Heap address: 0x00000000c1a00000, size: 998 MB, Compressed Oops mode: 32-bit

CDS archive(s) mapped at: [0x0000000800000000-0x0000000800b90000-0x0000000800b90000), size 12124160, SharedBaseAddress: 0x0000000800000000, ArchiveRelocationMode: 0.
Compressed class space mapped at: 0x0000000800c00000-0x0000000840c00000, reserved size: 1073741824
Narrow klass base: 0x0000000800000000, Narrow klass shift: 0, Narrow klass range: 0x100000000

GC Precious Log:
 CardTable entry size: 512
 Card Set container configuration: InlinePtr #cards 5 size 8 Array Of Cards #cards 12 size 40 Howl #buckets 4 coarsen threshold 1843 Howl Bitmap #cards 512 size 80 coarsen threshold 460 Card regions per heap region 1 cards per card region 2048
 CPUs: 4 total, 4 available
 Memory: 3987M
 Large Page Support: Disabled
 NUMA Support: Disabled
 Compressed Oops: Enabled (32-bit)
 Heap Region Size: 1M
 Heap Min Capacity: 8M
 Heap Initial Capacity: 64M
 Heap Max Capacity: 998M
 Pre-touch: Disabled
 Parallel Workers: 4
 Concurrent Workers: 1
 Concurrent Refinement Workers: 4
 Periodic GC: Disabled

Heap:
 garbage-first heap   total 66560K, used 35750K [0x00000000c1a00000, 0x0000000100000000)
  region size 1024K, 16 young (16384K), 4 survivors (4096K)
 Metaspace       used 44122K, committed 44672K, reserved 1114112K
  class space    used 5745K, committed 6016K, reserved 1048576K

Heap Regions: E=young(eden), S=young(survivor), O=old, HS=humongous(starts), HC=humongous(continues), CS=collection set, F=free, OA=open archive, CA=closed archive, TAMS=top-at-mark-start (previous, next)
|   0|0x00000000c1a00000, 0x00000000c1b00000, 0x00000000c1b00000|100%| O|  |TAMS 0x00000000c1b00000, 0x00000000c1a00000| Untracked 
|   1|0x00000000c1b00000, 0x00000000c1c00000, 0x00000000c1c00000|100%| O|  |TAMS 0x00000000c1c00000, 0x00000000c1b00000| Untracked 
|   2|0x00000000c1c00000, 0x00000000c1d00000, 0x00000000c1d00000|100%| O|  |TAMS 0x00000000c1d00000, 0x00000000c1c00000| Untracked 
|   3|0x00000000c1d00000, 0x00000000c1e00000, 0x00000000c1e00000|100%| O|  |TAMS 0x00000000c1e00000, 0x00000000c1d00000| Untracked 
|   4|0x00000000c1e00000, 0x00000000c1f00000, 0x00000000c1f00000|100%| O|  |TAMS 0x00000000c1f00000, 0x00000000c1e00000| Untracked 
|   5|0x00000000c1f00000, 0x00000000c2000000, 0x00000000c2000000|100%| O|  |TAMS 0x00000000c2000000, 0x00000000c1f00000| Untracked 
|   6|0x00000000c2000000, 0x00000000c2100000, 0x00000000c2100000|100%| O|  |TAMS 0x00000000c2100000, 0x00000000c2000000| Untracked 
|   7|0x00000000c2100000, 0x00000000c2200000, 0x00000000c2200000|100%| O|  |TAMS 0x00000000c2200000, 0x00000000c2100000| Untracked 
|   8|0x00000000c2200000, 0x00000000c2300000, 0x00000000c2300000|100%| O|  |TAMS 0x00000000c2300000, 0x00000000c2200000| Untracked 
|   9|0x00000000c2300000, 0x00000000c2400000, 0x00000000c2400000|100%| O|  |TAMS 0x00000000c2400000, 0x00000000c2300000| Untracked 
|  10|0x00000000c2400000, 0x00000000c2500000, 0x00000000c2500000|100%| O|  |TAMS 0x00000000c2500000, 0x00000000c2400000| Untracked 
|  11|0x00000000c2500000, 0x00000000c2600000, 0x00000000c2600000|100%| O|  |TAMS 0x00000000c2600000, 0x00000000c2500000| Untracked 
|  12|0x00000000c2600000, 0x00000000c2700000, 0x00000000c2700000|100%| O|  |TAMS 0x00000000c2700000, 0x00000000c2600000| Untracked 
|  13|0x00000000c2700000, 0x00000000c2800000, 0x00000000c2800000|100%| O|  |TAMS 0x00000000c2800000, 0x00000000c2700000| Untracked 
|  14|0x00000000c2800000, 0x00000000c2900000, 0x00000000c2900000|100%| O|  |TAMS 0x00000000c2900000, 0x00000000c2800000| Untracked 
|  15|0x00000000c2900000, 0x00000000c2a00000, 0x00000000c2a00000|100%| O|  |TAMS 0x00000000c2a00000, 0x00000000c2900000| Untracked 
|  16|0x00000000c2a00000, 0x00000000c2b00000, 0x00000000c2b00000|100%| O|  |TAMS 0x00000000c2a18400, 0x00000000c2a00000| Untracked 
|  17|0x00000000c2b00000, 0x00000000c2c00000, 0x00000000c2c00000|100%| O|  |TAMS 0x00000000c2b00000, 0x00000000c2b00000| Untracked 
|  18|0x00000000c2c00000, 0x00000000c2d00000, 0x00000000c2d00000|100%| O|  |TAMS 0x00000000c2c00000, 0x00000000c2c00000| Untracked 
|  19|0x00000000c2d00000, 0x00000000c2e00000, 0x00000000c2e00000|100%| O|  |TAMS 0x00000000c2d00000, 0x00000000c2d00000| Untracked 
|  20|0x00000000c2e00000, 0x00000000c2ec9000, 0x00000000c2f00000| 78%| O|  |TAMS 0x00000000c2e00000, 0x00000000c2e00000| Untracked 
|  21|0x00000000c2f00000, 0x00000000c2f00000, 0x00000000c3000000|  0%| F|  |TAMS 0x00000000c2f00000, 0x00000000c2f00000| Untracked 
|  22|0x00000000c3000000, 0x00000000c3000000, 0x00000000c3100000|  0%| F|  |TAMS 0x00000000c3000000, 0x00000000c3000000| Untracked 
|  23|0x00000000c3100000, 0x00000000c3100000, 0x00000000c3200000|  0%| F|  |TAMS 0x00000000c3100000, 0x00000000c3100000| Untracked 
|  24|0x00000000c3200000, 0x00000000c3200000, 0x00000000c3300000|  0%| F|  |TAMS 0x00000000c3200000, 0x00000000c3200000| Untracked 
|  25|0x00000000c3300000, 0x00000000c3300000, 0x00000000c3400000|  0%| F|  |TAMS 0x00000000c3300000, 0x00000000c3300000| Untracked 
|  26|0x00000000c3400000, 0x00000000c3400000, 0x00000000c3500000|  0%| F|  |TAMS 0x00000000c3400000, 0x00000000c3400000| Untracked 
|  27|0x00000000c3500000, 0x00000000c3500000, 0x00000000c3600000|  0%| F|  |TAMS 0x00000000c3500000, 0x00000000c3500000| Untracked 
|  28|0x00000000c3600000, 0x00000000c3600000, 0x00000000c3700000|  0%| F|  |TAMS 0x00000000c3600000, 0x00000000c3600000| Untracked 
|  29|0x00000000c3700000, 0x00000000c3700000, 0x00000000c3800000|  0%| F|  |TAMS 0x00000000c3700000, 0x00000000c3700000| Untracked 
|  30|0x00000000c3800000, 0x00000000c3800000, 0x00000000c3900000|  0%| F|  |TAMS 0x00000000c3800000, 0x00000000c3800000| Untracked 
|  31|0x00000000c3900000, 0x00000000c3920850, 0x00000000c3a00000| 12%| S|CS|TAMS 0x00000000c3900000, 0x00000000c3900000| Complete 
|  32|0x00000000c3a00000, 0x00000000c3b00000, 0x00000000c3b00000|100%| S|CS|TAMS 0x00000000c3a00000, 0x00000000c3a00000| Complete 
|  33|0x00000000c3b00000, 0x00000000c3c00000, 0x00000000c3c00000|100%| S|CS|TAMS 0x00000000c3b00000, 0x00000000c3b00000| Complete 
|  34|0x00000000c3c00000, 0x00000000c3d00000, 0x00000000c3d00000|100%| S|CS|TAMS 0x00000000c3c00000, 0x00000000c3c00000| Complete 
|  35|0x00000000c3d00000, 0x00000000c3d00000, 0x00000000c3e00000|  0%| F|  |TAMS 0x00000000c3d00000, 0x00000000c3d00000| Untracked 
|  36|0x00000000c3e00000, 0x00000000c3e00000, 0x00000000c3f00000|  0%| F|  |TAMS 0x00000000c3e00000, 0x00000000c3e00000| Untracked 
|  37|0x00000000c3f00000, 0x00000000c3f00000, 0x00000000c4000000|  0%| F|  |TAMS 0x00000000c3f00000, 0x00000000c3f00000| Untracked 
|  38|0x00000000c4000000, 0x00000000c4000000, 0x00000000c4100000|  0%| F|  |TAMS 0x00000000c4000000, 0x00000000c4000000| Untracked 
|  39|0x00000000c4100000, 0x00000000c4100000, 0x00000000c4200000|  0%| F|  |TAMS 0x00000000c4100000, 0x00000000c4100000| Untracked 
|  40|0x00000000c4200000, 0x00000000c4200000, 0x00000000c4300000|  0%| F|  |TAMS 0x00000000c4200000, 0x00000000c4200000| Untracked 
|  41|0x00000000c4300000, 0x00000000c4300000, 0x00000000c4400000|  0%| F|  |TAMS 0x00000000c4300000, 0x00000000c4300000| Untracked 
|  42|0x00000000c4400000, 0x00000000c4400000, 0x00000000c4500000|  0%| F|  |TAMS 0x00000000c4400000, 0x00000000c4400000| Untracked 
|  43|0x00000000c4500000, 0x00000000c4500000, 0x00000000c4600000|  0%| F|  |TAMS 0x00000000c4500000, 0x00000000c4500000| Untracked 
|  44|0x00000000c4600000, 0x00000000c4600000, 0x00000000c4700000|  0%| F|  |TAMS 0x00000000c4600000, 0x00000000c4600000| Untracked 
|  45|0x00000000c4700000, 0x00000000c4700000, 0x00000000c4800000|  0%| F|  |TAMS 0x00000000c4700000, 0x00000000c4700000| Untracked 
|  46|0x00000000c4800000, 0x00000000c4800000, 0x00000000c4900000|  0%| F|  |TAMS 0x00000000c4800000, 0x00000000c4800000| Untracked 
|  47|0x00000000c4900000, 0x00000000c4900000, 0x00000000c4a00000|  0%| F|  |TAMS 0x00000000c4900000, 0x00000000c4900000| Untracked 
|  48|0x00000000c4a00000, 0x00000000c4a00000, 0x00000000c4b00000|  0%| F|  |TAMS 0x00000000c4a00000, 0x00000000c4a00000| Untracked 
|  49|0x00000000c4b00000, 0x00000000c4b00000, 0x00000000c4c00000|  0%| F|  |TAMS 0x00000000c4b00000, 0x00000000c4b00000| Untracked 
|  50|0x00000000c4c00000, 0x00000000c4c00000, 0x00000000c4d00000|  0%| F|  |TAMS 0x00000000c4c00000, 0x00000000c4c00000| Untracked 
|  51|0x00000000c4d00000, 0x00000000c4d00000, 0x00000000c4e00000|  0%| F|  |TAMS 0x00000000c4d00000, 0x00000000c4d00000| Untracked 
|  52|0x00000000c4e00000, 0x00000000c4e00000, 0x00000000c4f00000|  0%| F|  |TAMS 0x00000000c4e00000, 0x00000000c4e00000| Untracked 
|  53|0x00000000c4f00000, 0x00000000c4f1b210, 0x00000000c5000000| 10%| E|  |TAMS 0x00000000c4f00000, 0x00000000c4f00000| Complete 
|  54|0x00000000c5000000, 0x00000000c5100000, 0x00000000c5100000|100%| E|CS|TAMS 0x00000000c5000000, 0x00000000c5000000| Complete 
|  55|0x00000000c5100000, 0x00000000c5200000, 0x00000000c5200000|100%| E|CS|TAMS 0x00000000c5100000, 0x00000000c5100000| Complete 
|  56|0x00000000c5200000, 0x00000000c5300000, 0x00000000c5300000|100%| E|CS|TAMS 0x00000000c5200000, 0x00000000c5200000| Complete 
|  57|0x00000000c5300000, 0x00000000c5400000, 0x00000000c5400000|100%| E|CS|TAMS 0x00000000c5300000, 0x00000000c5300000| Complete 
|  58|0x00000000c5400000, 0x00000000c5500000, 0x00000000c5500000|100%| E|CS|TAMS 0x00000000c5400000, 0x00000000c5400000| Complete 
|  59|0x00000000c5500000, 0x00000000c5600000, 0x00000000c5600000|100%| E|CS|TAMS 0x00000000c5500000, 0x00000000c5500000| Complete 
|  60|0x00000000c5600000, 0x00000000c5700000, 0x00000000c5700000|100%| E|CS|TAMS 0x00000000c5600000, 0x00000000c5600000| Complete 
|  61|0x00000000c5700000, 0x00000000c5800000, 0x00000000c5800000|100%| E|CS|TAMS 0x00000000c5700000, 0x00000000c5700000| Complete 
|  62|0x00000000c5800000, 0x00000000c5900000, 0x00000000c5900000|100%| E|CS|TAMS 0x00000000c5800000, 0x00000000c5800000| Complete 
|  63|0x00000000c5900000, 0x00000000c5a00000, 0x00000000c5a00000|100%| E|CS|TAMS 0x00000000c5900000, 0x00000000c5900000| Complete 
|  64|0x00000000c5a00000, 0x00000000c5b00000, 0x00000000c5b00000|100%| E|CS|TAMS 0x00000000c5a00000, 0x00000000c5a00000| Complete 

Card table byte_map: [0x0000018fe1350000,0x0000018fe1550000] _byte_map_base: 0x0000018fe0d43000

Marking Bits (Prev, Next): (CMBitMap*) 0x0000018fca878380, (CMBitMap*) 0x0000018fca8783c0
 Prev Bits: [0x0000018fe1750000, 0x0000018fe26e8000)
 Next Bits: [0x0000018fe26f0000, 0x0000018fe3688000)

Polling page: 0x0000018fc87a0000

Metaspace:

Usage:
  Non-class:     37.48 MB used.
      Class:      5.61 MB used.
       Both:     43.09 MB used.

Virtual space:
  Non-class space:       64.00 MB reserved,      37.75 MB ( 59%) committed,  1 nodes.
      Class space:        1.00 GB reserved,       5.88 MB ( <1%) committed,  1 nodes.
             Both:        1.06 GB reserved,      43.62 MB (  4%) committed. 

Chunk freelists:
   Non-Class:  2.16 MB
       Class:  2.04 MB
        Both:  4.20 MB

MaxMetaspaceSize: unlimited
CompressedClassSpaceSize: 1.00 GB
Initial GC threshold: 21.00 MB
Current GC threshold: 59.50 MB
CDS: on
MetaspaceReclaimPolicy: balanced
 - commit_granule_bytes: 65536.
 - commit_granule_words: 8192.
 - virtual_space_node_default_size: 8388608.
 - enlarge_chunks_in_place: 1.
 - new_chunks_are_fully_committed: 0.
 - uncommit_free_chunks: 1.
 - use_allocation_guard: 0.


Internal statistics:

num_allocs_failed_limit: 9.
num_arena_births: 730.
num_arena_deaths: 0.
num_vsnodes_births: 2.
num_vsnodes_deaths: 0.
num_space_committed: 698.
num_space_uncommitted: 0.
num_chunks_returned_to_freelist: 9.
num_chunks_taken_from_freelist: 2295.
num_chunk_merges: 6.
num_chunk_splits: 1593.
num_chunks_enlarged: 1245.
num_inconsistent_stats: 0.

CodeHeap 'non-profiled nmethods': size=120000Kb used=3313Kb max_used=3313Kb free=116686Kb
 bounds [0x0000018fd9c20000, 0x0000018fd9f60000, 0x0000018fe1150000]
CodeHeap 'profiled nmethods': size=120000Kb used=11535Kb max_used=11741Kb free=108465Kb
 bounds [0x0000018fd26f0000, 0x0000018fd3280000, 0x0000018fd9c20000]
CodeHeap 'non-nmethods': size=5760Kb used=1287Kb max_used=1327Kb free=4472Kb
 bounds [0x0000018fd2150000, 0x0000018fd23c0000, 0x0000018fd26f0000]
 total_blobs=5904 nmethods=5308 adapters=508
 compilation: enabled
              stopped_count=0, restarted_count=0
 full_count=0

Compilation events (20 events):
Event: 319.002 Thread 0x0000018fe5ae1100 nmethod 6100 0x0000018fd9f5a110 code [0x0000018fd9f5a3c0, 0x0000018fd9f5b758]
Event: 348.702 Thread 0x0000018fe5ae5a00 6107  s    3       sun.net.www.MessageHeader::add (35 bytes)
Event: 348.703 Thread 0x0000018fe5ae5a00 nmethod 6107 0x0000018fd2c67b90 code [0x0000018fd2c67d60, 0x0000018fd2c682c8]
Event: 348.982 Thread 0x0000018fe5ae5a00 6108       3       java.lang.Integer::parseInt (264 bytes)
Event: 348.989 Thread 0x0000018fe5ae5a00 nmethod 6108 0x0000018fd2b1a010 code [0x0000018fd2b1a480, 0x0000018fd2b1c378]
Event: 348.989 Thread 0x0000018fe5ae5a00 6109       3       com.fasterxml.jackson.core.json.UTF8StreamJsonParser::parseMediumName2 (283 bytes)
Event: 348.990 Thread 0x0000018fe5ae5a00 nmethod 6109 0x0000018fd2b19410 code [0x0000018fd2b19680, 0x0000018fd2b19e08]
Event: 348.990 Thread 0x0000018fe5ae5a00 6110       3       com.fasterxml.jackson.core.util.TextBuffer::emptyAndGetCurrentSegment (63 bytes)
Event: 348.999 Thread 0x0000018fe5ae5a00 nmethod 6110 0x0000018fd2b18a90 code [0x0000018fd2b18c80, 0x0000018fd2b19258]
Event: 349.009 Thread 0x0000018fe5ae5a00 6111       3       java.lang.invoke.VarHandleReferences$Array::runtimeTypeCheck (26 bytes)
Event: 349.011 Thread 0x0000018fe5ae5a00 nmethod 6111 0x0000018fd2c92410 code [0x0000018fd2c92660, 0x0000018fd2c92e58]
Event: 349.021 Thread 0x0000018fe5ae5a00 6112       3       org.springframework.core.ResolvableType$SyntheticParameterizedType::equals (68 bytes)
Event: 349.022 Thread 0x0000018fe5ae5a00 nmethod 6112 0x0000018fd2b17e10 code [0x0000018fd2b18020, 0x0000018fd2b18868]
Event: 349.024 Thread 0x0000018fe5ae1100 6113       4       org.springframework.boot.context.properties.source.SpringIterableConfigurationPropertySource$$Lambda$90/0x0000000800ca9bc0::apply (12 bytes)
Event: 349.044 Thread 0x0000018fe5ae5a00 6115       3       org.springframework.boot.context.properties.bind.AbstractBindHandler::onSuccess (15 bytes)
Event: 349.051 Thread 0x0000018fe5ae5a00 nmethod 6115 0x0000018fd2c91f90 code [0x0000018fd2c92140, 0x0000018fd2c92308]
Event: 349.057 Thread 0x0000018fe5ae5a00 6116       3       java.util.stream.Collectors$$Lambda$60/0x0000000800c7c420::accept (14 bytes)
Event: 349.058 Thread 0x0000018fe5ae5a00 nmethod 6116 0x0000018fd2c91a10 code [0x0000018fd2c91bc0, 0x0000018fd2c91e88]
Event: 349.059 Thread 0x0000018fe5ae5a00 6117       1       reactor.core.publisher.ImmutableSignal::getType (5 bytes)
Event: 349.060 Thread 0x0000018fe5ae5a00 nmethod 6117 0x0000018fd9f5c390 code [0x0000018fd9f5c520, 0x0000018fd9f5c5f8]

GC Heap History (20 events):
Event: 5.140 GC heap before
{Heap before GC invocations=2 (full 0):
 garbage-first heap   total 65536K, used 26751K [0x00000000c1a00000, 0x0000000100000000)
  region size 1024K, 20 young (20480K), 2 survivors (2048K)
 Metaspace       used 8438K, committed 8704K, reserved 1114112K
  class space    used 988K, committed 1088K, reserved 1048576K
}
Event: 5.145 GC heap after
{Heap after GC invocations=3 (full 0):
 garbage-first heap   total 65536K, used 8756K [0x00000000c1a00000, 0x0000000100000000)
  region size 1024K, 2 young (2048K), 2 survivors (2048K)
 Metaspace       used 8438K, committed 8704K, reserved 1114112K
  class space    used 988K, committed 1088K, reserved 1048576K
}
Event: 6.083 GC heap before
{Heap before GC invocations=3 (full 0):
 garbage-first heap   total 65536K, used 42548K [0x00000000c1a00000, 0x0000000100000000)
  region size 1024K, 36 young (36864K), 2 survivors (2048K)
 Metaspace       used 16977K, committed 17216K, reserved 1114112K
  class space    used 2072K, committed 2176K, reserved 1048576K
}
Event: 6.093 GC heap after
{Heap after GC invocations=4 (full 0):
 garbage-first heap   total 65536K, used 10813K [0x00000000c1a00000, 0x0000000100000000)
  region size 1024K, 4 young (4096K), 4 survivors (4096K)
 Metaspace       used 16977K, committed 17216K, reserved 1114112K
  class space    used 2072K, committed 2176K, reserved 1048576K
}
Event: 7.419 GC heap before
{Heap before GC invocations=4 (full 0):
 garbage-first heap   total 65536K, used 40509K [0x00000000c1a00000, 0x0000000100000000)
  region size 1024K, 35 young (35840K), 4 survivors (4096K)
 Metaspace       used 21228K, committed 21504K, reserved 1114112K
  class space    used 2603K, committed 2752K, reserved 1048576K
}
Event: 7.427 GC heap after
{Heap after GC invocations=5 (full 0):
 garbage-first heap   total 65536K, used 13447K [0x00000000c1a00000, 0x0000000100000000)
  region size 1024K, 5 young (5120K), 5 survivors (5120K)
 Metaspace       used 21228K, committed 21504K, reserved 1114112K
  class space    used 2603K, committed 2752K, reserved 1048576K
}
Event: 8.176 GC heap before
{Heap before GC invocations=6 (full 0):
 garbage-first heap   total 51200K, used 39047K [0x00000000c1a00000, 0x0000000100000000)
  region size 1024K, 30 young (30720K), 5 survivors (5120K)
 Metaspace       used 23121K, committed 23424K, reserved 1114112K
  class space    used 2874K, committed 3008K, reserved 1048576K
}
Event: 8.184 GC heap after
{Heap after GC invocations=7 (full 0):
 garbage-first heap   total 51200K, used 14601K [0x00000000c1a00000, 0x0000000100000000)
  region size 1024K, 3 young (3072K), 3 survivors (3072K)
 Metaspace       used 23121K, committed 23424K, reserved 1114112K
  class space    used 2874K, committed 3008K, reserved 1048576K
}
Event: 8.219 GC heap before
{Heap before GC invocations=7 (full 0):
 garbage-first heap   total 51200K, used 15625K [0x00000000c1a00000, 0x0000000100000000)
  region size 1024K, 4 young (4096K), 3 survivors (3072K)
 Metaspace       used 23230K, committed 23488K, reserved 1114112K
  class space    used 2892K, committed 3008K, reserved 1048576K
}
Event: 8.222 GC heap after
{Heap after GC invocations=8 (full 0):
 garbage-first heap   total 51200K, used 14693K [0x00000000c1a00000, 0x0000000100000000)
  region size 1024K, 1 young (1024K), 1 survivors (1024K)
 Metaspace       used 23230K, committed 23488K, reserved 1114112K
  class space    used 2892K, committed 3008K, reserved 1048576K
}
Event: 9.669 GC heap before
{Heap before GC invocations=8 (full 0):
 garbage-first heap   total 51200K, used 35173K [0x00000000c1a00000, 0x0000000100000000)
  region size 1024K, 22 young (22528K), 1 survivors (1024K)
 Metaspace       used 26716K, committed 27008K, reserved 1114112K
  class space    used 3373K, committed 3520K, reserved 1048576K
}
Event: 9.674 GC heap after
{Heap after GC invocations=9 (full 0):
 garbage-first heap   total 66560K, used 16740K [0x00000000c1a00000, 0x0000000100000000)
  region size 1024K, 3 young (3072K), 3 survivors (3072K)
 Metaspace       used 26716K, committed 27008K, reserved 1114112K
  class space    used 3373K, committed 3520K, reserved 1048576K
}
Event: 11.345 GC heap before
{Heap before GC invocations=9 (full 0):
 garbage-first heap   total 66560K, used 48484K [0x00000000c1a00000, 0x0000000100000000)
  region size 1024K, 34 young (34816K), 3 survivors (3072K)
 Metaspace       used 30687K, committed 31040K, reserved 1114112K
  class space    used 3869K, committed 4032K, reserved 1048576K
}
Event: 11.352 GC heap after
{Heap after GC invocations=10 (full 0):
 garbage-first heap   total 66560K, used 19199K [0x00000000c1a00000, 0x0000000100000000)
  region size 1024K, 5 young (5120K), 5 survivors (5120K)
 Metaspace       used 30687K, committed 31040K, reserved 1114112K
  class space    used 3869K, committed 4032K, reserved 1048576K
}
Event: 13.536 GC heap before
{Heap before GC invocations=10 (full 0):
 garbage-first heap   total 66560K, used 49919K [0x00000000c1a00000, 0x0000000100000000)
  region size 1024K, 35 young (35840K), 5 survivors (5120K)
 Metaspace       used 35477K, committed 35968K, reserved 1114112K
  class space    used 4616K, committed 4864K, reserved 1048576K
}
Event: 13.549 GC heap after
{Heap after GC invocations=11 (full 0):
 garbage-first heap   total 66560K, used 21566K [0x00000000c1a00000, 0x0000000100000000)
  region size 1024K, 5 young (5120K), 5 survivors (5120K)
 Metaspace       used 35477K, committed 35968K, reserved 1114112K
  class space    used 4616K, committed 4864K, reserved 1048576K
}
Event: 13.553 GC heap before
{Heap before GC invocations=11 (full 0):
 garbage-first heap   total 66560K, used 21566K [0x00000000c1a00000, 0x0000000100000000)
  region size 1024K, 6 young (6144K), 5 survivors (5120K)
 Metaspace       used 35522K, committed 35968K, reserved 1114112K
  class space    used 4623K, committed 4864K, reserved 1048576K
}
Event: 13.562 GC heap after
{Heap after GC invocations=12 (full 0):
 garbage-first heap   total 66560K, used 22188K [0x00000000c1a00000, 0x0000000100000000)
  region size 1024K, 1 young (1024K), 1 survivors (1024K)
 Metaspace       used 35522K, committed 35968K, reserved 1114112K
  class space    used 4623K, committed 4864K, reserved 1048576K
}
Event: 17.173 GC heap before
{Heap before GC invocations=13 (full 0):
 garbage-first heap   total 66560K, used 51884K [0x00000000c1a00000, 0x0000000100000000)
  region size 1024K, 30 young (30720K), 1 survivors (1024K)
 Metaspace       used 42933K, committed 43520K, reserved 1114112K
  class space    used 5611K, committed 5888K, reserved 1048576K
}
Event: 17.180 GC heap after
{Heap after GC invocations=14 (full 0):
 garbage-first heap   total 66560K, used 24486K [0x00000000c1a00000, 0x0000000100000000)
  region size 1024K, 4 young (4096K), 4 survivors (4096K)
 Metaspace       used 42933K, committed 43520K, reserved 1114112K
  class space    used 5611K, committed 5888K, reserved 1048576K
}

Deoptimization events (20 events):
Event: 46.841 Thread 0x0000018fec441bf0 Uncommon trap: trap_request=0xffffff45 fr.pc=0x0000018fd9e7540c relative=0x00000000000013ac
Event: 46.841 Thread 0x0000018fec441bf0 Uncommon trap: reason=unstable_if action=reinterpret pc=0x0000018fd9e7540c method=java.net.URLStreamHandler.toExternalForm(Ljava/net/URL;)Ljava/lang/String; @ 86 c2
Event: 46.841 Thread 0x0000018fec441bf0 DEOPT PACKING pc=0x0000018fd9e7540c sp=0x00000057b03fe740
Event: 46.841 Thread 0x0000018fec441bf0 DEOPT UNPACKING pc=0x0000018fd21a23a3 sp=0x00000057b03fe710 mode 2
Event: 46.913 Thread 0x0000018fec43f570 Uncommon trap: trap_request=0xfffffff4 fr.pc=0x0000018fd9c81b08 relative=0x00000000000001e8
Event: 46.913 Thread 0x0000018fec43f570 Uncommon trap: reason=null_check action=make_not_entrant pc=0x0000018fd9c81b08 method=sun.invoke.util.VerifyType.isNullConversion(Ljava/lang/Class;Ljava/lang/Class;Z)Z @ 67 c2
Event: 46.913 Thread 0x0000018fec43f570 DEOPT PACKING pc=0x0000018fd9c81b08 sp=0x00000057b0dfcd90
Event: 46.914 Thread 0x0000018fec43f570 DEOPT UNPACKING pc=0x0000018fd21a23a3 sp=0x00000057b0dfcd10 mode 2
Event: 46.937 Thread 0x0000018fec43f570 Uncommon trap: trap_request=0xffffffcc fr.pc=0x0000018fd9e1e2dc relative=0x000000000000033c
Event: 46.937 Thread 0x0000018fec43f570 Uncommon trap: reason=intrinsic_or_type_checked_inlining action=make_not_entrant pc=0x0000018fd9e1e2dc method=java.util.Arrays.copyOf([Ljava/lang/Object;ILjava/lang/Class;)[Ljava/lang/Object; @ 35 c2
Event: 46.937 Thread 0x0000018fec43f570 DEOPT PACKING pc=0x0000018fd9e1e2dc sp=0x00000057b0dfc8b0
Event: 46.937 Thread 0x0000018fec43f570 DEOPT UNPACKING pc=0x0000018fd21a23a3 sp=0x00000057b0dfc858 mode 2
Event: 77.065 Thread 0x0000018fec441bf0 Uncommon trap: trap_request=0xffffff45 fr.pc=0x0000018fd9e1cf30 relative=0x0000000000000290
Event: 77.066 Thread 0x0000018fec441bf0 Uncommon trap: reason=unstable_if action=reinterpret pc=0x0000018fd9e1cf30 method=java.lang.invoke.MethodType.equals(Ljava/lang/Object;)Z @ 11 c2
Event: 77.068 Thread 0x0000018fec441bf0 DEOPT PACKING pc=0x0000018fd9e1cf30 sp=0x00000057b03fe190
Event: 77.071 Thread 0x0000018fec441bf0 DEOPT UNPACKING pc=0x0000018fd21a23a3 sp=0x00000057b03fe158 mode 2
Event: 167.469 Thread 0x0000018fec441bf0 Uncommon trap: trap_request=0xffffff45 fr.pc=0x0000018fd9cb4a70 relative=0x0000000000000170
Event: 167.473 Thread 0x0000018fec441bf0 Uncommon trap: reason=unstable_if action=reinterpret pc=0x0000018fd9cb4a70 method=java.util.concurrent.locks.ReentrantLock$Sync.lock()V @ 4 c2
Event: 167.473 Thread 0x0000018fec441bf0 DEOPT PACKING pc=0x0000018fd9cb4a70 sp=0x00000057b03fe670
Event: 167.482 Thread 0x0000018fec441bf0 DEOPT UNPACKING pc=0x0000018fd21a23a3 sp=0x00000057b03fe5c0 mode 2

Classes loaded (20 events):
Event: 17.359 Loading class sun/nio/ch/ServerSocketChannelImpl$DefaultOptionsHolder
Event: 17.359 Loading class sun/nio/ch/ServerSocketChannelImpl$DefaultOptionsHolder done
Event: 17.383 Loading class sun/nio/ch/SelectionKeyImpl
Event: 17.383 Loading class java/nio/channels/spi/AbstractSelectionKey
Event: 17.383 Loading class java/nio/channels/spi/AbstractSelectionKey done
Event: 17.383 Loading class sun/nio/ch/SelectionKeyImpl done
Event: 17.383 Loading class java/lang/invoke/ConstantBootstraps
Event: 17.384 Loading class java/lang/invoke/ConstantBootstraps done
Event: 17.392 Loading class java/nio/channels/spi/AbstractSelector$1
Event: 17.392 Loading class java/nio/channels/spi/AbstractSelector$1 done
Event: 17.677 Loading class jdk/internal/math/FDBigInteger
Event: 17.679 Loading class jdk/internal/math/FDBigInteger done
Event: 17.688 Loading class java/beans/ThreadGroupContext
Event: 17.688 Loading class java/beans/ThreadGroupContext done
Event: 17.688 Loading class java/beans/ThreadGroupContext$1
Event: 17.688 Loading class java/beans/WeakIdentityMap
Event: 17.690 Loading class java/beans/WeakIdentityMap done
Event: 17.690 Loading class java/beans/ThreadGroupContext$1 done
Event: 17.690 Loading class java/beans/WeakIdentityMap$Entry
Event: 17.690 Loading class java/beans/WeakIdentityMap$Entry done

Classes unloaded (0 events):
No events

Classes redefined (0 events):
No events

Internal exceptions (20 events):
Event: 12.838 Thread 0x0000018fea7ed2a0 Exception <a 'java/lang/IncompatibleClassChangeError'{0x00000000c46a6698}: Found class java.lang.Object, but interface was expected> (0x00000000c46a6698) 
thrown [t:\workspace\open\src\hotspot\share\interpreter\linkResolver.cpp, line 833]
Event: 12.931 Thread 0x0000018fea7ed2a0 Exception <a 'java/lang/IncompatibleClassChangeError'{0x00000000c443fb48}: Found class java.lang.Object, but interface was expected> (0x00000000c443fb48) 
thrown [t:\workspace\open\src\hotspot\share\interpreter\linkResolver.cpp, line 833]
Event: 13.054 Thread 0x0000018fea7ed2a0 Exception <a 'java/lang/NoSuchMethodError'{0x00000000c4235f00}: 'java.lang.Object java.lang.invoke.DirectMethodHandle$Holder.invokeVirtual(java.lang.Object, java.lang.Object, java.lang.Object, java.lang.Object, java.lang.Object, java.lang.Object, java.lang.Object, java.lang.Object)'> (0x00000000c4235f00) 
thrown [t:\workspace\open\src\hotspot\share\interpreter\linkResolver.cpp, line 766]
Event: 13.134 Thread 0x0000018fea7ed2a0 Exception <a 'java/lang/NoSuchMethodError'{0x00000000c41647c0}: 'java.lang.Object java.lang.invoke.DirectMethodHandle$Holder.newInvokeSpecial(java.lang.Object, java.lang.Object, java.lang.Object, java.lang.Object, java.lang.Object, java.lang.Object, java.lang.Object, java.lang.Object, java.lang.Object)'> (0x00000000c41647c0) 
thrown [t:\workspace\open\src\hotspot\share\interpreter\linkResolver.cpp, line 766]
Event: 13.134 Thread 0x0000018fea7ed2a0 Exception <a 'java/lang/NoSuchMethodError'{0x00000000c4169b58}: 'java.lang.Object java.lang.invoke.DirectMethodHandle$Holder.invokeSpecial(java.lang.Object, java.lang.Object, java.lang.Object, java.lang.Object, java.lang.Object, java.lang.Object, java.lang.Object, java.lang.Object, java.lang.Object, java.lang.Object)'> (0x00000000c4169b58) 
thrown [t:\workspace\open\src\hotspot\share\interpreter\linkResolver.cpp, line 766]
Event: 13.137 Thread 0x0000018fea7ed2a0 Exception <a 'java/lang/NoSuchMethodError'{0x00000000c416e670}: 'java.lang.Object java.lang.invoke.Invokers$Holder.linkToTargetMethod(java.lang.Object, java.lang.Object, java.lang.Object, java.lang.Object, java.lang.Object, java.lang.Object, java.lang.Object, java.lang.Object, java.lang.Object)'> (0x00000000c416e670) 
thrown [t:\workspace\open\src\hotspot\share\interpreter\linkResolver.cpp, line 766]
Event: 13.391 Thread 0x0000018fea7ed2a0 Implicit null exception at 0x0000018fd9e52b13 to 0x0000018fd9e52c54
Event: 13.510 Thread 0x0000018fea7ed2a0 Exception <a 'java/lang/IncompatibleClassChangeError'{0x00000000c3d4ce38}: Found class java.lang.Object, but interface was expected> (0x00000000c3d4ce38) 
thrown [t:\workspace\open\src\hotspot\share\interpreter\linkResolver.cpp, line 833]
Event: 13.609 Thread 0x0000018fea496980 Exception <a 'java/lang/NoSuchMethodError'{0x00000000c58a31e8}: 'java.lang.Object java.lang.invoke.DirectMethodHandle$Holder.invokeSpecial(java.lang.Object, java.lang.Object, double, java.lang.Object)'> (0x00000000c58a31e8) 
thrown [t:\workspace\open\src\hotspot\share\interpreter\linkResolver.cpp, line 766]
Event: 14.172 Thread 0x0000018fea7ed2a0 Exception <a 'java/lang/IncompatibleClassChangeError'{0x00000000c4fca0c8}: Found class java.lang.Object, but interface was expected> (0x00000000c4fca0c8) 
thrown [t:\workspace\open\src\hotspot\share\interpreter\linkResolver.cpp, line 833]
Event: 14.216 Thread 0x0000018fea7ed2a0 Implicit null exception at 0x0000018fd9d7141e to 0x0000018fd9d71c50
Event: 16.734 Thread 0x0000018fea7ed2a0 Exception <a 'java/lang/NoSuchMethodError'{0x00000000c4543050}: 'void java.lang.invoke.DirectMethodHandle$Holder.invokeVirtual(java.lang.Object, java.lang.Object, java.lang.Object, java.lang.Object)'> (0x00000000c4543050) 
thrown [t:\workspace\open\src\hotspot\share\interpreter\linkResolver.cpp, line 766]
Event: 17.000 Thread 0x0000018fea7ed2a0 Exception <a 'java/lang/UnsatisfiedLinkError'{0x00000000c40f6030}: 'int io.netty.channel.epoll.Native.offsetofEpollData()'> (0x00000000c40f6030) 
thrown [t:\workspace\open\src\hotspot\share\prims\nativeLookup.cpp, line 434]
Event: 17.006 Thread 0x0000018fea7ed2a0 Exception <a 'java/lang/ExceptionInInitializerError'{0x00000000c40f8dc8}> (0x00000000c40f8dc8) 
thrown [t:\workspace\open\src\hotspot\share\oops\instanceKlass.cpp, line 1215]
Event: 17.102 Thread 0x0000018fea7ed2a0 Exception <a 'java/lang/NoSuchMethodError'{0x00000000c3e5a710}: 'void java.lang.invoke.DirectMethodHandle$Holder.invokeStaticInit(java.lang.Object, java.lang.Object, java.lang.Object)'> (0x00000000c3e5a710) 
thrown [t:\workspace\open\src\hotspot\share\interpreter\linkResolver.cpp, line 766]
Event: 46.913 Thread 0x0000018fec43f570 Implicit null exception at 0x0000018fd9c819cb to 0x0000018fd9c81af4
Event: 46.920 Thread 0x0000018fec43f570 Exception <a 'java/lang/NoSuchMethodError'{0x00000000c553ac88}: 'long java.lang.invoke.DirectMethodHandle$Holder.invokeStatic(java.lang.Object, java.lang.Object, int)'> (0x00000000c553ac88) 
thrown [t:\workspace\open\src\hotspot\share\interpreter\linkResolver.cpp, line 766]
Event: 46.922 Thread 0x0000018fec43f570 Exception <a 'java/lang/NoSuchMethodError'{0x00000000c55495a8}: 'java.lang.Object java.lang.invoke.DelegatingMethodHandle$Holder.reinvoke_L(java.lang.Object, int, int, long, java.lang.Object, long, long, long)'> (0x00000000c55495a8) 
thrown [t:\workspace\open\src\hotspot\share\interpreter\linkResolver.cpp, line 766]
Event: 46.928 Thread 0x0000018fec43f570 Exception <a 'java/lang/NoSuchMethodError'{0x00000000c556f878}: 'java.lang.Object java.lang.invoke.DelegatingMethodHandle$Holder.reinvoke_L(java.lang.Object, java.lang.Object, java.lang.Object, java.lang.Object, java.lang.Object, java.lang.Object, java.lang.Object, java.lang.Object, java.lang.Object, java.lang.Object, java.lang.Object, java.lang.Object, java.lang.Object, java.lang.Object, int, java.lang.Object, java.lang.Object, java.lang.Object, java.lang.Object, java.lang.Object, java.lang.Object, java.l
Event: 46.942 Thread 0x0000018fec43f570 Exception <a 'java/lang/NoSuchMethodError'{0x00000000c55cff38}: 'java.lang.Object java.lang.invoke.DelegatingMethodHandle$Holder.reinvoke_L(java.lang.Object, java.lang.Object, java.lang.Object, java.lang.Object, java.lang.Object, java.lang.Object, java.lang.Object, java.lang.Object, java.lang.Object, java.lang.Object, java.lang.Object, java.lang.Object, java.lang.Object, java.lang.Object, java.lang.Object, java.lang.Object, java.lang.Object, java.lang.Object, java.lang.Object, java.lang.Object, java.lang.O

VM Operations (20 events):
Event: 55.520 Executing VM operation: Cleanup
Event: 55.520 Executing VM operation: Cleanup done
Event: 77.711 Executing VM operation: Cleanup
Event: 77.743 Executing VM operation: Cleanup done
Event: 108.007 Executing VM operation: Cleanup
Event: 108.007 Executing VM operation: Cleanup done
Event: 138.341 Executing VM operation: Cleanup
Event: 138.345 Executing VM operation: Cleanup done
Event: 167.620 Executing VM operation: Cleanup
Event: 167.633 Executing VM operation: Cleanup done
Event: 197.918 Executing VM operation: Cleanup
Event: 197.952 Executing VM operation: Cleanup done
Event: 228.229 Executing VM operation: Cleanup
Event: 228.325 Executing VM operation: Cleanup done
Event: 259.524 Executing VM operation: Cleanup
Event: 259.524 Executing VM operation: Cleanup done
Event: 288.839 Executing VM operation: Cleanup
Event: 288.841 Executing VM operation: Cleanup done
Event: 317.118 Executing VM operation: Cleanup
Event: 317.118 Executing VM operation: Cleanup done

Events (20 events):
Event: 13.836 Thread 0x0000018fec43f0a0 Thread exited: 0x0000018fec43f0a0
Event: 13.836 Thread 0x0000018fec43e230 Thread added: 0x0000018fec43e230
Event: 14.322 Thread 0x0000018fec441720 Thread added: 0x0000018fec441720
Event: 16.746 Thread 0x0000018fec43d3c0 Thread added: 0x0000018fec43d3c0
Event: 16.749 Thread 0x0000018fec43d890 Thread added: 0x0000018fec43d890
Event: 16.753 Thread 0x0000018fec43f0a0 Thread added: 0x0000018fec43f0a0
Event: 17.253 Thread 0x0000018fec43ca20 Thread added: 0x0000018fec43ca20
Event: 17.367 Thread 0x0000018fec43fa40 Thread added: 0x0000018fec43fa40
Event: 17.397 Thread 0x0000018fec43c550 Thread added: 0x0000018fec43c550
Event: 17.687 Thread 0x0000018fea7ed2a0 Thread exited: 0x0000018fea7ed2a0
Event: 17.693 Thread 0x0000018feacf7e70 Thread exited: 0x0000018feacf7e70
Event: 17.693 Thread 0x0000018fca8381a0 Thread exited: 0x0000018fca8381a0
Event: 17.693 Thread 0x0000018fec440d80 Thread added: 0x0000018fec440d80
Event: 46.789 Thread 0x0000018fec441bf0 Thread added: 0x0000018fec441bf0
Event: 46.789 Thread 0x0000018fec43f570 Thread added: 0x0000018fec43f570
Event: 46.949 Thread 0x0000018feb72b810 Thread added: 0x0000018feb72b810
Event: 47.293 Thread 0x0000018feb72b810 Thread exited: 0x0000018feb72b810
Event: 227.766 Thread 0x0000018fec43ca20 Thread exited: 0x0000018fec43ca20
Event: 228.387 Thread 0x0000018fec4420c0 Thread added: 0x0000018fec4420c0
Event: 314.554 Thread 0x0000018fec43ca20 Thread added: 0x0000018fec43ca20


Dynamic libraries:
0x00007ff6899d0000 - 0x00007ff6899de000 	C:\Users\Ravi Tiwari\.jdks\openjdk-18\bin\java.exe
0x00007ff9fca50000 - 0x00007ff9fcc45000 	C:\WINDOWS\SYSTEM32\ntdll.dll
0x00007ff9fc1d0000 - 0x00007ff9fc28d000 	C:\WINDOWS\System32\KERNEL32.DLL
0x00007ff9fa4e0000 - 0x00007ff9fa7ad000 	C:\WINDOWS\System32\KERNELBASE.dll
0x00007ff9fa2f0000 - 0x00007ff9fa3f0000 	C:\WINDOWS\System32\ucrtbase.dll
0x00007ff9e7660000 - 0x00007ff9e7677000 	C:\Users\Ravi Tiwari\.jdks\openjdk-18\bin\jli.dll
0x00007ff9da8a0000 - 0x00007ff9da8ba000 	C:\Users\Ravi Tiwari\.jdks\openjdk-18\bin\VCRUNTIME140.dll
0x00007ff9fc030000 - 0x00007ff9fc1d0000 	C:\WINDOWS\System32\USER32.dll
0x00007ff9fa2c0000 - 0x00007ff9fa2e2000 	C:\WINDOWS\System32\win32u.dll
0x00007ff9faaa0000 - 0x00007ff9faaca000 	C:\WINDOWS\System32\GDI32.dll
0x00007ff9fa990000 - 0x00007ff9faa9b000 	C:\WINDOWS\System32\gdi32full.dll
0x00007ff9fa860000 - 0x00007ff9fa8fd000 	C:\WINDOWS\System32\msvcp_win.dll
0x00007ff9e8d30000 - 0x00007ff9e8fca000 	C:\WINDOWS\WinSxS\amd64_microsoft.windows.common-controls_6595b64144ccf1df_6.0.19041.1110_none_60b5254171f9507e\COMCTL32.dll
0x00007ff9fad70000 - 0x00007ff9fae0e000 	C:\WINDOWS\System32\msvcrt.dll
0x00007ff9fc5d0000 - 0x00007ff9fc600000 	C:\WINDOWS\System32\IMM32.DLL
0x00007ff9f4aa0000 - 0x00007ff9f4aac000 	C:\Users\Ravi Tiwari\.jdks\openjdk-18\bin\vcruntime140_1.dll
0x00007ff9b5940000 - 0x00007ff9b59cd000 	C:\Users\Ravi Tiwari\.jdks\openjdk-18\bin\msvcp140.dll
0x00007ff98afe0000 - 0x00007ff98bbf1000 	C:\Users\Ravi Tiwari\.jdks\openjdk-18\bin\server\jvm.dll
0x00007ff9fae10000 - 0x00007ff9faebe000 	C:\WINDOWS\System32\ADVAPI32.dll
0x00007ff9fab80000 - 0x00007ff9fac1c000 	C:\WINDOWS\System32\sechost.dll
0x00007ff9fac40000 - 0x00007ff9fad65000 	C:\WINDOWS\System32\RPCRT4.dll
0x00007ff9fc010000 - 0x00007ff9fc018000 	C:\WINDOWS\System32\PSAPI.DLL
0x00007ff9e7190000 - 0x00007ff9e7199000 	C:\WINDOWS\SYSTEM32\WSOCK32.dll
0x00007ff9fc6e0000 - 0x00007ff9fc74b000 	C:\WINDOWS\System32\WS2_32.dll
0x00007ff9ee490000 - 0x00007ff9ee4b7000 	C:\WINDOWS\SYSTEM32\WINMM.dll
0x00007ff9ef800000 - 0x00007ff9ef80a000 	C:\WINDOWS\SYSTEM32\VERSION.dll
0x00007ff9f80b0000 - 0x00007ff9f80c2000 	C:\WINDOWS\SYSTEM32\kernel.appcore.dll
0x00007ff9f46f0000 - 0x00007ff9f46fa000 	C:\Users\Ravi Tiwari\.jdks\openjdk-18\bin\jimage.dll
0x00007ff9f6a40000 - 0x00007ff9f6c24000 	C:\WINDOWS\SYSTEM32\DBGHELP.DLL
0x00007ff9f17b0000 - 0x00007ff9f17dc000 	C:\WINDOWS\SYSTEM32\dbgcore.DLL
0x00007ff9fa900000 - 0x00007ff9fa982000 	C:\WINDOWS\System32\bcryptPrimitives.dll
0x00007ff9eec00000 - 0x00007ff9eec0e000 	C:\Users\Ravi Tiwari\.jdks\openjdk-18\bin\instrument.dll
0x00007ff9d9120000 - 0x00007ff9d9145000 	C:\Users\Ravi Tiwari\.jdks\openjdk-18\bin\java.dll
0x00007ff9b50c0000 - 0x00007ff9b5196000 	C:\Users\Ravi Tiwari\.jdks\openjdk-18\bin\jsvml.dll
0x00007ff9fb3e0000 - 0x00007ff9fbb24000 	C:\WINDOWS\System32\SHELL32.dll
0x00007ff9f8260000 - 0x00007ff9f89f4000 	C:\WINDOWS\SYSTEM32\windows.storage.dll
0x00007ff9fb080000 - 0x00007ff9fb3d4000 	C:\WINDOWS\System32\combase.dll
0x00007ff9f9af0000 - 0x00007ff9f9b1c000 	C:\WINDOWS\SYSTEM32\Wldp.dll
0x00007ff9faad0000 - 0x00007ff9fab7d000 	C:\WINDOWS\System32\SHCORE.dll
0x00007ff9fc570000 - 0x00007ff9fc5c5000 	C:\WINDOWS\System32\shlwapi.dll
0x00007ff9fa0a0000 - 0x00007ff9fa0bf000 	C:\WINDOWS\SYSTEM32\profapi.dll
0x00007ff9d8520000 - 0x00007ff9d8538000 	C:\Users\Ravi Tiwari\.jdks\openjdk-18\bin\zip.dll
0x00007ff9d8f60000 - 0x00007ff9d8f73000 	C:\Users\Ravi Tiwari\.jdks\openjdk-18\bin\net.dll
0x00007ff9efde0000 - 0x00007ff9efeea000 	C:\WINDOWS\SYSTEM32\WINHTTP.dll
0x00007ff9f9850000 - 0x00007ff9f98ba000 	C:\WINDOWS\system32\mswsock.dll
0x00007ff9d8ed0000 - 0x00007ff9d8ee6000 	C:\Users\Ravi Tiwari\.jdks\openjdk-18\bin\nio.dll
0x00007ff9d9060000 - 0x00007ff9d907a000 	C:\Program Files\JetBrains\IntelliJ IDEA Community Edition 2022.1\bin\breakgen64.dll
0x00007ff9edff0000 - 0x00007ff9ee000000 	C:\Users\Ravi Tiwari\.jdks\openjdk-18\bin\verify.dll
0x00007ff9edee0000 - 0x00007ff9edee9000 	C:\Users\Ravi Tiwari\.jdks\openjdk-18\bin\management.dll
0x00007ff9eded0000 - 0x00007ff9ededb000 	C:\Users\Ravi Tiwari\.jdks\openjdk-18\bin\management_ext.dll
0x00007ff9f9540000 - 0x00007ff9f957b000 	C:\WINDOWS\SYSTEM32\IPHLPAPI.DLL
0x00007ff9faec0000 - 0x00007ff9faec8000 	C:\WINDOWS\System32\NSI.dll
0x00007ff9f0450000 - 0x00007ff9f0467000 	C:\WINDOWS\SYSTEM32\dhcpcsvc6.DLL
0x00007ff9f1000000 - 0x00007ff9f101d000 	C:\WINDOWS\SYSTEM32\dhcpcsvc.DLL
0x00007ff9f9580000 - 0x00007ff9f964b000 	C:\WINDOWS\SYSTEM32\DNSAPI.dll
0x0000000059280000 - 0x00000000592a6000 	C:\Program Files\Bonjour\mdnsNSP.dll
0x00007ff9f2c50000 - 0x00007ff9f2c5a000 	C:\Windows\System32\rasadhlp.dll
0x00007ff9e8fe0000 - 0x00007ff9e9060000 	C:\WINDOWS\System32\fwpuclnt.dll
0x00007ff9fa4b0000 - 0x00007ff9fa4d7000 	C:\WINDOWS\System32\bcrypt.dll
0x00007ff9e56d0000 - 0x00007ff9e56e7000 	C:\WINDOWS\system32\napinsp.dll
0x00007ff9e56b0000 - 0x00007ff9e56cb000 	C:\WINDOWS\system32\pnrpnsp.dll
0x00007ff9f5180000 - 0x00007ff9f5195000 	C:\WINDOWS\system32\wshbth.dll
0x00007ff9f18c0000 - 0x00007ff9f18dd000 	C:\WINDOWS\system32\NLAapi.dll
0x00007ff9e4cd0000 - 0x00007ff9e4ce2000 	C:\WINDOWS\System32\winrnr.dll
0x00007ff9f9a40000 - 0x00007ff9f9a58000 	C:\WINDOWS\SYSTEM32\CRYPTSP.dll
0x00007ff9f91d0000 - 0x00007ff9f9204000 	C:\WINDOWS\system32\rsaenh.dll
0x00007ff9fa060000 - 0x00007ff9fa08e000 	C:\WINDOWS\SYSTEM32\USERENV.dll
0x00007ff9f9a60000 - 0x00007ff9f9a6c000 	C:\WINDOWS\SYSTEM32\CRYPTBASE.dll

dbghelp: loaded successfully - version: 4.0.5 - missing functions: none
symbol engine: initialized successfully - sym options: 0x614 - pdb path: .;C:\Users\Ravi Tiwari\.jdks\openjdk-18\bin;C:\WINDOWS\SYSTEM32;C:\WINDOWS\WinSxS\amd64_microsoft.windows.common-controls_6595b64144ccf1df_6.0.19041.1110_none_60b5254171f9507e;C:\Users\Ravi Tiwari\.jdks\openjdk-18\bin\server;C:\Program Files\JetBrains\IntelliJ IDEA Community Edition 2022.1\bin;C:\Program Files\Bonjour

VM Arguments:
jvm_args: -javaagent:C:\Program Files\JetBrains\IntelliJ IDEA Community Edition 2022.1\lib\idea_rt.jar=52443:C:\Program Files\JetBrains\IntelliJ IDEA Community Edition 2022.1\bin -Dfile.encoding=UTF-8 
java_command: com.flight.apigateway.ApiGatewayApplication
java_class_path (initial): C:\Users\Ravi Tiwari\Desktop\Capgemini\Case Study\api-gateway\target\classes;C:\Users\Ravi Tiwari\.m2\repository\org\springframework\boot\spring-boot-starter-actuator\2.3.4.RELEASE\spring-boot-starter-actuator-2.3.4.RELEASE.jar;C:\Users\Ravi Tiwari\.m2\repository\org\springframework\boot\spring-boot-starter\2.3.4.RELEASE\spring-boot-starter-2.3.4.RELEASE.jar;C:\Users\Ravi Tiwari\.m2\repository\org\springframework\boot\spring-boot-starter-logging\2.3.4.RELEASE\spring-boot-starter-logging-2.3.4.RELEASE.jar;C:\Users\Ravi Tiwari\.m2\repository\ch\qos\logback\logback-classic\1.2.3\logback-classic-1.2.3.jar;C:\Users\Ravi Tiwari\.m2\repository\ch\qos\logback\logback-core\1.2.3\logback-core-1.2.3.jar;C:\Users\Ravi Tiwari\.m2\repository\org\apache\logging\log4j\log4j-to-slf4j\2.13.3\log4j-to-slf4j-2.13.3.jar;C:\Users\Ravi Tiwari\.m2\repository\org\apache\logging\log4j\log4j-api\2.13.3\log4j-api-2.13.3.jar;C:\Users\Ravi Tiwari\.m2\repository\org\slf4j\jul-to-slf4j\1.7.30\jul-to-slf4j-1.7.30.jar;C:\Users\Ravi Tiwari\.m2\repository\jakarta\annotation\jakarta.annotation-api\1.3.5\jakarta.annotation-api-1.3.5.jar;C:\Users\Ravi Tiwari\.m2\repository\org\yaml\snakeyaml\1.26\snakeyaml-1.26.jar;C:\Users\Ravi Tiwari\.m2\repository\org\springframework\boot\spring-boot-actuator-autoconfigure\2.3.4.RELEASE\spring-boot-actuator-autoconfigure-2.3.4.RELEASE.jar;C:\Users\Ravi Tiwari\.m2\repository\org\springframework\boot\spring-boot-actuator\2.3.4.RELEASE\spring-boot-actuator-2.3.4.RELEASE.jar;C:\Users\Ravi Tiwari\.m2\repository\com\fasterxml\jackson\core\jackson-databind\2.11.2\jackson-databind-2.11.2.jar;C:\Users\Ravi Tiwari\.m2\repository\com\fasterxml\jackson\datatype\jackson-datatype-jsr310\2.11.2\jackson-datatype-jsr310-2.11.2.jar;C:\Users\Ravi Tiwari\.m2\repository\io\micrometer\micrometer-core\1.5.5\micrometer-core-1.5.5.jar;C:\Users\Ravi Tiwari\.m2\repository\org\hdrhistogram\HdrHistogram\2.1.12\HdrHistogram-2.1.12.jar;C:\Users\Ravi Tiwari\.m2\repository\org\latencyutils\LatencyUtils\2.0.3\LatencyUtils-2.0.3.jar;C:\Users\Ravi Tiwari\.m2\repository\org\springframework\cloud\spring-cloud-starter-gateway\2.2.5.RELEASE\spring-cloud-starter-gateway-2.2.5.RELEASE.jar;C:\Users\Ravi Tiwari\.m2\repository\org\springframework\cloud\spring-cloud-starter\2.2.5.RELEASE\spring-cloud-starter-2.2.5.RELEASE.jar;C:\Users\Ravi Tiwari\.m2\repository\org\springframework\cloud\spring-cloud-context\2.2.5.RELEASE\spring-cloud-context-2.2.5.RELEASE.jar;C:\Users\Ravi Tiwari\.m2\repository\org\springframework\security\spring-security-crypto\5.3.4.RELEASE\spring-security-crypto-5.3.4.RELEASE.jar;C:\Users\Ravi Tiwari\.m2\repository\org\springframework\cloud\spring-cloud-commons\2.2.5.RELEASE\spring-cloud-commons-2.2.5.RELEASE.jar;C:\Users\Ravi Tiwari\.m2\repository\org\springframework\security\spring-security-rsa\1.0.9.RELEASE\spring-security-rsa-1.0.9.RELEASE.jar;C:\Users\Ravi Tiwari\.m2\repository\org\bouncycastle\bcpkix-jdk15on\1.64\bcpkix-jdk15on-1.64.jar;C:\Users\Ravi Tiwari\.m2\repository\org\bouncycastle\bcprov-jdk15on\1.64\bcprov-jdk15on-1.64.jar;C:\Users\Ravi Tiwari\.m2\repository\org\springframework\cloud\spring-cloud-gateway-core\2.2.5.RELEASE\spring-cloud-gateway-core-2.2.5.RELEASE.jar;C:\Users\Ravi Tiwari\.m2\repository\org\springframework\boot\spring-boot-starter-validation\2.3.4.RELEASE\spring-boot-starter-validation-2.3.4.RELEASE.jar;C:\Users\Ravi Tiwari\.m2\repository\org\glassfish\jakarta.el\3.0.3\jakarta.el-3.0.3.jar;C:\Users\Ravi Tiwari\.m2\repository\org\hibernate\validator\hibernate-validator\6.1.5.Final\hibernate-validator-6.1.5.Final.jar;C:\Users\Ravi Tiwari\.m2\repository\jakarta\validation\jakarta.validation-api\2.0.2\jakarta.validation-api-2.0.2.jar;C:\Users\Ravi Tiwari\.m2\repository\org\jboss\logging\jboss-logging\3.4.1.Final\jboss-logging-3.4.1.Final.jar;C:\Users\Ravi Tiwari\.m2\repository\com\fasterxml\classmate\1.5.1\classmate-1.5.1.jar;C:\Users\Ravi Tiwari\.m2\repository\io\projectreactor\addons\reactor-extra\3.3.4.RELEASE\reactor-extra-3.3.4.RELEASE.jar;C:\Users\Ravi Tiwari\.m2\repository\io\projectreactor\reactor-core\3.3.10.RELEASE\reactor-core-3.3.10.RELEASE.jar;C:\Users\Ravi Tiwari\.m2\repository\org\reactivestreams\reactive-streams\1.0.3\reactive-streams-1.0.3.jar;C:\Users\Ravi Tiwari\.m2\repository\org\springframework\boot\spring-boot-starter-webflux\2.3.4.RELEASE\spring-boot-starter-webflux-2.3.4.RELEASE.jar;C:\Users\Ravi Tiwari\.m2\repository\org\springframework\boot\spring-boot-starter-json\2.3.4.RELEASE\spring-boot-starter-json-2.3.4.RELEASE.jar;C:\Users\Ravi Tiwari\.m2\repository\com\fasterxml\jackson\datatype\jackson-datatype-jdk8\2.11.2\jackson-datatype-jdk8-2.11.2.jar;C:\Users\Ravi Tiwari\.m2\repository\com\fasterxml\jackson\module\jackson-module-parameter-names\2.11.2\jackson-module-parameter-names-2.11.2.jar;C:\Users\Ravi Tiwari\.m2\repository\org\springframework\boot\spring-boot-starter-reactor-netty\2.3.4.RELEASE\spring-boot-starter-reactor-netty-2.3.4.RELEASE.jar;C:\Users\Ravi Tiwari\.m2\repository\io\projectreactor\netty\reactor-netty\0.9.12.RELEASE\reactor-netty-0.9.12.RELEASE.jar;C:\Users\Ravi Tiwari\.m2\repository\io\netty\netty-codec-http\4.1.52.Final\netty-codec-http-4.1.52.Final.jar;C:\Users\Ravi Tiwari\.m2\repository\io\netty\netty-common\4.1.52.Final\netty-common-4.1.52.Final.jar;C:\Users\Ravi Tiwari\.m2\repository\io\netty\netty-buffer\4.1.52.Final\netty-buffer-4.1.52.Final.jar;C:\Users\Ravi Tiwari\.m2\repository\io\netty\netty-transport\4.1.52.Final\netty-transport-4.1.52.Final.jar;C:\Users\Ravi Tiwari\.m2\repository\io\netty\netty-codec\4.1.52.Final\netty-codec-4.1.52.Final.jar;C:\Users\Ravi Tiwari\.m2\repository\io\netty\netty-codec-http2\4.1.52.Final\netty-codec-http2-4.1.52.Final.jar;C:\Users\Ravi Tiwari\.m2\repository\io\netty\netty-handler\4.1.52.Final\netty-handler-4.1.52.Final.jar;C:\Users\Ravi Tiwari\.m2\repository\io\netty\netty-resolver\4.1.52.Final\netty-resolver-4.1.52.Final.jar;C:\Users\Ravi Tiwari\.m2\repository\io\netty\netty-handler-proxy\4.1.52.Final\netty-handler-proxy-4.1.52.Final.jar;C:\Users\Ravi Tiwari\.m2\repository\io\netty\netty-codec-socks\4.1.52.Final\netty-codec-socks-4.1.52.Final.jar;C:\Users\Ravi Tiwari\.m2\repository\io\netty\netty-transport-native-epoll\4.1.52.Final\netty-transport-native-epoll-4.1.52.Final-linux-x86_64.jar;C:\Users\Ravi Tiwari\.m2\repository\io\netty\netty-transport-native-unix-common\4.1.52.Final\netty-transport-native-unix-common-4.1.52.Final.jar;C:\Users\Ravi Tiwari\.m2\repository\org\springframework\spring-web\5.2.9.RELEASE\spring-web-5.2.9.RELEASE.jar;C:\Users\Ravi Tiwari\.m2\repository\org\springframework\spring-beans\5.2.9.RELEASE\spring-beans-5.2.9.RELEASE.jar;C:\Users\Ravi Tiwari\.m2\repository\org\springframework\spring-webflux\5.2.9.RELEASE\spring-webflux-5.2.9.RELEASE.jar;C:\Users\Ravi Tiwari\.m2\repository\org\synchronoss\cloud\nio-multipart-parser\1.1.0\nio-multipart-parser-1.1.0.jar;C:\Users\Ravi Tiwari\.m2\repository\org\synchronoss\cloud\nio-stream-storage\1.1.3\nio-stream-storage-1.1.3.jar;C:\Users\Ravi Tiwari\.m2\repository\org\springframework\boot\spring-boot-devtools\2.3.4.RELEASE\spring-boot-devtools-2.3.4.RELEASE.jar;C:\Users\Ravi Tiwari\.m2\repository\org\springframework\boot\spring-boot\2.3.4.RELEASE\spring-boot-2.3.4.RELEASE.jar;C:\Users\Ravi Tiwari\.m2\repository\org\springframework\spring-context\5.2.9.RELEASE\spring-context-5.2.9.RELEASE.jar;C:\Users\Ravi Tiwari\.m2\repository\org\springframework\spring-aop\5.2.9.RELEASE\spring-aop-5.2.9.RELEASE.jar;C:\Users\Ravi Tiwari\.m2\repository\org\springframework\spring-expression\5.2.9.RELEASE\spring-expression-5.2.9.RELEASE.jar;C:\Users\Ravi Tiwari\.m2\repository\org\springframework\boot\spring-boot-autoconfigure\2.3.4.RELEASE\spring-boot-autoconfigure-2.3.4.RELEASE.jar;C:\Users\Ravi Tiwari\.m2\repository\org\slf4j\slf4j-api\1.7.30\slf4j-api-1.7.30.jar;C:\Users\Ravi Tiwari\.m2\repository\org\springframework\spring-core\5.2.9.RELEASE\spring-core-5.2.9.RELEASE.jar;C:\Users\Ravi Tiwari\.m2\repository\org\springframework\spring-jcl\5.2.9.RELEASE\spring-jcl-5.2.9.RELEASE.jar;C:\Users\Ravi Tiwari\.m2\repository\org\springframework\cloud\spring-cloud-starter-netflix-eureka-client\2.2.5.RELEASE\spring-cloud-starter-netflix-eureka-client-2.2.5.RELEASE.jar;C:\Users\Ravi Tiwari\.m2\repository\org\springframework\cloud\spring-cloud-netflix-hystrix\2.2.5.RELEASE\spring-cloud-netflix-hystrix-2.2.5.RELEASE.jar;C:\Users\Ravi Tiwari\.m2\repository\org\springframework\boot\spring-boot-starter-aop\2.3.4.RELEASE\spring-boot-starter-aop-2.3.4.RELEASE.jar;C:\Users\Ravi Tiwari\.m2\repository\org\aspectj\aspectjweaver\1.9.6\aspectjweaver-1.9.6.jar;C:\Users\Ravi Tiwari\.m2\repository\org\springframework\cloud\spring-cloud-netflix-eureka-client\2.2.5.RELEASE\spring-cloud-netflix-eureka-client-2.2.5.RELEASE.jar;C:\Users\Ravi Tiwari\.m2\repository\com\netflix\eureka\eureka-client\1.9.25\eureka-client-1.9.25.jar;C:\Users\Ravi Tiwari\.m2\repository\org\codehaus\jettison\jettison\1.3.7\jettison-1.3.7.jar;C:\Users\Ravi Tiwari\.m2\repository\stax\stax-api\1.0.1\stax-api-1.0.1.jar;C:\Users\Ravi Tiwari\.m2\repository\com\netflix\netflix-commons\netflix-eventbus\0.3.0\netflix-eventbus-0.3.0.jar;C:\Users\Ravi Tiwari\.m2\repository\com\netflix\netflix-commons\netflix-infix\0.3.0\netflix-infix-0.3.0.jar;C:\Users\Ravi Tiwari\.m2\repository\commons-jxpath\commons-jxpath\1.3\commons-jxpath-1.3.jar;C:\Users\Ravi Tiwari\.m2\repository\joda-time\joda-time\2.3\joda-time-2.3.jar;C:\Users\Ravi Tiwari\.m2\repository\org\antlr\antlr-runtime\3.4\antlr-runtime-3.4.jar;C:\Users\Ravi Tiwari\.m2\repository\org\antlr\stringtemplate\3.2.1\stringtemplate-3.2.1.jar;C:\Users\Ravi Tiwari\.m2\repository\antlr\antlr\2.7.7\antlr-2.7.7.jar;C:\Users\Ravi Tiwari\.m2\repository\com\google\code\gson\gson\2.8.6\gson-2.8.6.jar;C:\Users\Ravi Tiwari\.m2\repository\org\apache\commons\commons-math\2.2\commons-math-2.2.jar;C:\Users\Ravi Tiwari\.m2\repository\com\netflix\archaius\archaius-core\0.7.6\archaius-core-0.7.6.jar;C:\Users\Ravi Tiwari\.m2\repository\com\google\guava\guava\29.0-jre\guava-29.0-jre.jar;C:\Users\Ravi Tiwari\.m2\repository\com\google\guava\failureaccess\1.0.1\failureaccess-1.0.1.jar;C:\Users\Ravi Tiwari\.m2\repository\com\google\guava\listenablefuture\9999.0-empty-to-avoid-conflict-with-guava\listenablefuture-9999.0-empty-to-avoid-conflict-with-guava.jar;C:\Users\Ravi Tiwari\.m2\repository\org\checkerframework\checker-qual\2.11.1\checker-qual-2.11.1.jar;C:\Users\Ravi Tiwari\.m2\repository\com\google\errorprone\error_prone_annotations\2.3.4\error_prone_annotations-2.3.4.jar;C:\Users\Ravi Tiwari\.m2\repository\com\google\j2objc\j2objc-annotations\1.3\j2objc-annotations-1.3.jar;C:\Users\Ravi Tiwari\.m2\repository\javax\ws\rs\jsr311-api\1.1.1\jsr311-api-1.1.1.jar;C:\Users\Ravi Tiwari\.m2\repository\com\netflix\servo\servo-core\0.12.21\servo-core-0.12.21.jar;C:\Users\Ravi Tiwari\.m2\repository\org\apache\httpcomponents\httpclient\4.5.12\httpclient-4.5.12.jar;C:\Users\Ravi Tiwari\.m2\repository\org\apache\httpcomponents\httpcore\4.4.13\httpcore-4.4.13.jar;C:\Users\Ravi Tiwari\.m2\repository\commons-codec\commons-codec\1.14\commons-codec-1.14.jar;C:\Users\Ravi Tiwari\.m2\repository\commons-configuration\commons-configuration\1.10\commons-configuration-1.10.jar;C:\Users\Ravi Tiwari\.m2\repository\commons-lang\commons-lang\2.6\commons-lang-2.6.jar;C:\Users\Ravi Tiwari\.m2\repository\com\google\inject\guice\4.1.0\guice-4.1.0.jar;C:\Users\Ravi Tiwari\.m2\repository\javax\inject\javax.inject\1\javax.inject-1.jar;C:\Users\Ravi Tiwari\.m2\repository\aopalliance\aopalliance\1.0\aopalliance-1.0.jar;C:\Users\Ravi Tiwari\.m2\repository\com\fasterxml\jackson\core\jackson-annotations\2.11.2\jackson-annotations-2.11.2.jar;C:\Users\Ravi Tiwari\.m2\repository\com\fasterxml\jackson\core\jackson-core\2.11.2\jackson-core-2.11.2.jar;C:\Users\Ravi Tiwari\.m2\repository\com\netflix\eureka\eureka-core\1.9.25\eureka-core-1.9.25.jar;C:\Users\Ravi Tiwari\.m2\repository\com\fasterxml\woodstox\woodstox-core\5.3.0\woodstox-core-5.3.0.jar;C:\Users\Ravi Tiwari\.m2\repository\org\codehaus\woodstox\stax2-api\4.2\stax2-api-4.2.jar;C:\Users\Ravi Tiwari\.m2\repository\org\springframework\cloud\spring-cloud-starter-netflix-archaius\2.2.5.RELEASE\spring-cloud-starter-netflix-archaius-2.2.5.RELEASE.jar;C:\Users\Ravi Tiwari\.m2\repository\org\springframework\cloud\spring-cloud-netflix-ribbon\2.2.5.RELEASE\spring-cloud-netflix-ribbon-2.2.5.RELEASE.jar;C:\Users\Ravi Tiwari\.m2\repository\org\springframework\cloud\spring-cloud-netflix-archaius\2.2.5.RELEASE\spring-cloud-netflix-archaius-2.2.5.RELEASE.jar;C:\Users\Ravi Tiwari\.m2\repository\org\springframework\cloud\spring-cloud-starter-netflix-ribbon\2.2.5.RELEASE\spring-cloud-starter-netflix-ribbon-2.2.5.RELEASE.jar;C:\Users\Ravi Tiwari\.m2\repository\com\netflix\ribbon\ribbon\2.3.0\ribbon-2.3.0.jar;C:\Users\Ravi Tiwari\.m2\repository\com\netflix\ribbon\ribbon-transport\2.3.0\ribbon-transport-2.3.0.jar;C:\Users\Ravi Tiwari\.m2\repository\io\reactivex\rxnetty-contexts\0.4.9\rxnetty-contexts-0.4.9.jar;C:\Users\Ravi Tiwari\.m2\repository\io\reactivex\rxnetty-servo\0.4.9\rxnetty-servo-0.4.9.jar;C:\Users\Ravi Tiwari\.m2\repository\com\netflix\hystrix\hystrix-core\1.5.18\hystrix-core-1.5.18.jar;C:\Users\Ravi Tiwari\.m2\repository\io\reactivex\rxnetty\0.4.9\rxnetty-0.4.9.jar;C:\Users\Ravi Tiwari\.m2\repository\com\netflix\ribbon\ribbon-core\2.3.0\ribbon-core-2.3.0.jar;C:\Users\Ravi Tiwari\.m2\repository\com\netflix\ribbon\ribbon-httpclient\2.3.0\ribbon-httpclient-2.3.0.jar;C:\Users\Ravi Tiwari\.m2\repository\commons-collections\commons-collections\3.2.2\commons-collections-3.2.2.jar;C:\Users\Ravi Tiwari\.m2\repository\com\netflix\netflix-commons\netflix-commons-util\0.3.0\netflix-commons-util-0.3.0.jar;C:\Users\Ravi Tiwari\.m2\repository\com\netflix\ribbon\ribbon-loadbalancer\2.3.0\ribbon-loadbalancer-2.3.0.jar;C:\Users\Ravi Tiwari\.m2\repository\com\netflix\netflix-commons\netflix-statistics\0.1.1\netflix-statistics-0.1.1.jar;C:\Users\Ravi Tiwari\.m2\repository\io\reactivex\rxjava\1.3.8\rxjava-1.3.8.jar;C:\Users\Ravi Tiwari\.m2\repository\org\springframework\cloud\spring-cloud-starter-loadbalancer\2.2.5.RELEASE\spring-cloud-starter-loadbalancer-2.2.5.RELEASE.jar;C:\Users\Ravi Tiwari\.m2\repository\org\springframework\cloud\spring-cloud-loadbalancer\2.2.5.RELEASE\spring-cloud-loadbalancer-2.2.5.RELEASE.jar;C:\Users\Ravi Tiwari\.m2\repository\org\springframework\boot\spring-boot-starter-cache\2.3.4.RELEASE\spring-boot-starter-cache-2.3.4.RELEASE.jar;C:\Users\Ravi Tiwari\.m2\repository\org\springframework\spring-context-support\5.2.9.RELEASE\spring-context-support-5.2.9.RELEASE.jar;C:\Users\Ravi Tiwari\.m2\repository\com\stoyanr\evictor\1.0.0\evictor-1.0.0.jar;C:\Users\Ravi Tiwari\.m2\repository\com\netflix\ribbon\ribbon-eureka\2.3.0\ribbon-eureka-2.3.0.jar;C:\Users\Ravi Tiwari\.m2\repository\com\thoughtworks\xstream\xstream\1.4.11.1\xstream-1.4.11.1.jar;C:\Users\Ravi Tiwari\.m2\repository\xmlpull\xmlpull\1.1.3.1\xmlpull-1.1.3.1.jar;C:\Users\Ravi Tiwari\.m2\repository\xpp3\xpp3_min\1.1.4c\xpp3_min-1.1.4c.jar
Launcher Type: SUN_STANDARD

[Global flags]
     intx CICompilerCount                          = 3                                         {product} {ergonomic}
     uint ConcGCThreads                            = 1                                         {product} {ergonomic}
     uint G1ConcRefinementThreads                  = 4                                         {product} {ergonomic}
   size_t G1HeapRegionSize                         = 1048576                                   {product} {ergonomic}
    uintx GCDrainStackTargetSize                   = 64                                        {product} {ergonomic}
   size_t InitialHeapSize                          = 67108864                                  {product} {ergonomic}
   size_t MarkStackSize                            = 4194304                                   {product} {ergonomic}
   size_t MaxHeapSize                              = 1046478848                                {product} {ergonomic}
   size_t MaxNewSize                               = 627048448                                 {product} {ergonomic}
   size_t MinHeapDeltaBytes                        = 1048576                                   {product} {ergonomic}
   size_t MinHeapSize                              = 8388608                                   {product} {ergonomic}
    uintx NonNMethodCodeHeapSize                   = 5832780                                {pd product} {ergonomic}
    uintx NonProfiledCodeHeapSize                  = 122912730                              {pd product} {ergonomic}
    uintx ProfiledCodeHeapSize                     = 122912730                              {pd product} {ergonomic}
    uintx ReservedCodeCacheSize                    = 251658240                              {pd product} {ergonomic}
     bool SegmentedCodeCache                       = true                                      {product} {ergonomic}
   size_t SoftMaxHeapSize                          = 1046478848                             {manageable} {ergonomic}
     bool UseCompressedClassPointers               = true                           {product lp64_product} {ergonomic}
     bool UseCompressedOops                        = true                           {product lp64_product} {ergonomic}
     bool UseG1GC                                  = true                                      {product} {ergonomic}
     bool UseLargePagesIndividualAllocation        = false                                  {pd product} {ergonomic}

Logging:
Log output configuration:
 #0: stdout all=warning uptime,level,tags foldmultilines=false
 #1: stderr all=off uptime,level,tags foldmultilines=false

Environment Variables:
JAVA_HOME=C:\Program Files\Java\jdk-17.0.1
PATH=C:\Program Files\Common Files\Oracle\Java\javapath;C:\WINDOWS\system32;C:\WINDOWS;C:\WINDOWS\System32\Wbem;C:\WINDOWS\System32\WindowsPowerShell\v1.0\;C:\WINDOWS\System32\OpenSSH\;C:\Program Files\Git\cmd;C:\Program Files\nodejs\;C:\Users\Ravi Tiwari\AppData\Local\Microsoft\WindowsApps;C:\Windows\System32\cmd.exe;C:\Program Files\MongoDB\Server\5.0\bin;C:\Users\Ravi Tiwari\AppData\Local\Programs\mongosh\;C:\Users\Ravi Tiwari\Downloads\mongosh-1.1.7-win32-x64\mongosh-1.1.7-win32-x64\bin;C:\Program Files\MongoDB\Server\5.0\tools;C:\Program Files\Java\jdk-17.0.1\bin;C:\Users\Ravi Tiwari\AppData\Local\Programs\Microsoft VS Code\bin;C:\Users\Ravi Tiwari\AppData\Local\GitHubDesktop\bin;C:\Users\Ravi Tiwari\AppData\Roaming\npm;;C:\Program Files\JetBrains\IntelliJ IDEA Community Edition 2022.1\bin;
USERNAME=Ravi Tiwari
OS=Windows_NT
PROCESSOR_IDENTIFIER=Intel64 Family 6 Model 61 Stepping 4, GenuineIntel



---------------  S Y S T E M  ---------------

OS:
 Windows 10 , 64 bit Build 19041 (10.0.19041.1706)
OS uptime: 5 days 13:46 hours

CPU: total 4 (initial active 4) (2 cores per cpu, 2 threads per core) family 6 model 61 stepping 4 microcode 0x2d, cx8, cmov, fxsr, ht, mmx, 3dnowpref, sse, sse2, sse3, ssse3, sse4.1, sse4.2, popcnt, lzcnt, tsc, tscinvbit, avx, avx2, aes, erms, clmul, bmi1, bmi2, rtm, adx, fma, vzeroupper, clflush

Memory: 4k page, system-wide physical 3987M (345M free)
TotalPageFile size 11766M (AvailPageFile size 4M)
current process WorkingSet (physical memory assigned to process): 52M, peak: 212M
current process commit charge ("private bytes"): 233M, peak: 246M

vm_info: OpenJDK 64-Bit Server VM (18+36-2087) for windows-amd64 JRE (18+36-2087), built on Feb 15 2022 09:37:35 by "mach5one" with MS VC++ 16.8 / 16.9 (VS2019)

END.
