#
# There is insufficient memory for the Java Runtime Environment to continue.
# Native memory allocation (malloc) failed to allocate 226256 bytes for Chunk::new
# Possible reasons:
#   The system is out of physical RAM or swap space
#   The process is running with CompressedOops enabled, and the Java Heap may be blocking the growth of the native heap
# Possible solutions:
#   Reduce memory load on the system
#   Increase physical memory or swap space
#   Check if swap backing store is full
#   Decrease Java heap size (-Xmx/-Xms)
#   Decrease number of Java threads
#   Decrease Java thread stack sizes (-Xss)
#   Set larger code cache with -XX:ReservedCodeCacheSize=
#   JVM is running with Unscaled Compressed Oops mode in which the Java heap is
#     placed in the first 4GB address space. The Java Heap base address is the
#     maximum limit for the native heap growth. Please use -XX:HeapBaseMinAddress
#     to set the Java Heap base and to place the Java Heap above 4GB virtual address.
# This output file may be truncated or incomplete.
#
#  Out of Memory Error (arena.cpp:184), pid=9648, tid=10184
#
# JRE version: OpenJDK Runtime Environment (18.0+36) (build 18+36-2087)
# Java VM: OpenJDK 64-Bit Server VM (18+36-2087, mixed mode, sharing, tiered, compressed oops, compressed class ptrs, g1 gc, windows-amd64)
# No core dump will be written. Minidumps are not enabled by default on client versions of Windows
#

---------------  S U M M A R Y ------------

Command Line: -javaagent:C:\Program Files\JetBrains\IntelliJ IDEA Community Edition 2022.1\lib\idea_rt.jar=55331:C:\Program Files\JetBrains\IntelliJ IDEA Community Edition 2022.1\bin -Dfile.encoding=UTF-8 com.flight.passengerdetails.PassengerDetailsApplication

Host: Intel(R) Core(TM) i7-5600U CPU @ 2.60GHz, 4 cores, 3G,  Windows 10 , 64 bit Build 19041 (10.0.19041.1706)
Time: Fri May 20 13:12:29 2022 India Standard Time elapsed time: 1.679412 seconds (0d 0h 0m 1s)

---------------  T H R E A D  ---------------

Current thread (0x0000021c707eeab0):  JavaThread "C2 CompilerThread0" daemon [_thread_in_native, id=10184, stack(0x0000007a7a900000,0x0000007a7aa00000)]


Current CompileTask:
C2:   1679  771       4       java.util.HashMap::resize (356 bytes)

Stack: [0x0000007a7a900000,0x0000007a7aa00000]
Native frames: (J=compiled Java code, j=interpreted, Vv=VM code, C=native code)
V  [jvm.dll+0x69804a]
V  [jvm.dll+0x7f308d]
V  [jvm.dll+0x7f499e]
V  [jvm.dll+0x7f5053]
V  [jvm.dll+0x25ca3f]
V  [jvm.dll+0xb8c2f]
V  [jvm.dll+0xb8fa5]
V  [jvm.dll+0x385a31]
V  [jvm.dll+0x34f811]
V  [jvm.dll+0x34ecaa]
V  [jvm.dll+0x22fc21]
V  [jvm.dll+0x22eff1]
V  [jvm.dll+0x1b9cfc]
V  [jvm.dll+0x23e8ca]
V  [jvm.dll+0x23cbac]
V  [jvm.dll+0x7a5781]
V  [jvm.dll+0x79fbba]
V  [jvm.dll+0x696ef5]
C  [ucrtbase.dll+0x21bb2]
C  [KERNEL32.DLL+0x17034]
C  [ntdll.dll+0x52651]


---------------  P R O C E S S  ---------------

Threads class SMR info:
_java_thread_list=0x0000021c7d0b31a0, length=13, elements={
0x0000021c7072f260, 0x0000021c707ce8b0, 0x0000021c707d01d0, 0x0000021c707e6df0,
0x0000021c707e86b0, 0x0000021c707e9700, 0x0000021c707ea0f0, 0x0000021c707eeab0,
0x0000021c7c9e1d40, 0x0000021c7c9fe230, 0x0000021c7cbe54a0, 0x0000021c7d02c9f0,
0x0000021c7cfb8510
}

Java Threads: ( => current thread )
  0x0000021c7072f260 JavaThread "main" [_thread_in_vm, id=13920, stack(0x0000007a79c00000,0x0000007a79d00000)]
  0x0000021c707ce8b0 JavaThread "Reference Handler" daemon [_thread_blocked, id=2532, stack(0x0000007a7a300000,0x0000007a7a400000)]
  0x0000021c707d01d0 JavaThread "Finalizer" daemon [_thread_blocked, id=9968, stack(0x0000007a7a400000,0x0000007a7a500000)]
  0x0000021c707e6df0 JavaThread "Signal Dispatcher" daemon [_thread_blocked, id=3520, stack(0x0000007a7a500000,0x0000007a7a600000)]
  0x0000021c707e86b0 JavaThread "Attach Listener" daemon [_thread_blocked, id=9640, stack(0x0000007a7a600000,0x0000007a7a700000)]
  0x0000021c707e9700 JavaThread "Service Thread" daemon [_thread_blocked, id=9004, stack(0x0000007a7a700000,0x0000007a7a800000)]
  0x0000021c707ea0f0 JavaThread "Monitor Deflation Thread" daemon [_thread_blocked, id=14124, stack(0x0000007a7a800000,0x0000007a7a900000)]
=>0x0000021c707eeab0 JavaThread "C2 CompilerThread0" daemon [_thread_in_native, id=10184, stack(0x0000007a7a900000,0x0000007a7aa00000)]
  0x0000021c7c9e1d40 JavaThread "C1 CompilerThread0" daemon [_thread_in_native, id=15156, stack(0x0000007a7aa00000,0x0000007a7ab00000)]
  0x0000021c7c9fe230 JavaThread "Sweeper thread" daemon [_thread_blocked, id=4824, stack(0x0000007a7ab00000,0x0000007a7ac00000)]
  0x0000021c7cbe54a0 JavaThread "Common-Cleaner" daemon [_thread_blocked, id=4720, stack(0x0000007a7ac00000,0x0000007a7ad00000)]
  0x0000021c7d02c9f0 JavaThread "Monitor Ctrl-Break" daemon [_thread_in_native, id=3692, stack(0x0000007a7ad00000,0x0000007a7ae00000)]
  0x0000021c7cfb8510 JavaThread "Notification Thread" daemon [_thread_blocked, id=7024, stack(0x0000007a7ae00000,0x0000007a7af00000)]

Other Threads:
  0x0000021c707cb200 VMThread "VM Thread" [stack: 0x0000007a7a200000,0x0000007a7a300000] [id=6356]
  0x0000021c7d03b810 WatcherThread "VM Periodic Task Thread" [stack: 0x0000007a7af00000,0x0000007a7b000000] [id=12632]
  0x0000021c7076efd0 WorkerThread "GC Thread#0" [stack: 0x0000007a79d00000,0x0000007a79e00000] [id=11564]
  0x0000021c7d2492e0 WorkerThread "GC Thread#1" [stack: 0x0000007a7b000000,0x0000007a7b100000] [id=7416]
  0x0000021c7d2862e0 WorkerThread "GC Thread#2" [stack: 0x0000007a7b100000,0x0000007a7b200000] [id=5564]
  0x0000021c7d284600 WorkerThread "GC Thread#3" [stack: 0x0000007a7b200000,0x0000007a7b300000] [id=15184]
  0x0000021c70778ee0 ConcurrentGCThread "G1 Main Marker" [stack: 0x0000007a79e00000,0x0000007a79f00000] [id=12304]
  0x0000021c7077af90 WorkerThread "G1 Conc#0" [stack: 0x0000007a79f00000,0x0000007a7a000000] [id=14992]
  0x0000021c707a40e0 ConcurrentGCThread "G1 Refine#0" [stack: 0x0000007a7a000000,0x0000007a7a100000] [id=5736]
  0x0000021c7d265e00 ConcurrentGCThread "G1 Refine#1" [stack: 0x0000007a7b300000,0x0000007a7b400000] [id=9808]
  0x0000021c707a4900 ConcurrentGCThread "G1 Service" [stack: 0x0000007a7a100000,0x0000007a7a200000] [id=11332]

Threads with active compile tasks:
C2 CompilerThread0     1707  771       4       java.util.HashMap::resize (356 bytes)
C1 CompilerThread0     1707  798       3       java.net.URLStreamHandler::parseURL (1124 bytes)

VM state: not at safepoint (normal execution)

VM Mutex/Monitor currently owned by a thread: None

Heap address: 0x00000000c1a00000, size: 998 MB, Compressed Oops mode: 32-bit

CDS archive(s) mapped at: [0x0000000800000000-0x0000000800b90000-0x0000000800b90000), size 12124160, SharedBaseAddress: 0x0000000800000000, ArchiveRelocationMode: 0.
Compressed class space mapped at: 0x0000000800c00000-0x0000000840c00000, reserved size: 1073741824
Narrow klass base: 0x0000000800000000, Narrow klass shift: 0, Narrow klass range: 0x100000000

GC Precious Log:
 CardTable entry size: 512
 Card Set container configuration: InlinePtr #cards 5 size 8 Array Of Cards #cards 12 size 40 Howl #buckets 4 coarsen threshold 1843 Howl Bitmap #cards 512 size 80 coarsen threshold 460 Card regions per heap region 1 cards per card region 2048
 CPUs: 4 total, 4 available
 Memory: 3987M
 Large Page Support: Disabled
 NUMA Support: Disabled
 Compressed Oops: Enabled (32-bit)
 Heap Region Size: 1M
 Heap Min Capacity: 8M
 Heap Initial Capacity: 64M
 Heap Max Capacity: 998M
 Pre-touch: Disabled
 Parallel Workers: 4
 Concurrent Workers: 1
 Concurrent Refinement Workers: 4
 Periodic GC: Disabled

Heap:
 garbage-first heap   total 65536K, used 8881K [0x00000000c1a00000, 0x0000000100000000)
  region size 1024K, 5 young (5120K), 2 survivors (2048K)
 Metaspace       used 3301K, committed 3456K, reserved 1114112K
  class space    used 311K, committed 384K, reserved 1048576K

Heap Regions: E=young(eden), S=young(survivor), O=old, HS=humongous(starts), HC=humongous(continues), CS=collection set, F=free, OA=open archive, CA=closed archive, TAMS=top-at-mark-start (previous, next)
|   0|0x00000000c1a00000, 0x00000000c1a00000, 0x00000000c1b00000|  0%| F|  |TAMS 0x00000000c1a00000, 0x00000000c1a00000| Untracked 
|   1|0x00000000c1b00000, 0x00000000c1c00000, 0x00000000c1c00000|100%| O|  |TAMS 0x00000000c1b00000, 0x00000000c1b00000| Untracked 
|   2|0x00000000c1c00000, 0x00000000c1d00000, 0x00000000c1d00000|100%| O|  |TAMS 0x00000000c1c00000, 0x00000000c1c00000| Untracked 
|   3|0x00000000c1d00000, 0x00000000c1e00000, 0x00000000c1e00000|100%| O|  |TAMS 0x00000000c1d00000, 0x00000000c1d00000| Untracked 
|   4|0x00000000c1e00000, 0x00000000c1f00000, 0x00000000c1f00000|100%| O|  |TAMS 0x00000000c1e00000, 0x00000000c1e00000| Untracked 
|   5|0x00000000c1f00000, 0x00000000c1fac400, 0x00000000c2000000| 67%| O|  |TAMS 0x00000000c1f00000, 0x00000000c1f00000| Untracked 
|   6|0x00000000c2000000, 0x00000000c2000000, 0x00000000c2100000|  0%| F|  |TAMS 0x00000000c2000000, 0x00000000c2000000| Untracked 
|   7|0x00000000c2100000, 0x00000000c2100000, 0x00000000c2200000|  0%| F|  |TAMS 0x00000000c2100000, 0x00000000c2100000| Untracked 
|   8|0x00000000c2200000, 0x00000000c2200000, 0x00000000c2300000|  0%| F|  |TAMS 0x00000000c2200000, 0x00000000c2200000| Untracked 
|   9|0x00000000c2300000, 0x00000000c2300000, 0x00000000c2400000|  0%| F|  |TAMS 0x00000000c2300000, 0x00000000c2300000| Untracked 
|  10|0x00000000c2400000, 0x00000000c2400000, 0x00000000c2500000|  0%| F|  |TAMS 0x00000000c2400000, 0x00000000c2400000| Untracked 
|  11|0x00000000c2500000, 0x00000000c2500000, 0x00000000c2600000|  0%| F|  |TAMS 0x00000000c2500000, 0x00000000c2500000| Untracked 
|  12|0x00000000c2600000, 0x00000000c2600000, 0x00000000c2700000|  0%| F|  |TAMS 0x00000000c2600000, 0x00000000c2600000| Untracked 
|  13|0x00000000c2700000, 0x00000000c2700000, 0x00000000c2800000|  0%| F|  |TAMS 0x00000000c2700000, 0x00000000c2700000| Untracked 
|  14|0x00000000c2800000, 0x00000000c2800000, 0x00000000c2900000|  0%| F|  |TAMS 0x00000000c2800000, 0x00000000c2800000| Untracked 
|  15|0x00000000c2900000, 0x00000000c2900000, 0x00000000c2a00000|  0%| F|  |TAMS 0x00000000c2900000, 0x00000000c2900000| Untracked 
|  16|0x00000000c2a00000, 0x00000000c2a00000, 0x00000000c2b00000|  0%| F|  |TAMS 0x00000000c2a00000, 0x00000000c2a00000| Untracked 
|  17|0x00000000c2b00000, 0x00000000c2b00000, 0x00000000c2c00000|  0%| F|  |TAMS 0x00000000c2b00000, 0x00000000c2b00000| Untracked 
|  18|0x00000000c2c00000, 0x00000000c2c00000, 0x00000000c2d00000|  0%| F|  |TAMS 0x00000000c2c00000, 0x00000000c2c00000| Untracked 
|  19|0x00000000c2d00000, 0x00000000c2d00000, 0x00000000c2e00000|  0%| F|  |TAMS 0x00000000c2d00000, 0x00000000c2d00000| Untracked 
|  20|0x00000000c2e00000, 0x00000000c2e00000, 0x00000000c2f00000|  0%| F|  |TAMS 0x00000000c2e00000, 0x00000000c2e00000| Untracked 
|  21|0x00000000c2f00000, 0x00000000c2f00000, 0x00000000c3000000|  0%| F|  |TAMS 0x00000000c2f00000, 0x00000000c2f00000| Untracked 
|  22|0x00000000c3000000, 0x00000000c3000000, 0x00000000c3100000|  0%| F|  |TAMS 0x00000000c3000000, 0x00000000c3000000| Untracked 
|  23|0x00000000c3100000, 0x00000000c3100000, 0x00000000c3200000|  0%| F|  |TAMS 0x00000000c3100000, 0x00000000c3100000| Untracked 
|  24|0x00000000c3200000, 0x00000000c3200000, 0x00000000c3300000|  0%| F|  |TAMS 0x00000000c3200000, 0x00000000c3200000| Untracked 
|  25|0x00000000c3300000, 0x00000000c3300000, 0x00000000c3400000|  0%| F|  |TAMS 0x00000000c3300000, 0x00000000c3300000| Untracked 
|  26|0x00000000c3400000, 0x00000000c3400000, 0x00000000c3500000|  0%| F|  |TAMS 0x00000000c3400000, 0x00000000c3400000| Untracked 
|  27|0x00000000c3500000, 0x00000000c3500000, 0x00000000c3600000|  0%| F|  |TAMS 0x00000000c3500000, 0x00000000c3500000| Untracked 
|  28|0x00000000c3600000, 0x00000000c3600000, 0x00000000c3700000|  0%| F|  |TAMS 0x00000000c3600000, 0x00000000c3600000| Untracked 
|  29|0x00000000c3700000, 0x00000000c3700000, 0x00000000c3800000|  0%| F|  |TAMS 0x00000000c3700000, 0x00000000c3700000| Untracked 
|  30|0x00000000c3800000, 0x00000000c3800000, 0x00000000c3900000|  0%| F|  |TAMS 0x00000000c3800000, 0x00000000c3800000| Untracked 
|  31|0x00000000c3900000, 0x00000000c3900000, 0x00000000c3a00000|  0%| F|  |TAMS 0x00000000c3900000, 0x00000000c3900000| Untracked 
|  32|0x00000000c3a00000, 0x00000000c3a00000, 0x00000000c3b00000|  0%| F|  |TAMS 0x00000000c3a00000, 0x00000000c3a00000| Untracked 
|  33|0x00000000c3b00000, 0x00000000c3b00000, 0x00000000c3c00000|  0%| F|  |TAMS 0x00000000c3b00000, 0x00000000c3b00000| Untracked 
|  34|0x00000000c3c00000, 0x00000000c3c00000, 0x00000000c3d00000|  0%| F|  |TAMS 0x00000000c3c00000, 0x00000000c3c00000| Untracked 
|  35|0x00000000c3d00000, 0x00000000c3d00000, 0x00000000c3e00000|  0%| F|  |TAMS 0x00000000c3d00000, 0x00000000c3d00000| Untracked 
|  36|0x00000000c3e00000, 0x00000000c3e00000, 0x00000000c3f00000|  0%| F|  |TAMS 0x00000000c3e00000, 0x00000000c3e00000| Untracked 
|  37|0x00000000c3f00000, 0x00000000c3f00000, 0x00000000c4000000|  0%| F|  |TAMS 0x00000000c3f00000, 0x00000000c3f00000| Untracked 
|  38|0x00000000c4000000, 0x00000000c4000000, 0x00000000c4100000|  0%| F|  |TAMS 0x00000000c4000000, 0x00000000c4000000| Untracked 
|  39|0x00000000c4100000, 0x00000000c4100000, 0x00000000c4200000|  0%| F|  |TAMS 0x00000000c4100000, 0x00000000c4100000| Untracked 
|  40|0x00000000c4200000, 0x00000000c4200000, 0x00000000c4300000|  0%| F|  |TAMS 0x00000000c4200000, 0x00000000c4200000| Untracked 
|  41|0x00000000c4300000, 0x00000000c4300000, 0x00000000c4400000|  0%| F|  |TAMS 0x00000000c4300000, 0x00000000c4300000| Untracked 
|  42|0x00000000c4400000, 0x00000000c4400000, 0x00000000c4500000|  0%| F|  |TAMS 0x00000000c4400000, 0x00000000c4400000| Untracked 
|  43|0x00000000c4500000, 0x00000000c4500000, 0x00000000c4600000|  0%| F|  |TAMS 0x00000000c4500000, 0x00000000c4500000| Untracked 
|  44|0x00000000c4600000, 0x00000000c4600000, 0x00000000c4700000|  0%| F|  |TAMS 0x00000000c4600000, 0x00000000c4600000| Untracked 
|  45|0x00000000c4700000, 0x00000000c4700000, 0x00000000c4800000|  0%| F|  |TAMS 0x00000000c4700000, 0x00000000c4700000| Untracked 
|  46|0x00000000c4800000, 0x00000000c4800000, 0x00000000c4900000|  0%| F|  |TAMS 0x00000000c4800000, 0x00000000c4800000| Untracked 
|  47|0x00000000c4900000, 0x00000000c4900000, 0x00000000c4a00000|  0%| F|  |TAMS 0x00000000c4900000, 0x00000000c4900000| Untracked 
|  48|0x00000000c4a00000, 0x00000000c4a00000, 0x00000000c4b00000|  0%| F|  |TAMS 0x00000000c4a00000, 0x00000000c4a00000| Untracked 
|  49|0x00000000c4b00000, 0x00000000c4c00000, 0x00000000c4c00000|100%| S|CS|TAMS 0x00000000c4b00000, 0x00000000c4b00000| Complete 
|  50|0x00000000c4c00000, 0x00000000c4d00000, 0x00000000c4d00000|100%| S|CS|TAMS 0x00000000c4c00000, 0x00000000c4c00000| Complete 
|  51|0x00000000c4d00000, 0x00000000c4d00000, 0x00000000c4e00000|  0%| F|  |TAMS 0x00000000c4d00000, 0x00000000c4d00000| Untracked 
|  52|0x00000000c4e00000, 0x00000000c4e00000, 0x00000000c4f00000|  0%| F|  |TAMS 0x00000000c4e00000, 0x00000000c4e00000| Untracked 
|  53|0x00000000c4f00000, 0x00000000c4f00000, 0x00000000c5000000|  0%| F|  |TAMS 0x00000000c4f00000, 0x00000000c4f00000| Untracked 
|  54|0x00000000c5000000, 0x00000000c5000000, 0x00000000c5100000|  0%| F|  |TAMS 0x00000000c5000000, 0x00000000c5000000| Untracked 
|  55|0x00000000c5100000, 0x00000000c5100000, 0x00000000c5200000|  0%| F|  |TAMS 0x00000000c5100000, 0x00000000c5100000| Untracked 
|  56|0x00000000c5200000, 0x00000000c5200000, 0x00000000c5300000|  0%| F|  |TAMS 0x00000000c5200000, 0x00000000c5200000| Untracked 
|  57|0x00000000c5300000, 0x00000000c5300000, 0x00000000c5400000|  0%| F|  |TAMS 0x00000000c5300000, 0x00000000c5300000| Untracked 
|  58|0x00000000c5400000, 0x00000000c5400000, 0x00000000c5500000|  0%| F|  |TAMS 0x00000000c5400000, 0x00000000c5400000| Untracked 
|  59|0x00000000c5500000, 0x00000000c5500000, 0x00000000c5600000|  0%| F|  |TAMS 0x00000000c5500000, 0x00000000c5500000| Untracked 
|  60|0x00000000c5600000, 0x00000000c5600000, 0x00000000c5700000|  0%| F|  |TAMS 0x00000000c5600000, 0x00000000c5600000| Untracked 
|  61|0x00000000c5700000, 0x00000000c57d9830, 0x00000000c5800000| 84%| E|  |TAMS 0x00000000c5700000, 0x00000000c5700000| Complete 
|  62|0x00000000c5800000, 0x00000000c5900000, 0x00000000c5900000|100%| E|CS|TAMS 0x00000000c5800000, 0x00000000c5800000| Complete 
|  63|0x00000000c5900000, 0x00000000c5a00000, 0x00000000c5a00000|100%| E|CS|TAMS 0x00000000c5900000, 0x00000000c5900000| Complete 

Card table byte_map: [0x0000021c78250000,0x0000021c78450000] _byte_map_base: 0x0000021c77c43000

Marking Bits (Prev, Next): (CMBitMap*) 0x0000021c707708f0, (CMBitMap*) 0x0000021c70770930
 Prev Bits: [0x0000021c78650000, 0x0000021c795e8000)
 Next Bits: [0x0000021c795f0000, 0x0000021c7a588000)

Polling page: 0x0000021c6e8a0000

Metaspace:

Usage:
  Non-class:      2.98 MB used.
      Class:    325.60 KB used.
       Both:      3.30 MB used.

Virtual space:
  Non-class space:       64.00 MB reserved,       3.06 MB (  5%) committed,  1 nodes.
      Class space:        1.00 GB reserved,     384.00 KB ( <1%) committed,  1 nodes.
             Both:        1.06 GB reserved,       3.44 MB ( <1%) committed. 

Chunk freelists:
   Non-Class:  2.91 MB
       Class:  3.58 MB
        Both:  6.48 MB

MaxMetaspaceSize: unlimited
CompressedClassSpaceSize: 1.00 GB
Initial GC threshold: 21.00 MB
Current GC threshold: 21.00 MB
CDS: on
MetaspaceReclaimPolicy: balanced
 - commit_granule_bytes: 65536.
 - commit_granule_words: 8192.
 - virtual_space_node_default_size: 8388608.
 - enlarge_chunks_in_place: 1.
 - new_chunks_are_fully_committed: 0.
 - uncommit_free_chunks: 1.
 - use_allocation_guard: 0.


Internal statistics:

num_allocs_failed_limit: 0.
num_arena_births: 42.
num_arena_deaths: 0.
num_vsnodes_births: 2.
num_vsnodes_deaths: 0.
num_space_committed: 55.
num_space_uncommitted: 0.
num_chunks_returned_to_freelist: 0.
num_chunks_taken_from_freelist: 111.
num_chunk_merges: 0.
num_chunk_splits: 67.
num_chunks_enlarged: 50.
num_inconsistent_stats: 0.

CodeHeap 'non-profiled nmethods': size=120000Kb used=239Kb max_used=239Kb free=119760Kb
 bounds [0x0000021c07ad0000, 0x0000021c07d40000, 0x0000021c0f000000]
CodeHeap 'profiled nmethods': size=120000Kb used=1399Kb max_used=1399Kb free=118600Kb
 bounds [0x0000021c005a0000, 0x0000021c00810000, 0x0000021c07ad0000]
CodeHeap 'non-nmethods': size=5760Kb used=1159Kb max_used=1174Kb free=4600Kb
 bounds [0x0000021c00000000, 0x0000021c00270000, 0x0000021c005a0000]
 total_blobs=1232 nmethods=795 adapters=350
 compilation: enabled
              stopped_count=0, restarted_count=0
 full_count=0

Compilation events (20 events):
Event: 1.661 Thread 0x0000021c7c9e1d40  776       3       java.lang.invoke.LambdaForm$BasicType::basicType (19 bytes)
Event: 1.661 Thread 0x0000021c7c9e1d40 nmethod 776 0x0000021c006f7910 code [0x0000021c006f7ae0, 0x0000021c006f7d38]
Event: 1.662 Thread 0x0000021c7c9e1d40  779       3       java.util.ArrayList::grow (60 bytes)
Event: 1.663 Thread 0x0000021c7c9e1d40 nmethod 779 0x0000021c006f7e90 code [0x0000021c006f8080, 0x0000021c006f86d8]
Event: 1.663 Thread 0x0000021c7c9e1d40  781       3       java.lang.invoke.MemberName::flagsMods (73 bytes)
Event: 1.663 Thread 0x0000021c7c9e1d40 nmethod 781 0x0000021c006f8910 code [0x0000021c006f8aa0, 0x0000021c006f8bd8]
Event: 1.663 Thread 0x0000021c7c9e1d40  780       3       jdk.internal.org.objectweb.asm.ByteVector::put122 (93 bytes)
Event: 1.663 Thread 0x0000021c7c9e1d40 nmethod 780 0x0000021c006f8c90 code [0x0000021c006f8e40, 0x0000021c006f90c8]
Event: 1.663 Thread 0x0000021c7c9e1d40  784       1       java.lang.invoke.LambdaForm$BasicType::basicTypeClass (5 bytes)
Event: 1.663 Thread 0x0000021c7c9e1d40 nmethod 784 0x0000021c07b0a690 code [0x0000021c07b0a820, 0x0000021c07b0a8f8]
Event: 1.666 Thread 0x0000021c707eeab0 nmethod 758 0x0000021c07b0a990 code [0x0000021c07b0ab20, 0x0000021c07b0b0c8]
Event: 1.666 Thread 0x0000021c707eeab0  771       4       java.util.HashMap::resize (356 bytes)
Event: 1.676 Thread 0x0000021c7c9e1d40  787       3       java.lang.Number::<init> (5 bytes)
Event: 1.676 Thread 0x0000021c7c9e1d40 nmethod 787 0x0000021c006f9290 code [0x0000021c006f9420, 0x0000021c006f9578]
Event: 1.676 Thread 0x0000021c7c9e1d40  788       3       java.lang.Byte::<init> (10 bytes)
Event: 1.676 Thread 0x0000021c7c9e1d40 nmethod 788 0x0000021c006f9610 code [0x0000021c006f97c0, 0x0000021c006f9998]
Event: 1.676 Thread 0x0000021c7c9e1d40  790       3       java.lang.Long::<init> (10 bytes)
Event: 1.677 Thread 0x0000021c7c9e1d40 nmethod 790 0x0000021c006f9a90 code [0x0000021c006f9c40, 0x0000021c006f9e18]
Event: 1.677 Thread 0x0000021c7c9e1d40  789       3       java.lang.Short::<init> (10 bytes)
Event: 1.677 Thread 0x0000021c7c9e1d40 nmethod 789 0x0000021c006f9f10 code [0x0000021c006fa0c0, 0x0000021c006fa298]

GC Heap History (2 events):
Event: 1.591 GC heap before
{Heap before GC invocations=0 (full 0):
 garbage-first heap   total 65536K, used 13312K [0x00000000c1a00000, 0x0000000100000000)
  region size 1024K, 13 young (13312K), 0 survivors (0K)
 Metaspace       used 2645K, committed 2816K, reserved 1114112K
  class space    used 237K, committed 320K, reserved 1048576K
}
Event: 1.600 GC heap after
{Heap after GC invocations=1 (full 0):
 garbage-first heap   total 65536K, used 6833K [0x00000000c1a00000, 0x0000000100000000)
  region size 1024K, 2 young (2048K), 2 survivors (2048K)
 Metaspace       used 2645K, committed 2816K, reserved 1114112K
  class space    used 237K, committed 320K, reserved 1048576K
}

Deoptimization events (20 events):
Event: 1.556 Thread 0x0000021c7072f260 DEOPT PACKING pc=0x0000021c07ae21e8 sp=0x0000007a79cfd5e0
Event: 1.556 Thread 0x0000021c7072f260 DEOPT UNPACKING pc=0x0000021c000523a3 sp=0x0000007a79cfd508 mode 2
Event: 1.556 Thread 0x0000021c7072f260 Uncommon trap: trap_request=0xffffff45 fr.pc=0x0000021c07aeb348 relative=0x00000000000003a8
Event: 1.556 Thread 0x0000021c7072f260 Uncommon trap: reason=unstable_if action=reinterpret pc=0x0000021c07aeb348 method=java.lang.AbstractStringBuilder.isLatin1()Z @ 10 c2
Event: 1.556 Thread 0x0000021c7072f260 DEOPT PACKING pc=0x0000021c07aeb348 sp=0x0000007a79cfd5f0
Event: 1.556 Thread 0x0000021c7072f260 DEOPT UNPACKING pc=0x0000021c000523a3 sp=0x0000007a79cfd570 mode 2
Event: 1.559 Thread 0x0000021c7072f260 Uncommon trap: trap_request=0xffffff45 fr.pc=0x0000021c07ad585c relative=0x000000000000005c
Event: 1.559 Thread 0x0000021c7072f260 Uncommon trap: reason=unstable_if action=reinterpret pc=0x0000021c07ad585c method=java.lang.String.isLatin1()Z @ 10 c2
Event: 1.559 Thread 0x0000021c7072f260 DEOPT PACKING pc=0x0000021c07ad585c sp=0x0000007a79cfd260
Event: 1.559 Thread 0x0000021c7072f260 DEOPT UNPACKING pc=0x0000021c000523a3 sp=0x0000007a79cfd1f0 mode 2
Event: 1.569 Thread 0x0000021c7072f260 DEOPT PACKING pc=0x0000021c00634865 sp=0x0000007a79cfc690
Event: 1.569 Thread 0x0000021c7072f260 DEOPT UNPACKING pc=0x0000021c00052b43 sp=0x0000007a79cfbae0 mode 0
Event: 1.615 Thread 0x0000021c7072f260 DEOPT PACKING pc=0x0000021c0064eee8 sp=0x0000007a79cfdfd0
Event: 1.615 Thread 0x0000021c7072f260 DEOPT UNPACKING pc=0x0000021c00052b43 sp=0x0000007a79cfd460 mode 0
Event: 1.615 Thread 0x0000021c7072f260 DEOPT PACKING pc=0x0000021c0064eee8 sp=0x0000007a79cfdfd0
Event: 1.615 Thread 0x0000021c7072f260 DEOPT UNPACKING pc=0x0000021c00052b43 sp=0x0000007a79cfd460 mode 0
Event: 1.634 Thread 0x0000021c7072f260 Uncommon trap: trap_request=0xffffff45 fr.pc=0x0000021c07ae63e4 relative=0x0000000000000064
Event: 1.634 Thread 0x0000021c7072f260 Uncommon trap: reason=unstable_if action=reinterpret pc=0x0000021c07ae63e4 method=java.io.WinNTFileSystem.isSlash(C)Z @ 9 c2
Event: 1.634 Thread 0x0000021c7072f260 DEOPT PACKING pc=0x0000021c07ae63e4 sp=0x0000007a79cfea00
Event: 1.634 Thread 0x0000021c7072f260 DEOPT UNPACKING pc=0x0000021c000523a3 sp=0x0000007a79cfe988 mode 2

Classes loaded (20 events):
Event: 1.632 Loading class java/net/JarURLConnection done
Event: 1.632 Loading class sun/net/www/protocol/jar/JarURLConnection done
Event: 1.632 Loading class sun/net/www/protocol/jar/JarFileFactory
Event: 1.632 Loading class sun/net/www/protocol/jar/URLJarFile$URLJarFileCloseController
Event: 1.632 Loading class sun/net/www/protocol/jar/URLJarFile$URLJarFileCloseController done
Event: 1.632 Loading class sun/net/www/protocol/jar/JarFileFactory done
Event: 1.633 Loading class sun/net/www/protocol/jar/URLJarFile
Event: 1.634 Loading class sun/net/www/protocol/jar/URLJarFile done
Event: 1.634 Loading class sun/net/www/protocol/jar/URLJarFile$URLJarFileEntry
Event: 1.635 Loading class sun/net/www/protocol/jar/URLJarFile$URLJarFileEntry done
Event: 1.635 Loading class sun/net/www/protocol/jar/JarURLConnection$JarURLInputStream
Event: 1.635 Loading class sun/net/www/protocol/jar/JarURLConnection$JarURLInputStream done
Event: 1.661 Loading class java/lang/invoke/DirectMethodHandle$Special
Event: 1.662 Loading class java/lang/invoke/DirectMethodHandle$Special done
Event: 1.665 Loading class java/util/LinkedHashMap$LinkedKeyIterator
Event: 1.665 Loading class java/util/LinkedHashMap$LinkedKeyIterator done
Event: 1.676 Loading class java/lang/Byte$ByteCache
Event: 1.676 Loading class java/lang/Byte$ByteCache done
Event: 1.676 Loading class java/lang/Short$ShortCache
Event: 1.676 Loading class java/lang/Short$ShortCache done

Classes unloaded (0 events):
No events

Classes redefined (0 events):
No events

Internal exceptions (7 events):
Event: 1.359 Thread 0x0000021c7072f260 Exception <a 'java/lang/NoSuchMethodError'{0x00000000c5188258}: 'void java.lang.invoke.DirectMethodHandle$Holder.invokeStatic(java.lang.Object, java.lang.Object, java.lang.Object)'> (0x00000000c5188258) 
thrown [t:\workspace\open\src\hotspot\share\interpreter\linkResolver.cpp, line 766]
Event: 1.365 Thread 0x0000021c7072f260 Exception <a 'java/lang/NoSuchMethodError'{0x00000000c51a0f70}: 'java.lang.Object java.lang.invoke.Invokers$Holder.invokeExact_MT(java.lang.Object, java.lang.Object, java.lang.Object, java.lang.Object, java.lang.Object)'> (0x00000000c51a0f70) 
thrown [t:\workspace\open\src\hotspot\share\interpreter\linkResolver.cpp, line 766]
Event: 1.381 Thread 0x0000021c707e86b0 Exception <a 'java/lang/NoSuchMethodError'{0x00000000c5025710}: 'java.lang.Object java.lang.invoke.Invokers$Holder.invokeExact_MT(java.lang.Object, java.lang.Object, java.lang.Object, java.lang.Object, java.lang.Object, java.lang.Object)'> (0x00000000c5025710) 
thrown [t:\workspace\open\src\hotspot\share\interpreter\linkResolver.cpp, line 766]
Event: 1.393 Thread 0x0000021c7d02c9f0 Exception <a 'java/lang/NoSuchMethodError'{0x00000000c504a070}: 'void java.lang.invoke.DirectMethodHandle$Holder.invokeStatic(java.lang.Object, java.lang.Object)'> (0x00000000c504a070) 
thrown [t:\workspace\open\src\hotspot\share\interpreter\linkResolver.cpp, line 766]
Event: 1.487 Thread 0x0000021c7072f260 Exception <a 'java/lang/ClassNotFoundException'{0x00000000c4e1f380}: javax/smartcardio/CardPermission> (0x00000000c4e1f380) 
thrown [t:\workspace\open\src\hotspot\share\classfile\systemDictionary.cpp, line 255]
Event: 1.493 Thread 0x0000021c7072f260 Exception <a 'java/io/FileNotFoundException'{0x00000000c4e2dd98}> (0x00000000c4e2dd98) 
thrown [t:\workspace\open\src\hotspot\share\prims\jni.cpp, line 516]
Event: 1.657 Thread 0x0000021c7072f260 Exception <a 'java/lang/NoSuchMethodError'{0x00000000c58686d0}: 'java.lang.Object java.lang.invoke.DirectMethodHandle$Holder.invokeSpecialIFC(java.lang.Object, java.lang.Object, java.lang.Object, java.lang.Object)'> (0x00000000c58686d0) 
thrown [t:\workspace\open\src\hotspot\share\interpreter\linkResolver.cpp, line 766]

VM Operations (12 events):
Event: 0.238 Executing VM operation: HandshakeAllThreads
Event: 0.238 Executing VM operation: HandshakeAllThreads done
Event: 1.247 Executing VM operation: Cleanup
Event: 1.247 Executing VM operation: Cleanup done
Event: 1.379 Executing VM operation: HandshakeAllThreads
Event: 1.379 Executing VM operation: HandshakeAllThreads done
Event: 1.382 Executing VM operation: HandshakeAllThreads
Event: 1.382 Executing VM operation: HandshakeAllThreads done
Event: 1.590 Executing VM operation: G1CollectForAllocation
Event: 1.600 Executing VM operation: G1CollectForAllocation done
Event: 1.634 Executing VM operation: HandshakeAllThreads
Event: 1.634 Executing VM operation: HandshakeAllThreads done

Events (20 events):
Event: 0.047 Thread 0x0000021c707e6df0 Thread added: 0x0000021c707e6df0
Event: 0.048 Thread 0x0000021c707e86b0 Thread added: 0x0000021c707e86b0
Event: 0.048 Thread 0x0000021c707e9700 Thread added: 0x0000021c707e9700
Event: 0.048 Thread 0x0000021c707ea0f0 Thread added: 0x0000021c707ea0f0
Event: 0.048 Thread 0x0000021c707eeab0 Thread added: 0x0000021c707eeab0
Event: 0.048 Thread 0x0000021c7c9e1d40 Thread added: 0x0000021c7c9e1d40
Event: 0.048 Thread 0x0000021c7c9fe230 Thread added: 0x0000021c7c9fe230
Event: 0.226 Thread 0x0000021c7cbe54a0 Thread added: 0x0000021c7cbe54a0
Event: 0.254 Loaded shared library C:\Users\Ravi Tiwari\.jdks\openjdk-18\bin\zip.dll
Event: 0.258 Loaded shared library C:\Users\Ravi Tiwari\.jdks\openjdk-18\bin\instrument.dll
Event: 0.268 Loaded shared library C:\Users\Ravi Tiwari\.jdks\openjdk-18\bin\net.dll
Event: 0.270 Loaded shared library C:\Users\Ravi Tiwari\.jdks\openjdk-18\bin\nio.dll
Event: 0.329 Loaded shared library C:\Users\Ravi Tiwari\.jdks\openjdk-18\bin\zip.dll
Event: 0.499 Thread 0x0000021c7ccc2760 Thread added: 0x0000021c7ccc2760
Event: 0.729 Thread 0x0000021c7ccc2760 Thread exited: 0x0000021c7ccc2760
Event: 1.032 Loaded shared library C:\Users\Ravi Tiwari\.jdks\openjdk-18\bin\jimage.dll
Event: 1.373 Loaded shared library C:\Program Files\JetBrains\IntelliJ IDEA Community Edition 2022.1\bin\breakgen64.dll
Event: 1.374 Thread 0x0000021c7d02c9f0 Thread added: 0x0000021c7d02c9f0
Event: 1.374 Thread 0x0000021c7cfb8510 Thread added: 0x0000021c7cfb8510
Event: 1.426 Loaded shared library C:\Users\Ravi Tiwari\.jdks\openjdk-18\bin\verify.dll


Dynamic libraries:
0x00007ff6899d0000 - 0x00007ff6899de000 	C:\Users\Ravi Tiwari\.jdks\openjdk-18\bin\java.exe
0x00007ff9fca50000 - 0x00007ff9fcc45000 	C:\WINDOWS\SYSTEM32\ntdll.dll
0x00007ff9fc1d0000 - 0x00007ff9fc28d000 	C:\WINDOWS\System32\KERNEL32.DLL
0x00007ff9fa4e0000 - 0x00007ff9fa7ad000 	C:\WINDOWS\System32\KERNELBASE.dll
0x00007ff9fa2f0000 - 0x00007ff9fa3f0000 	C:\WINDOWS\System32\ucrtbase.dll
0x00007ff9e7660000 - 0x00007ff9e7677000 	C:\Users\Ravi Tiwari\.jdks\openjdk-18\bin\jli.dll
0x00007ff9da8a0000 - 0x00007ff9da8ba000 	C:\Users\Ravi Tiwari\.jdks\openjdk-18\bin\VCRUNTIME140.dll
0x00007ff9fc030000 - 0x00007ff9fc1d0000 	C:\WINDOWS\System32\USER32.dll
0x00007ff9fa2c0000 - 0x00007ff9fa2e2000 	C:\WINDOWS\System32\win32u.dll
0x00007ff9faaa0000 - 0x00007ff9faaca000 	C:\WINDOWS\System32\GDI32.dll
0x00007ff9fa990000 - 0x00007ff9faa9b000 	C:\WINDOWS\System32\gdi32full.dll
0x00007ff9fa860000 - 0x00007ff9fa8fd000 	C:\WINDOWS\System32\msvcp_win.dll
0x00007ff9e8d30000 - 0x00007ff9e8fca000 	C:\WINDOWS\WinSxS\amd64_microsoft.windows.common-controls_6595b64144ccf1df_6.0.19041.1110_none_60b5254171f9507e\COMCTL32.dll
0x00007ff9fad70000 - 0x00007ff9fae0e000 	C:\WINDOWS\System32\msvcrt.dll
0x00007ff9fc5d0000 - 0x00007ff9fc600000 	C:\WINDOWS\System32\IMM32.DLL
0x00007ff9f4aa0000 - 0x00007ff9f4aac000 	C:\Users\Ravi Tiwari\.jdks\openjdk-18\bin\vcruntime140_1.dll
0x00007ff9b5940000 - 0x00007ff9b59cd000 	C:\Users\Ravi Tiwari\.jdks\openjdk-18\bin\msvcp140.dll
0x00007ff98afe0000 - 0x00007ff98bbf1000 	C:\Users\Ravi Tiwari\.jdks\openjdk-18\bin\server\jvm.dll
0x00007ff9fae10000 - 0x00007ff9faebe000 	C:\WINDOWS\System32\ADVAPI32.dll
0x00007ff9fab80000 - 0x00007ff9fac1c000 	C:\WINDOWS\System32\sechost.dll
0x00007ff9fac40000 - 0x00007ff9fad65000 	C:\WINDOWS\System32\RPCRT4.dll
0x00007ff9fc010000 - 0x00007ff9fc018000 	C:\WINDOWS\System32\PSAPI.DLL
0x00007ff9e7190000 - 0x00007ff9e7199000 	C:\WINDOWS\SYSTEM32\WSOCK32.dll
0x00007ff9fc6e0000 - 0x00007ff9fc74b000 	C:\WINDOWS\System32\WS2_32.dll
0x00007ff9ee490000 - 0x00007ff9ee4b7000 	C:\WINDOWS\SYSTEM32\WINMM.dll
0x00007ff9ef800000 - 0x00007ff9ef80a000 	C:\WINDOWS\SYSTEM32\VERSION.dll
0x00007ff9f80b0000 - 0x00007ff9f80c2000 	C:\WINDOWS\SYSTEM32\kernel.appcore.dll
0x00007ff9f46f0000 - 0x00007ff9f46fa000 	C:\Users\Ravi Tiwari\.jdks\openjdk-18\bin\jimage.dll
0x00007ff9f6a40000 - 0x00007ff9f6c24000 	C:\WINDOWS\SYSTEM32\DBGHELP.DLL
0x00007ff9f17b0000 - 0x00007ff9f17dc000 	C:\WINDOWS\SYSTEM32\dbgcore.DLL
0x00007ff9fa900000 - 0x00007ff9fa982000 	C:\WINDOWS\System32\bcryptPrimitives.dll
0x00007ff9eec00000 - 0x00007ff9eec0e000 	C:\Users\Ravi Tiwari\.jdks\openjdk-18\bin\instrument.dll
0x00007ff9d9120000 - 0x00007ff9d9145000 	C:\Users\Ravi Tiwari\.jdks\openjdk-18\bin\java.dll
0x00007ff9b50c0000 - 0x00007ff9b5196000 	C:\Users\Ravi Tiwari\.jdks\openjdk-18\bin\jsvml.dll
0x00007ff9fb3e0000 - 0x00007ff9fbb24000 	C:\WINDOWS\System32\SHELL32.dll
0x00007ff9f8260000 - 0x00007ff9f89f4000 	C:\WINDOWS\SYSTEM32\windows.storage.dll
0x00007ff9fb080000 - 0x00007ff9fb3d4000 	C:\WINDOWS\System32\combase.dll
0x00007ff9f9af0000 - 0x00007ff9f9b1c000 	C:\WINDOWS\SYSTEM32\Wldp.dll
0x00007ff9faad0000 - 0x00007ff9fab7d000 	C:\WINDOWS\System32\SHCORE.dll
0x00007ff9fc570000 - 0x00007ff9fc5c5000 	C:\WINDOWS\System32\shlwapi.dll
0x00007ff9fa0a0000 - 0x00007ff9fa0bf000 	C:\WINDOWS\SYSTEM32\profapi.dll
0x00007ff9d8520000 - 0x00007ff9d8538000 	C:\Users\Ravi Tiwari\.jdks\openjdk-18\bin\zip.dll
0x00007ff9d8f60000 - 0x00007ff9d8f73000 	C:\Users\Ravi Tiwari\.jdks\openjdk-18\bin\net.dll
0x00007ff9efde0000 - 0x00007ff9efeea000 	C:\WINDOWS\SYSTEM32\WINHTTP.dll
0x00007ff9f9850000 - 0x00007ff9f98ba000 	C:\WINDOWS\system32\mswsock.dll
0x00007ff9d8ed0000 - 0x00007ff9d8ee6000 	C:\Users\Ravi Tiwari\.jdks\openjdk-18\bin\nio.dll
0x00007ff9d9060000 - 0x00007ff9d907a000 	C:\Program Files\JetBrains\IntelliJ IDEA Community Edition 2022.1\bin\breakgen64.dll
0x00007ff9edff0000 - 0x00007ff9ee000000 	C:\Users\Ravi Tiwari\.jdks\openjdk-18\bin\verify.dll

dbghelp: loaded successfully - version: 4.0.5 - missing functions: none
symbol engine: initialized successfully - sym options: 0x614 - pdb path: .;C:\Users\Ravi Tiwari\.jdks\openjdk-18\bin;C:\WINDOWS\SYSTEM32;C:\WINDOWS\WinSxS\amd64_microsoft.windows.common-controls_6595b64144ccf1df_6.0.19041.1110_none_60b5254171f9507e;C:\Users\Ravi Tiwari\.jdks\openjdk-18\bin\server;C:\Program Files\JetBrains\IntelliJ IDEA Community Edition 2022.1\bin

VM Arguments:
jvm_args: -javaagent:C:\Program Files\JetBrains\IntelliJ IDEA Community Edition 2022.1\lib\idea_rt.jar=55331:C:\Program Files\JetBrains\IntelliJ IDEA Community Edition 2022.1\bin -Dfile.encoding=UTF-8 
java_command: com.flight.passengerdetails.PassengerDetailsApplication
java_class_path (initial): C:\Users\Ravi Tiwari\Desktop\Capgemini\Case Study\passenger-details\target\classes;C:\Users\Ravi Tiwari\.m2\repository\org\springframework\boot\spring-boot-starter-data-mongodb\2.6.6\spring-boot-starter-data-mongodb-2.6.6.jar;C:\Users\Ravi Tiwari\.m2\repository\org\springframework\boot\spring-boot-starter\2.6.6\spring-boot-starter-2.6.6.jar;C:\Users\Ravi Tiwari\.m2\repository\org\springframework\boot\spring-boot-starter-logging\2.6.6\spring-boot-starter-logging-2.6.6.jar;C:\Users\Ravi Tiwari\.m2\repository\ch\qos\logback\logback-classic\1.2.11\logback-classic-1.2.11.jar;C:\Users\Ravi Tiwari\.m2\repository\ch\qos\logback\logback-core\1.2.11\logback-core-1.2.11.jar;C:\Users\Ravi Tiwari\.m2\repository\org\apache\logging\log4j\log4j-to-slf4j\2.17.2\log4j-to-slf4j-2.17.2.jar;C:\Users\Ravi Tiwari\.m2\repository\org\apache\logging\log4j\log4j-api\2.17.2\log4j-api-2.17.2.jar;C:\Users\Ravi Tiwari\.m2\repository\org\slf4j\jul-to-slf4j\1.7.36\jul-to-slf4j-1.7.36.jar;C:\Users\Ravi Tiwari\.m2\repository\jakarta\annotation\jakarta.annotation-api\1.3.5\jakarta.annotation-api-1.3.5.jar;C:\Users\Ravi Tiwari\.m2\repository\org\yaml\snakeyaml\1.29\snakeyaml-1.29.jar;C:\Users\Ravi Tiwari\.m2\repository\org\mongodb\mongodb-driver-sync\4.4.2\mongodb-driver-sync-4.4.2.jar;C:\Users\Ravi Tiwari\.m2\repository\org\mongodb\bson\4.4.2\bson-4.4.2.jar;C:\Users\Ravi Tiwari\.m2\repository\org\mongodb\mongodb-driver-core\4.4.2\mongodb-driver-core-4.4.2.jar;C:\Users\Ravi Tiwari\.m2\repository\org\springframework\data\spring-data-mongodb\3.3.3\spring-data-mongodb-3.3.3.jar;C:\Users\Ravi Tiwari\.m2\repository\org\springframework\spring-tx\5.3.18\spring-tx-5.3.18.jar;C:\Users\Ravi Tiwari\.m2\repository\org\springframework\spring-context\5.3.18\spring-context-5.3.18.jar;C:\Users\Ravi Tiwari\.m2\repository\org\springframework\spring-beans\5.3.18\spring-beans-5.3.18.jar;C:\Users\Ravi Tiwari\.m2\repository\org\springframework\spring-expression\5.3.18\spring-expression-5.3.18.jar;C:\Users\Ravi Tiwari\.m2\repository\org\springframework\data\spring-data-commons\2.6.3\spring-data-commons-2.6.3.jar;C:\Users\Ravi Tiwari\.m2\repository\org\slf4j\slf4j-api\1.7.36\slf4j-api-1.7.36.jar;C:\Users\Ravi Tiwari\.m2\repository\org\springframework\boot\spring-boot-starter-web\2.6.6\spring-boot-starter-web-2.6.6.jar;C:\Users\Ravi Tiwari\.m2\repository\org\springframework\boot\spring-boot-starter-json\2.6.6\spring-boot-starter-json-2.6.6.jar;C:\Users\Ravi Tiwari\.m2\repository\com\fasterxml\jackson\core\jackson-databind\2.13.2.2\jackson-databind-2.13.2.2.jar;C:\Users\Ravi Tiwari\.m2\repository\com\fasterxml\jackson\datatype\jackson-datatype-jdk8\2.13.2\jackson-datatype-jdk8-2.13.2.jar;C:\Users\Ravi Tiwari\.m2\repository\com\fasterxml\jackson\datatype\jackson-datatype-jsr310\2.13.2\jackson-datatype-jsr310-2.13.2.jar;C:\Users\Ravi Tiwari\.m2\repository\com\fasterxml\jackson\module\jackson-module-parameter-names\2.13.2\jackson-module-parameter-names-2.13.2.jar;C:\Users\Ravi Tiwari\.m2\repository\org\springframework\boot\spring-boot-starter-tomcat\2.6.6\spring-boot-starter-tomcat-2.6.6.jar;C:\Users\Ravi Tiwari\.m2\repository\org\apache\tomcat\embed\tomcat-embed-core\9.0.60\tomcat-embed-core-9.0.60.jar;C:\Users\Ravi Tiwari\.m2\repository\org\apache\tomcat\embed\tomcat-embed-el\9.0.60\tomcat-embed-el-9.0.60.jar;C:\Users\Ravi Tiwari\.m2\repository\org\apache\tomcat\embed\tomcat-embed-websocket\9.0.60\tomcat-embed-websocket-9.0.60.jar;C:\Users\Ravi Tiwari\.m2\repository\org\springframework\spring-web\5.3.18\spring-web-5.3.18.jar;C:\Users\Ravi Tiwari\.m2\repository\org\springframework\spring-webmvc\5.3.18\spring-webmvc-5.3.18.jar;C:\Users\Ravi Tiwari\.m2\repository\org\springframework\spring-aop\5.3.18\spring-aop-5.3.18.jar;C:\Users\Ravi Tiwari\.m2\repository\org\springframework\boot\spring-boot-devtools\2.6.6\spring-boot-devtools-2.6.6.jar;C:\Users\Ravi Tiwari\.m2\repository\org\springframework\boot\spring-boot\2.6.6\spring-boot-2.6.6.jar;C:\Users\Ravi Tiwari\.m2\repository\org\springframework\boot\spring-boot-autoconfigure\2.6.6\spring-boot-autoconfigure-2.6.6.jar;C:\Users\Ravi Tiwari\.m2\repository\jakarta\xml\bind\jakarta.xml.bind-api\2.3.3\jakarta.xml.bind-api-2.3.3.jar;C:\Users\Ravi Tiwari\.m2\repository\jakarta\activation\jakarta.activation-api\1.2.2\jakarta.activation-api-1.2.2.jar;C:\Users\Ravi Tiwari\.m2\repository\org\springframework\spring-core\5.3.18\spring-core-5.3.18.jar;C:\Users\Ravi Tiwari\.m2\repository\org\springframework\spring-jcl\5.3.18\spring-jcl-5.3.18.jar;C:\Users\Ravi Tiwari\.m2\repository\org\springframework\cloud\spring-cloud-starter-netflix-eureka-client\3.1.1\spring-cloud-starter-netflix-eureka-client-3.1.1.jar;C:\Users\Ravi Tiwari\.m2\repository\org\springframework\cloud\spring-cloud-starter\3.1.1\spring-cloud-starter-3.1.1.jar;C:\Users\Ravi Tiwari\.m2\repository\org\springframework\cloud\spring-cloud-context\3.1.1\spring-cloud-context-3.1.1.jar;C:\Users\Ravi Tiwari\.m2\repository\org\springframework\security\spring-security-crypto\5.6.2\spring-security-crypto-5.6.2.jar;C:\Users\Ravi Tiwari\.m2\repository\org\springframework\cloud\spring-cloud-commons\3.1.1\spring-cloud-commons-3.1.1.jar;C:\Users\Ravi Tiwari\.m2\repository\org\springframework\security\spring-security-rsa\1.0.10.RELEASE\spring-security-rsa-1.0.10.RELEASE.jar;C:\Users\Ravi Tiwari\.m2\repository\org\bouncycastle\bcpkix-jdk15on\1.68\bcpkix-jdk15on-1.68.jar;C:\Users\Ravi Tiwari\.m2\repository\org\bouncycastle\bcprov-jdk15on\1.68\bcprov-jdk15on-1.68.jar;C:\Users\Ravi Tiwari\.m2\repository\org\springframework\cloud\spring-cloud-netflix-eureka-client\3.1.1\spring-cloud-netflix-eureka-client-3.1.1.jar;C:\Users\Ravi Tiwari\.m2\repository\com\netflix\eureka\eureka-client\1.10.17\eureka-client-1.10.17.jar;C:\Users\Ravi Tiwari\.m2\repository\com\netflix\netflix-commons\netflix-eventbus\0.3.0\netflix-eventbus-0.3.0.jar;C:\Users\Ravi Tiwari\.m2\repository\com\netflix\netflix-commons\netflix-infix\0.3.0\netflix-infix-0.3.0.jar;C:\Users\Ravi Tiwari\.m2\repository\commons-jxpath\commons-jxpath\1.3\commons-jxpath-1.3.jar;C:\Users\Ravi Tiwari\.m2\repository\joda-time\joda-time\2.3\joda-time-2.3.jar;C:\Users\Ravi Tiwari\.m2\repository\org\antlr\antlr-runtime\3.4\antlr-runtime-3.4.jar;C:\Users\Ravi Tiwari\.m2\repository\org\antlr\stringtemplate\3.2.1\stringtemplate-3.2.1.jar;C:\Users\Ravi Tiwari\.m2\repository\antlr\antlr\2.7.7\antlr-2.7.7.jar;C:\Users\Ravi Tiwari\.m2\repository\com\google\code\gson\gson\2.8.9\gson-2.8.9.jar;C:\Users\Ravi Tiwari\.m2\repository\org\apache\commons\commons-math\2.2\commons-math-2.2.jar;C:\Users\Ravi Tiwari\.m2\repository\com\thoughtworks\xstream\xstream\1.4.18\xstream-1.4.18.jar;C:\Users\Ravi Tiwari\.m2\repository\io\github\x-stream\mxparser\1.2.2\mxparser-1.2.2.jar;C:\Users\Ravi Tiwari\.m2\repository\xmlpull\xmlpull\1.1.3.1\xmlpull-1.1.3.1.jar;C:\Users\Ravi Tiwari\.m2\repository\javax\ws\rs\jsr311-api\1.1.1\jsr311-api-1.1.1.jar;C:\Users\Ravi Tiwari\.m2\repository\com\netflix\servo\servo-core\0.12.21\servo-core-0.12.21.jar;C:\Users\Ravi Tiwari\.m2\repository\com\google\guava\guava\19.0\guava-19.0.jar;C:\Users\Ravi Tiwari\.m2\repository\org\apache\httpcomponents\httpclient\4.5.13\httpclient-4.5.13.jar;C:\Users\Ravi Tiwari\.m2\repository\org\apache\httpcomponents\httpcore\4.4.15\httpcore-4.4.15.jar;C:\Users\Ravi Tiwari\.m2\repository\commons-codec\commons-codec\1.15\commons-codec-1.15.jar;C:\Users\Ravi Tiwari\.m2\repository\commons-configuration\commons-configuration\1.10\commons-configuration-1.10.jar;C:\Users\Ravi Tiwari\.m2\repository\commons-lang\commons-lang\2.6\commons-lang-2.6.jar;C:\Users\Ravi Tiwari\.m2\repository\com\google\inject\guice\4.1.0\guice-4.1.0.jar;C:\Users\Ravi Tiwari\.m2\repository\javax\inject\javax.inject\1\javax.inject-1.jar;C:\Users\Ravi Tiwari\.m2\repository\com\fasterxml\jackson\core\jackson-annotations\2.13.2\jackson-annotations-2.13.2.jar;C:\Users\Ravi Tiwari\.m2\repository\com\fasterxml\jackson\core\jackson-core\2.13.2\jackson-core-2.13.2.jar;C:\Users\Ravi Tiwari\.m2\repository\org\codehaus\jettison\jettison\1.4.0\jettison-1.4.0.jar;C:\Users\Ravi Tiwari\.m2\repository\com\netflix\eureka\eureka-core\1.10.17\eureka-core-1.10.17.jar;C:\Users\Ravi Tiwari\.m2\repository\com\fasterxml\woodstox\woodstox-core\6.2.1\woodstox-core-6.2.1.jar;C:\Users\Ravi Tiwari\.m2\repository\org\codehaus\woodstox\stax2-api\4.2.1\stax2-api-4.2.1.jar;C:\Users\Ravi Tiwari\.m2\repository\org\springframework\cloud\spring-cloud-starter-loadbalancer\3.1.1\spring-cloud-starter-loadbalancer-3.1.1.jar;C:\Users\Ravi Tiwari\.m2\repository\org\springframework\cloud\spring-cloud-loadbalancer\3.1.1\spring-cloud-loadbalancer-3.1.1.jar;C:\Users\Ravi Tiwari\.m2\repository\io\projectreactor\reactor-core\3.4.16\reactor-core-3.4.16.jar;C:\Users\Ravi Tiwari\.m2\repository\org\reactivestreams\reactive-streams\1.0.3\reactive-streams-1.0.3.jar;C:\Users\Ravi Tiwari\.m2\repository\io\projectreactor\addons\reactor-extra\3.4.7\reactor-extra-3.4.7.jar;C:\Users\Ravi Tiwari\.m2\repository\org\springframework\boot\spring-boot-starter-cache\2.6.6\spring-boot-starter-cache-2.6.6.jar;C:\Users\Ravi Tiwari\.m2\repository\org\springframework\spring-context-support\5.3.18\spring-context-support-5.3.18.jar;C:\Users\Ravi Tiwari\.m2\repository\com\stoyanr\evictor\1.0.0\evictor-1.0.0.jar;C:\Users\Ravi Tiwari\.m2\repository\org\springdoc\springdoc-openapi-ui\1.6.6\springdoc-openapi-ui-1.6.6.jar;C:\Users\Ravi Tiwari\.m2\repository\org\springdoc\springdoc-openapi-webmvc-core\1.6.6\springdoc-openapi-webmvc-core-1.6.6.jar;C:\Users\Ravi Tiwari\.m2\repository\org\springdoc\springdoc-openapi-common\1.6.6\springdoc-openapi-common-1.6.6.jar;C:\Users\Ravi Tiwari\.m2\repository\io\swagger\core\v3\swagger-core\2.1.12\swagger-core-2.1.12.jar;C:\Users\Ravi Tiwari\.m2\repository\org\apache\commons\commons-lang3\3.12.0\commons-lang3-3.12.0.jar;C:\Users\Ravi Tiwari\.m2\repository\com\fasterxml\jackson\dataformat\jackson-dataformat-yaml\2.13.2\jackson-dataformat-yaml-2.13.2.jar;C:\Users\Ravi Tiwari\.m2\repository\io\swagger\core\v3\swagger-annotations\2.1.12\swagger-annotations-2.1.12.jar;C:\Users\Ravi Tiwari\.m2\repository\io\swagger\core\v3\swagger-models\2.1.12\swagger-models-2.1.12.jar;C:\Users\Ravi Tiwari\.m2\repository\jakarta\validation\jakarta.validation-api\2.0.2\jakarta.validation-api-2.0.2.jar;C:\Users\Ravi Tiwari\.m2\repository\org\webjars\swagger-ui\4.5.0\swagger-ui-4.5.0.jar;C:\Users\Ravi Tiwari\.m2\repository\org\webjars\webjars-locator-core\0.48\webjars-locator-core-0.48.jar;C:\Users\Ravi Tiwari\.m2\repository\io\github\classgraph\classgraph\4.8.138\classgraph-4.8.138.jar
Launcher Type: SUN_STANDARD

[Global flags]
     intx CICompilerCount                          = 3                                         {product} {ergonomic}
     uint ConcGCThreads                            = 1                                         {product} {ergonomic}
     uint G1ConcRefinementThreads                  = 4                                         {product} {ergonomic}
   size_t G1HeapRegionSize                         = 1048576                                   {product} {ergonomic}
    uintx GCDrainStackTargetSize                   = 64                                        {product} {ergonomic}
   size_t InitialHeapSize                          = 67108864                                  {product} {ergonomic}
   size_t MarkStackSize                            = 4194304                                   {product} {ergonomic}
   size_t MaxHeapSize                              = 1046478848                                {product} {ergonomic}
   size_t MaxNewSize                               = 627048448                                 {product} {ergonomic}
   size_t MinHeapDeltaBytes                        = 1048576                                   {product} {ergonomic}
   size_t MinHeapSize                              = 8388608                                   {product} {ergonomic}
    uintx NonNMethodCodeHeapSize                   = 5832780                                {pd product} {ergonomic}
    uintx NonProfiledCodeHeapSize                  = 122912730                              {pd product} {ergonomic}
    uintx ProfiledCodeHeapSize                     = 122912730                              {pd product} {ergonomic}
    uintx ReservedCodeCacheSize                    = 251658240                              {pd product} {ergonomic}
     bool SegmentedCodeCache                       = true                                      {product} {ergonomic}
   size_t SoftMaxHeapSize                          = 1046478848                             {manageable} {ergonomic}
     bool UseCompressedClassPointers               = true                           {product lp64_product} {ergonomic}
     bool UseCompressedOops                        = true                           {product lp64_product} {ergonomic}
     bool UseG1GC                                  = true                                      {product} {ergonomic}
     bool UseLargePagesIndividualAllocation        = false                                  {pd product} {ergonomic}

Logging:
Log output configuration:
 #0: stdout all=warning uptime,level,tags foldmultilines=false
 #1: stderr all=off uptime,level,tags foldmultilines=false

Environment Variables:
JAVA_HOME=C:\Program Files\Java\jdk-17.0.1
PATH=C:\Program Files\Common Files\Oracle\Java\javapath;C:\WINDOWS\system32;C:\WINDOWS;C:\WINDOWS\System32\Wbem;C:\WINDOWS\System32\WindowsPowerShell\v1.0\;C:\WINDOWS\System32\OpenSSH\;C:\Program Files\Git\cmd;C:\Program Files\nodejs\;C:\Users\Ravi Tiwari\AppData\Local\Microsoft\WindowsApps;C:\Windows\System32\cmd.exe;C:\Program Files\MongoDB\Server\5.0\bin;C:\Users\Ravi Tiwari\AppData\Local\Programs\mongosh\;C:\Users\Ravi Tiwari\Downloads\mongosh-1.1.7-win32-x64\mongosh-1.1.7-win32-x64\bin;C:\Program Files\MongoDB\Server\5.0\tools;C:\Program Files\Java\jdk-17.0.1\bin;C:\Users\Ravi Tiwari\AppData\Local\Programs\Microsoft VS Code\bin;C:\Users\Ravi Tiwari\AppData\Local\GitHubDesktop\bin;C:\Users\Ravi Tiwari\AppData\Roaming\npm;;C:\Program Files\JetBrains\IntelliJ IDEA Community Edition 2022.1\bin;
USERNAME=Ravi Tiwari
OS=Windows_NT
PROCESSOR_IDENTIFIER=Intel64 Family 6 Model 61 Stepping 4, GenuineIntel



---------------  S Y S T E M  ---------------

OS:
 Windows 10 , 64 bit Build 19041 (10.0.19041.1706)
OS uptime: 5 days 13:43 hours

CPU: total 4 (initial active 4) (2 cores per cpu, 2 threads per core) family 6 model 61 stepping 4 microcode 0x2d, cx8, cmov, fxsr, ht, mmx, 3dnowpref, sse, sse2, sse3, ssse3, sse4.1, sse4.2, popcnt, lzcnt, tsc, tscinvbit, avx, avx2, aes, erms, clmul, bmi1, bmi2, rtm, adx, fma, vzeroupper, clflush

Memory: 4k page, system-wide physical 3987M (512M free)
TotalPageFile size 11379M (AvailPageFile size 1M)
current process WorkingSet (physical memory assigned to process): 64M, peak: 64M
current process commit charge ("private bytes"): 146M, peak: 146M

vm_info: OpenJDK 64-Bit Server VM (18+36-2087) for windows-amd64 JRE (18+36-2087), built on Feb 15 2022 09:37:35 by "mach5one" with MS VC++ 16.8 / 16.9 (VS2019)

END.
