2022-05-29 16:02:12,627 INFO  StartupInfoLogger:55 - [] Starting FlightDetailsApplication using Java 17.0.1 on DESKTOP-IKN7B9A with PID 10268 (C:\Users\Ravi Tiwari\Desktop\Capgemini\Case Study\flight-details\target\classes started by Ravi Tiwari in C:\Users\Ravi Tiwari\Desktop\Capgemini\Case Study\flight-details)
2022-05-29 16:02:12,645 INFO  SpringApplication:640 - [] No active profile set, falling back to 1 default profile: "default"
2022-05-29 16:02:12,766 INFO  DeferredLog:255 - [] Devtools property defaults active! Set 'spring.devtools.add-properties' to 'false' to disable
2022-05-29 16:02:12,767 INFO  DeferredLog:255 - [] For additional web related logging consider setting the 'logging.level.web' property to 'DEBUG'
2022-05-29 16:02:15,893 INFO  RepositoryConfigurationDelegate:132 - [] Bootstrapping Spring Data MongoDB repositories in DEFAULT mode.
2022-05-29 16:02:16,336 INFO  RepositoryConfigurationDelegate:201 - [] Finished Spring Data repository scanning in 432 ms. Found 1 MongoDB repository interfaces.
2022-05-29 16:02:16,928 INFO  GenericScope:283 - [] BeanFactory id=dd2cf2fb-52f0-34fa-9e80-2b2af73a5ea3
2022-05-29 16:02:18,596 INFO  TomcatWebServer:108 - [] Tomcat initialized with port(s): 8080 (http)
2022-05-29 16:02:18,618 INFO  DirectJDKLog:173 - [] Starting service [Tomcat]
2022-05-29 16:02:18,619 INFO  DirectJDKLog:173 - [] Starting Servlet engine: [Apache Tomcat/9.0.60]
2022-05-29 16:02:18,792 INFO  DirectJDKLog:173 - [] Initializing Spring embedded WebApplicationContext
2022-05-29 16:02:18,793 INFO  ServletWebServerApplicationContext:290 - [] Root WebApplicationContext: initialization completed in 6024 ms
2022-05-29 16:02:19,050 INFO  SLF4JLogger:71 - [] Cluster created with settings {hosts=[localhost:27017], mode=SINGLE, requiredClusterType=UNKNOWN, serverSelectionTimeout='30000 ms'}
2022-05-29 16:02:19,199 INFO  SLF4JLogger:71 - [] Opened connection [connectionId{localValue:1, serverValue:2}] to localhost:27017
2022-05-29 16:02:19,199 INFO  SLF4JLogger:71 - [] Opened connection [connectionId{localValue:2, serverValue:1}] to localhost:27017
2022-05-29 16:02:19,200 INFO  SLF4JLogger:71 - [] Monitor thread successfully connected to server with description ServerDescription{address=localhost:27017, type=STANDALONE, state=CONNECTED, ok=true, minWireVersion=0, maxWireVersion=13, maxDocumentSize=16777216, logicalSessionTimeoutMinutes=30, roundTripTimeNanos=72994300}
2022-05-29 16:02:19,250 WARN  CustomConversions:261 - [] Registering converter from class java.time.LocalDateTime to class org.joda.time.LocalDateTime as reading converter although it doesn't convert from a store-supported type! You might want to check your annotation setup at the converter implementation.
2022-05-29 16:02:19,408 WARN  OptionalLiveReloadServer:61 - [] Unable to start LiveReload server
2022-05-29 16:02:19,543 WARN  CustomConversions:261 - [] Registering converter from class java.time.LocalDateTime to class org.joda.time.LocalDateTime as reading converter although it doesn't convert from a store-supported type! You might want to check your annotation setup at the converter implementation.
2022-05-29 16:02:22,851 INFO  DiscoveryClientOptionalArgsConfiguration:68 - [] Eureka HTTP Client uses RestTemplate.
2022-05-29 16:02:23,113 WARN  LoadBalancerCacheAutoConfiguration$LoadBalancerCaffeineWarnLogger:82 - [] Spring Cloud LoadBalancer is currently working with the default cache. While this cache implementation is useful for development and tests, it's recommended to use Caffeine cache in production.You can switch to using Caffeine cache, by adding it and org.springframework.cache.caffeine.CaffeineCacheManager to the classpath.
2022-05-29 16:02:23,153 INFO  InstanceInfoFactory:67 - [] Setting initial instance status as: STARTING
2022-05-29 16:02:23,317 INFO  DiscoveryClient:372 - [] Initializing Eureka in region us-east-1
2022-05-29 16:02:23,340 INFO  ConfigClusterResolver:43 - [] Resolving eureka endpoints via configuration
2022-05-29 16:02:23,406 INFO  DiscoveryClient:1007 - [] Disable delta property : false
2022-05-29 16:02:23,407 INFO  DiscoveryClient:1008 - [] Single vip registry refresh property : null
2022-05-29 16:02:23,407 INFO  DiscoveryClient:1009 - [] Force full registry fetch : false
2022-05-29 16:02:23,407 INFO  DiscoveryClient:1010 - [] Application is null : false
2022-05-29 16:02:23,408 INFO  DiscoveryClient:1011 - [] Registered Applications size is zero : true
2022-05-29 16:02:23,408 INFO  DiscoveryClient:1013 - [] Application version is -1: true
2022-05-29 16:02:23,409 INFO  DiscoveryClient:1097 - [] Getting all instance registry info from the eureka server
2022-05-29 16:02:24,028 INFO  DiscoveryClient:1106 - [] The response status is 200
2022-05-29 16:02:24,033 INFO  DiscoveryClient:1321 - [] Starting heartbeat executor: renew interval is: 30
2022-05-29 16:02:24,037 INFO  InstanceInfoReplicator:60 - [] InstanceInfoReplicator onDemand update allowed rate per min is 4
2022-05-29 16:02:24,047 INFO  DiscoveryClient:492 - [] Discovery Client initialized at timestamp 1653820344044 with initial instances count: 1
2022-05-29 16:02:24,049 INFO  EurekaServiceRegistry:41 - [] Registering application FLIGHT-DETAILS with eureka with status UP
2022-05-29 16:02:24,050 INFO  DiscoveryClient$3:1352 - [] Saw local status change event StatusChangeEvent [timestamp=1653820344050, current=UP, previous=STARTING]
2022-05-29 16:02:24,053 INFO  DiscoveryClient:873 - [] DiscoveryClient_FLIGHT-DETAILS/DESKTOP-IKN7B9A:flight-details: registering service...
2022-05-29 16:02:24,124 INFO  TomcatWebServer:220 - [] Tomcat started on port(s): 8080 (http) with context path ''
2022-05-29 16:02:24,125 INFO  EurekaAutoServiceRegistration:144 - [] Updating port to 8080
2022-05-29 16:02:24,174 INFO  DiscoveryClient:882 - [] DiscoveryClient_FLIGHT-DETAILS/DESKTOP-IKN7B9A:flight-details - registration status: 204
2022-05-29 16:02:24,342 INFO  StartupInfoLogger:61 - [] Started FlightDetailsApplication in 13.252 seconds (JVM running for 14.657)
2022-05-29 16:07:23,465 INFO  ConfigClusterResolver:43 - [] Resolving eureka endpoints via configuration
2022-05-29 16:12:23,565 INFO  ConfigClusterResolver:43 - [] Resolving eureka endpoints via configuration
2022-05-29 16:14:52,325 INFO  DirectJDKLog:173 - [] Initializing Spring DispatcherServlet 'dispatcherServlet'
2022-05-29 16:14:52,329 INFO  FrameworkServlet:525 - [] Initializing Servlet 'dispatcherServlet'
2022-05-29 16:14:52,447 INFO  FrameworkServlet:547 - [] Completed initialization in 117 ms
2022-05-29 16:14:52,995 INFO  SLF4JLogger:71 - [] Opened connection [connectionId{localValue:3, serverValue:9}] to localhost:27017
2022-05-29 16:17:23,610 INFO  ConfigClusterResolver:43 - [] Resolving eureka endpoints via configuration
2022-05-29 16:22:23,651 INFO  ConfigClusterResolver:43 - [] Resolving eureka endpoints via configuration
2022-05-29 16:27:23,856 INFO  ConfigClusterResolver:43 - [] Resolving eureka endpoints via configuration
2022-05-29 16:32:23,896 INFO  ConfigClusterResolver:43 - [] Resolving eureka endpoints via configuration
2022-05-29 16:37:23,924 INFO  ConfigClusterResolver:43 - [] Resolving eureka endpoints via configuration
2022-05-29 16:39:39,041 INFO  EurekaServiceRegistry:62 - [] Unregistering application FLIGHT-DETAILS with eureka with status DOWN
2022-05-29 16:39:39,059 INFO  DiscoveryClient$3:1352 - [] Saw local status change event StatusChangeEvent [timestamp=1653822579059, current=DOWN, previous=UP]
2022-05-29 16:39:39,091 INFO  DiscoveryClient:873 - [] DiscoveryClient_FLIGHT-DETAILS/DESKTOP-IKN7B9A:flight-details: registering service...
2022-05-29 16:39:39,900 INFO  DiscoveryClient:882 - [] DiscoveryClient_FLIGHT-DETAILS/DESKTOP-IKN7B9A:flight-details - registration status: 204
2022-05-29 16:39:40,610 INFO  DiscoveryClient:935 - [] Shutting down DiscoveryClient ...
2022-05-29 16:39:43,643 INFO  DiscoveryClient:971 - [] Unregistering ...
2022-05-29 16:39:43,665 INFO  DiscoveryClient:973 - [] DiscoveryClient_FLIGHT-DETAILS/DESKTOP-IKN7B9A:flight-details - deregister  status: 200
2022-05-29 16:39:43,700 INFO  DiscoveryClient:960 - [] Completed shut down of DiscoveryClient
