#
# There is insufficient memory for the Java Runtime Environment to continue.
# Native memory allocation (mmap) failed to map 76546048 bytes for G1 virtual space
# Possible reasons:
#   The system is out of physical RAM or swap space
#   The process is running with CompressedOops enabled, and the Java Heap may be blocking the growth of the native heap
# Possible solutions:
#   Reduce memory load on the system
#   Increase physical memory or swap space
#   Check if swap backing store is full
#   Decrease Java heap size (-Xmx/-Xms)
#   Decrease number of Java threads
#   Decrease Java thread stack sizes (-Xss)
#   Set larger code cache with -XX:ReservedCodeCacheSize=
#   JVM is running with Unscaled Compressed Oops mode in which the Java heap is
#     placed in the first 4GB address space. The Java Heap base address is the
#     maximum limit for the native heap growth. Please use -XX:HeapBaseMinAddress
#     to set the Java Heap base and to place the Java Heap above 4GB virtual address.
# This output file may be truncated or incomplete.
#
#  Out of Memory Error (os_windows.cpp:3469), pid=11628, tid=13880
#
# JRE version: Java(TM) SE Runtime Environment (17.0.1+12) (build 17.0.1+12-LTS-39)
# Java VM: Java HotSpot(TM) 64-Bit Server VM (17.0.1+12-LTS-39, mixed mode, sharing, tiered, compressed oops, compressed class ptrs, g1 gc, windows-amd64)
# No core dump will be written. Minidumps are not enabled by default on client versions of Windows
#

---------------  S U M M A R Y ------------

Command Line: -javaagent:C:\Program Files\JetBrains\IntelliJ IDEA Community Edition 2022.1\lib\idea_rt.jar=54270:C:\Program Files\JetBrains\IntelliJ IDEA Community Edition 2022.1\bin -Dfile.encoding=UTF-8 com.flight.flightdetails.FlightDetailsApplication

Host: Intel(R) Core(TM) i7-5600U CPU @ 2.60GHz, 4 cores, 3G,  Windows 10 , 64 bit Build 19041 (10.0.19041.1706)
Time: Fri May 20 13:11:35 2022 India Standard Time elapsed time: 12.359708 seconds (0d 0h 0m 12s)

---------------  T H R E A D  ---------------

Current thread (0x000002dc463e5090):  VMThread "VM Thread" [stack: 0x000000fa37d00000,0x000000fa37e00000] [id=13880]

Stack: [0x000000fa37d00000,0x000000fa37e00000]
Native frames: (J=compiled Java code, j=interpreted, Vv=VM code, C=native code)
V  [jvm.dll+0x66fa1a]
V  [jvm.dll+0x7ce5a4]
V  [jvm.dll+0x7cfd4e]
V  [jvm.dll+0x7d03b3]
V  [jvm.dll+0x242b05]
V  [jvm.dll+0x66ca39]
V  [jvm.dll+0x661502]
V  [jvm.dll+0x30081b]
V  [jvm.dll+0x307da6]
V  [jvm.dll+0x357a1e]
V  [jvm.dll+0x357c4f]
V  [jvm.dll+0x2d7ad8]
V  [jvm.dll+0x2d5da4]
V  [jvm.dll+0x2d53ac]
V  [jvm.dll+0x318d0b]
V  [jvm.dll+0x7d484b]
V  [jvm.dll+0x7d5584]
V  [jvm.dll+0x7d5a9c]
V  [jvm.dll+0x7d5e74]
V  [jvm.dll+0x7d5f40]
V  [jvm.dll+0x77e91a]
V  [jvm.dll+0x66e845]
C  [ucrtbase.dll+0x21bb2]
C  [KERNEL32.DLL+0x17034]
C  [ntdll.dll+0x52651]

VM_Operation (0x000000fa398fd900): G1CollectForAllocation, mode: safepoint, requested by thread 0x000002dc660d8a50


---------------  P R O C E S S  ---------------

Threads class SMR info:
_java_thread_list=0x000002dc6696ee00, length=29, elements={
0x000002dc4633e130, 0x000002dc463eac00, 0x000002dc463ed990, 0x000002dc463fefe0,
0x000002dc46402cc0, 0x000002dc46403580, 0x000002dc46403e40, 0x000002dc46404ae0,
0x000002dc6153fb40, 0x000002dc61542800, 0x000002dc620203b0, 0x000002dc6224d740,
0x000002dc62500d30, 0x000002dc62808900, 0x000002dc62b835d0, 0x000002dc62318230,
0x000002dc653da910, 0x000002dc653ce1b0, 0x000002dc65578020, 0x000002dc64a19d80,
0x000002dc652f8a80, 0x000002dc660d8a50, 0x000002dc660d98c0, 0x000002dc660da730,
0x000002dc660d9d90, 0x000002dc660dac00, 0x000002dc660d80b0, 0x000002dc660da260,
0x000002dc660db0d0
}

Java Threads: ( => current thread )
  0x000002dc4633e130 JavaThread "main" [_thread_blocked, id=412, stack(0x000000fa37700000,0x000000fa37800000)]
  0x000002dc463eac00 JavaThread "Reference Handler" daemon [_thread_blocked, id=744, stack(0x000000fa37e00000,0x000000fa37f00000)]
  0x000002dc463ed990 JavaThread "Finalizer" daemon [_thread_blocked, id=14268, stack(0x000000fa37f00000,0x000000fa38000000)]
  0x000002dc463fefe0 JavaThread "Signal Dispatcher" daemon [_thread_blocked, id=3848, stack(0x000000fa38000000,0x000000fa38100000)]
  0x000002dc46402cc0 JavaThread "Attach Listener" daemon [_thread_blocked, id=14548, stack(0x000000fa38100000,0x000000fa38200000)]
  0x000002dc46403580 JavaThread "Service Thread" daemon [_thread_blocked, id=9924, stack(0x000000fa38200000,0x000000fa38300000)]
  0x000002dc46403e40 JavaThread "Monitor Deflation Thread" daemon [_thread_blocked, id=9992, stack(0x000000fa38300000,0x000000fa38400000)]
  0x000002dc46404ae0 JavaThread "C2 CompilerThread0" daemon [_thread_blocked, id=4132, stack(0x000000fa38400000,0x000000fa38500000)]
  0x000002dc6153fb40 JavaThread "C1 CompilerThread0" daemon [_thread_blocked, id=8184, stack(0x000000fa38500000,0x000000fa38600000)]
  0x000002dc61542800 JavaThread "Sweeper thread" daemon [_thread_blocked, id=14324, stack(0x000000fa38600000,0x000000fa38700000)]
  0x000002dc620203b0 JavaThread "Common-Cleaner" daemon [_thread_blocked, id=12148, stack(0x000000fa38700000,0x000000fa38800000)]
  0x000002dc6224d740 JavaThread "Monitor Ctrl-Break" daemon [_thread_in_native, id=13552, stack(0x000000fa38800000,0x000000fa38900000)]
  0x000002dc62500d30 JavaThread "Notification Thread" daemon [_thread_blocked, id=13692, stack(0x000000fa38900000,0x000000fa38a00000)]
  0x000002dc62808900 JavaThread "Thread-0" [_thread_blocked, id=8788, stack(0x000000fa38f00000,0x000000fa39000000)]
  0x000002dc62b835d0 JavaThread "restartedMain" [_thread_blocked, id=15108, stack(0x000000fa38e00000,0x000000fa38f00000)]
  0x000002dc62318230 JavaThread "C2 CompilerThread1" daemon [_thread_blocked, id=7060, stack(0x000000fa39000000,0x000000fa39100000)]
  0x000002dc653da910 JavaThread "Catalina-utility-1" [_thread_blocked, id=14440, stack(0x000000fa39100000,0x000000fa39200000)]
  0x000002dc653ce1b0 JavaThread "Catalina-utility-2" [_thread_blocked, id=12204, stack(0x000000fa39200000,0x000000fa39300000)]
  0x000002dc65578020 JavaThread "container-0" [_thread_blocked, id=7292, stack(0x000000fa39300000,0x000000fa39400000)]
  0x000002dc64a19d80 JavaThread "cluster-ClusterId{value='6287462cfdbd8f50427e6800', description='null'}-localhost:27017" daemon [_thread_blocked, id=9072, stack(0x000000fa39400000,0x000000fa39500000)]
  0x000002dc652f8a80 JavaThread "cluster-rtt-ClusterId{value='6287462cfdbd8f50427e6800', description='null'}-localhost:27017" daemon [_thread_blocked, id=13984, stack(0x000000fa39500000,0x000000fa39600000)]
  0x000002dc660d8a50 JavaThread "ClassGraph-worker-16" daemon [_thread_blocked, id=7448, stack(0x000000fa39800000,0x000000fa39900000)]
  0x000002dc660d98c0 JavaThread "ClassGraph-worker-17" daemon [_thread_blocked, id=9336, stack(0x000000fa39900000,0x000000fa39a00000)]
  0x000002dc660da730 JavaThread "ClassGraph-worker-18" daemon [_thread_blocked, id=2768, stack(0x000000fa39a00000,0x000000fa39b00000)]
  0x000002dc660d9d90 JavaThread "ClassGraph-worker-19" daemon [_thread_blocked, id=6040, stack(0x000000fa39b00000,0x000000fa39c00000)]
  0x000002dc660dac00 JavaThread "ClassGraph-worker-20" daemon [_thread_blocked, id=3248, stack(0x000000fa39c00000,0x000000fa39d00000)]
  0x000002dc660d80b0 JavaThread "ClassGraph-worker-21" daemon [_thread_blocked, id=9956, stack(0x000000fa39d00000,0x000000fa39e00000)]
  0x000002dc660da260 JavaThread "ClassGraph-worker-22" daemon [_thread_blocked, id=15076, stack(0x000000fa39e00000,0x000000fa39f00000)]
  0x000002dc660db0d0 JavaThread "ClassGraph-worker-23" daemon [_thread_blocked, id=15048, stack(0x000000fa39f00000,0x000000fa3a000000)]

Other Threads:
=>0x000002dc463e5090 VMThread "VM Thread" [stack: 0x000000fa37d00000,0x000000fa37e00000] [id=13880]
  0x000002dc623e5840 WatcherThread [stack: 0x000000fa38a00000,0x000000fa38b00000] [id=12140]
  0x000002dc4636c9a0 GCTaskThread "GC Thread#0" [stack: 0x000000fa37800000,0x000000fa37900000] [id=10572]
  0x000002dc623e66f0 GCTaskThread "GC Thread#1" [stack: 0x000000fa38b00000,0x000000fa38c00000] [id=14868]
  0x000002dc62344060 GCTaskThread "GC Thread#2" [stack: 0x000000fa38c00000,0x000000fa38d00000] [id=6976]
  0x000002dc626f6f20 GCTaskThread "GC Thread#3" [stack: 0x000000fa38d00000,0x000000fa38e00000] [id=9312]
  0x000002dc463764c0 ConcurrentGCThread "G1 Main Marker" [stack: 0x000000fa37900000,0x000000fa37a00000] [id=6728]
  0x000002dc46376de0 ConcurrentGCThread "G1 Conc#0" [stack: 0x000000fa37a00000,0x000000fa37b00000] [id=11312]
  0x000002dc463c3be0 ConcurrentGCThread "G1 Refine#0" [stack: 0x000000fa37b00000,0x000000fa37c00000] [id=9592]
  0x000002dc65654b80 ConcurrentGCThread "G1 Refine#1" [stack: 0x000000fa39700000,0x000000fa39800000] [id=10756]
  0x000002dc463c5520 ConcurrentGCThread "G1 Service" [stack: 0x000000fa37c00000,0x000000fa37d00000] [id=760]

Threads with active compile tasks:
C2 CompilerThread0    12407 5013 % !   4       nonapi.io.github.classgraph.fastzipfilereader.LogicalZipFile::readCentralDirectory @ 1477 (3373 bytes)
C2 CompilerThread1    12407 4997       4       java.io.WinNTFileSystem::normalize (224 bytes)

VM state: at safepoint (normal execution)

VM Mutex/Monitor currently owned by a thread:  ([mutex/lock_event])
[0x000002dc4633ab50] Threads_lock - owner thread: 0x000002dc463e5090
[0x000002dc4633b600] Heap_lock - owner thread: 0x000002dc660d8a50

Heap address: 0x00000000c1a00000, size: 998 MB, Compressed Oops mode: 32-bit

CDS archive(s) mapped at: [0x0000000800000000-0x0000000800bc0000-0x0000000800bc0000), size 12320768, SharedBaseAddress: 0x0000000800000000, ArchiveRelocationMode: 0.
Compressed class space mapped at: 0x0000000800c00000-0x0000000840c00000, reserved size: 1073741824
Narrow klass base: 0x0000000800000000, Narrow klass shift: 0, Narrow klass range: 0x100000000

GC Precious Log:
 CPUs: 4 total, 4 available
 Memory: 3987M
 Large Page Support: Disabled
 NUMA Support: Disabled
 Compressed Oops: Enabled (32-bit)
 Heap Region Size: 1M
 Heap Min Capacity: 8M
 Heap Initial Capacity: 64M
 Heap Max Capacity: 998M
 Pre-touch: Disabled
 Parallel Workers: 4
 Concurrent Workers: 1
 Concurrent Refinement Workers: 4
 Periodic GC: Disabled

Heap:
 garbage-first heap   total 73728K, used 45940K [0x00000000c1a00000, 0x0000000100000000)
  region size 1024K, 2 young (2048K), 2 survivors (2048K)
 Metaspace       used 40220K, committed 40512K, reserved 1089536K
  class space    used 5224K, committed 5376K, reserved 1048576K

Heap Regions: E=young(eden), S=young(survivor), O=old, HS=humongous(starts), HC=humongous(continues), CS=collection set, F=free, OA=open archive, CA=closed archive, TAMS=top-at-mark-start (previous, next)
|   0|0x00000000c1a00000, 0x00000000c1b00000, 0x00000000c1b00000|100%| O|  |TAMS 0x00000000c1b00000, 0x00000000c1b00000| Untracked 
|   1|0x00000000c1b00000, 0x00000000c1c00000, 0x00000000c1c00000|100%| O|  |TAMS 0x00000000c1c00000, 0x00000000c1c00000| Untracked 
|   2|0x00000000c1c00000, 0x00000000c1d00000, 0x00000000c1d00000|100%| O|  |TAMS 0x00000000c1d00000, 0x00000000c1d00000| Untracked 
|   3|0x00000000c1d00000, 0x00000000c1e00000, 0x00000000c1e00000|100%| O|  |TAMS 0x00000000c1e00000, 0x00000000c1e00000| Untracked 
|   4|0x00000000c1e00000, 0x00000000c1f00000, 0x00000000c1f00000|100%| O|  |TAMS 0x00000000c1f00000, 0x00000000c1f00000| Untracked 
|   5|0x00000000c1f00000, 0x00000000c2000000, 0x00000000c2000000|100%| O|  |TAMS 0x00000000c2000000, 0x00000000c2000000| Untracked 
|   6|0x00000000c2000000, 0x00000000c2100000, 0x00000000c2100000|100%| O|  |TAMS 0x00000000c2100000, 0x00000000c2100000| Untracked 
|   7|0x00000000c2100000, 0x00000000c2200000, 0x00000000c2200000|100%| O|  |TAMS 0x00000000c2200000, 0x00000000c2200000| Untracked 
|   8|0x00000000c2200000, 0x00000000c2300000, 0x00000000c2300000|100%| O|  |TAMS 0x00000000c2300000, 0x00000000c2300000| Untracked 
|   9|0x00000000c2300000, 0x00000000c2400000, 0x00000000c2400000|100%| O|  |TAMS 0x00000000c2400000, 0x00000000c2400000| Untracked 
|  10|0x00000000c2400000, 0x00000000c2500000, 0x00000000c2500000|100%| O|  |TAMS 0x00000000c2500000, 0x00000000c2500000| Untracked 
|  11|0x00000000c2500000, 0x00000000c2600000, 0x00000000c2600000|100%| O|  |TAMS 0x00000000c2600000, 0x00000000c2600000| Untracked 
|  12|0x00000000c2600000, 0x00000000c2700000, 0x00000000c2700000|100%| O|  |TAMS 0x00000000c2700000, 0x00000000c2700000| Untracked 
|  13|0x00000000c2700000, 0x00000000c2800000, 0x00000000c2800000|100%| O|  |TAMS 0x00000000c2800000, 0x00000000c2800000| Untracked 
|  14|0x00000000c2800000, 0x00000000c2900000, 0x00000000c2900000|100%| O|  |TAMS 0x00000000c2900000, 0x00000000c2900000| Untracked 
|  15|0x00000000c2900000, 0x00000000c2a00000, 0x00000000c2a00000|100%| O|  |TAMS 0x00000000c2a00000, 0x00000000c2a00000| Untracked 
|  16|0x00000000c2a00000, 0x00000000c2b00000, 0x00000000c2b00000|100%| O|  |TAMS 0x00000000c2b00000, 0x00000000c2b00000| Untracked 
|  17|0x00000000c2b00000, 0x00000000c2c00000, 0x00000000c2c00000|100%| O|  |TAMS 0x00000000c2c00000, 0x00000000c2c00000| Untracked 
|  18|0x00000000c2c00000, 0x00000000c2d00000, 0x00000000c2d00000|100%| O|  |TAMS 0x00000000c2d00000, 0x00000000c2d00000| Untracked 
|  19|0x00000000c2d00000, 0x00000000c2e00000, 0x00000000c2e00000|100%| O|  |TAMS 0x00000000c2e00000, 0x00000000c2e00000| Untracked 
|  20|0x00000000c2e00000, 0x00000000c2f00000, 0x00000000c2f00000|100%| O|  |TAMS 0x00000000c2e00000, 0x00000000c2f00000| Untracked 
|  21|0x00000000c2f00000, 0x00000000c3000000, 0x00000000c3000000|100%| O|  |TAMS 0x00000000c3000000, 0x00000000c3000000| Untracked 
|  22|0x00000000c3000000, 0x00000000c3100000, 0x00000000c3100000|100%| O|  |TAMS 0x00000000c3100000, 0x00000000c3100000| Untracked 
|  23|0x00000000c3100000, 0x00000000c3200000, 0x00000000c3200000|100%| O|  |TAMS 0x00000000c3200000, 0x00000000c3200000| Untracked 
|  24|0x00000000c3200000, 0x00000000c3300000, 0x00000000c3300000|100%| O|  |TAMS 0x00000000c3300000, 0x00000000c3300000| Untracked 
|  25|0x00000000c3300000, 0x00000000c3400000, 0x00000000c3400000|100%| O|  |TAMS 0x00000000c3400000, 0x00000000c3400000| Untracked 
|  26|0x00000000c3400000, 0x00000000c3500000, 0x00000000c3500000|100%| O|  |TAMS 0x00000000c3500000, 0x00000000c3500000| Untracked 
|  27|0x00000000c3500000, 0x00000000c3600000, 0x00000000c3600000|100%| O|  |TAMS 0x00000000c3500000, 0x00000000c3600000| Untracked 
|  28|0x00000000c3600000, 0x00000000c3700000, 0x00000000c3700000|100%| O|  |TAMS 0x00000000c3600000, 0x00000000c3700000| Untracked 
|  29|0x00000000c3700000, 0x00000000c3800000, 0x00000000c3800000|100%| O|  |TAMS 0x00000000c37da000, 0x00000000c3800000| Untracked 
|  30|0x00000000c3800000, 0x00000000c3900000, 0x00000000c3900000|100%| O|  |TAMS 0x00000000c3800000, 0x00000000c3900000| Untracked 
|  31|0x00000000c3900000, 0x00000000c3a00000, 0x00000000c3a00000|100%| O|  |TAMS 0x00000000c3900000, 0x00000000c3a00000| Untracked 
|  32|0x00000000c3a00000, 0x00000000c3b00000, 0x00000000c3b00000|100%| O|  |TAMS 0x00000000c3a00000, 0x00000000c3b00000| Untracked 
|  33|0x00000000c3b00000, 0x00000000c3c00000, 0x00000000c3c00000|100%| O|  |TAMS 0x00000000c3b00000, 0x00000000c3c00000| Untracked 
|  34|0x00000000c3c00000, 0x00000000c3d00000, 0x00000000c3d00000|100%| O|  |TAMS 0x00000000c3c00000, 0x00000000c3d00000| Untracked 
|  35|0x00000000c3d00000, 0x00000000c3e00000, 0x00000000c3e00000|100%| O|  |TAMS 0x00000000c3d00000, 0x00000000c3e00000| Untracked 
|  36|0x00000000c3e00000, 0x00000000c3f00000, 0x00000000c3f00000|100%| O|  |TAMS 0x00000000c3e00000, 0x00000000c3f00000| Untracked 
|  37|0x00000000c3f00000, 0x00000000c4000000, 0x00000000c4000000|100%| O|  |TAMS 0x00000000c3f00000, 0x00000000c3f00000| Untracked 
|  38|0x00000000c4000000, 0x00000000c4100000, 0x00000000c4100000|100%| O|  |TAMS 0x00000000c4000000, 0x00000000c4100000| Untracked 
|  39|0x00000000c4100000, 0x00000000c4200000, 0x00000000c4200000|100%| O|  |TAMS 0x00000000c4100000, 0x00000000c41bcc00| Untracked 
|  40|0x00000000c4200000, 0x00000000c4300000, 0x00000000c4300000|100%| O|  |TAMS 0x00000000c4200000, 0x00000000c4200000| Untracked 
|  41|0x00000000c4300000, 0x00000000c4400000, 0x00000000c4400000|100%| O|  |TAMS 0x00000000c4300000, 0x00000000c4300000| Untracked 
|  42|0x00000000c4400000, 0x00000000c44dd000, 0x00000000c4500000| 86%| O|  |TAMS 0x00000000c4400000, 0x00000000c4400000| Untracked 
|  43|0x00000000c4500000, 0x00000000c4500000, 0x00000000c4600000|  0%| F|  |TAMS 0x00000000c4500000, 0x00000000c4500000| Untracked 
|  44|0x00000000c4600000, 0x00000000c4600000, 0x00000000c4700000|  0%| F|  |TAMS 0x00000000c4600000, 0x00000000c4600000| Untracked 
|  45|0x00000000c4700000, 0x00000000c4700000, 0x00000000c4800000|  0%| F|  |TAMS 0x00000000c4700000, 0x00000000c4700000| Untracked 
|  46|0x00000000c4800000, 0x00000000c4800000, 0x00000000c4900000|  0%| F|  |TAMS 0x00000000c4800000, 0x00000000c4800000| Untracked 
|  47|0x00000000c4900000, 0x00000000c4900000, 0x00000000c4a00000|  0%| F|  |TAMS 0x00000000c4900000, 0x00000000c4900000| Untracked 
|  48|0x00000000c4a00000, 0x00000000c4a00000, 0x00000000c4b00000|  0%| F|  |TAMS 0x00000000c4a00000, 0x00000000c4a00000| Untracked 
|  49|0x00000000c4b00000, 0x00000000c4b00000, 0x00000000c4c00000|  0%| F|  |TAMS 0x00000000c4b00000, 0x00000000c4b00000| Untracked 
|  50|0x00000000c4c00000, 0x00000000c4c00000, 0x00000000c4d00000|  0%| F|  |TAMS 0x00000000c4c00000, 0x00000000c4c00000| Untracked 
|  51|0x00000000c4d00000, 0x00000000c4d00000, 0x00000000c4e00000|  0%| F|  |TAMS 0x00000000c4d00000, 0x00000000c4d00000| Untracked 
|  52|0x00000000c4e00000, 0x00000000c4e00000, 0x00000000c4f00000|  0%| F|  |TAMS 0x00000000c4e00000, 0x00000000c4e00000| Untracked 
|  53|0x00000000c4f00000, 0x00000000c4f00000, 0x00000000c5000000|  0%| F|  |TAMS 0x00000000c4f00000, 0x00000000c4f00000| Untracked 
|  54|0x00000000c5000000, 0x00000000c5000000, 0x00000000c5100000|  0%| F|  |TAMS 0x00000000c5000000, 0x00000000c5000000| Untracked 
|  55|0x00000000c5100000, 0x00000000c5200000, 0x00000000c5200000|100%| S|CS|TAMS 0x00000000c5100000, 0x00000000c5100000| Complete 
|  56|0x00000000c5200000, 0x00000000c5300000, 0x00000000c5300000|100%| S|CS|TAMS 0x00000000c5200000, 0x00000000c5200000| Complete 
|  57|0x00000000c5300000, 0x00000000c5300000, 0x00000000c5400000|  0%| F|  |TAMS 0x00000000c5300000, 0x00000000c5300000| Untracked 
|  58|0x00000000c5400000, 0x00000000c5400000, 0x00000000c5500000|  0%| F|  |TAMS 0x00000000c5400000, 0x00000000c5400000| Untracked 
|  59|0x00000000c5500000, 0x00000000c5500000, 0x00000000c5600000|  0%| F|  |TAMS 0x00000000c5500000, 0x00000000c5500000| Untracked 
|  60|0x00000000c5600000, 0x00000000c5600000, 0x00000000c5700000|  0%| F|  |TAMS 0x00000000c5600000, 0x00000000c5600000| Untracked 
|  61|0x00000000c5700000, 0x00000000c5700000, 0x00000000c5800000|  0%| F|  |TAMS 0x00000000c5700000, 0x00000000c5700000| Untracked 
|  62|0x00000000c5800000, 0x00000000c5800000, 0x00000000c5900000|  0%| F|  |TAMS 0x00000000c5800000, 0x00000000c5800000| Untracked 
|  63|0x00000000c5900000, 0x00000000c5900000, 0x00000000c5a00000|  0%| F|  |TAMS 0x00000000c5900000, 0x00000000c5900000| Untracked 
|  64|0x00000000c5a00000, 0x00000000c5a00000, 0x00000000c5b00000|  0%| F|  |TAMS 0x00000000c5a00000, 0x00000000c5a00000| Untracked 
|  65|0x00000000c5b00000, 0x00000000c5b00000, 0x00000000c5c00000|  0%| F|  |TAMS 0x00000000c5b00000, 0x00000000c5b00000| Untracked 
|  66|0x00000000c5c00000, 0x00000000c5c00000, 0x00000000c5d00000|  0%| F|  |TAMS 0x00000000c5c00000, 0x00000000c5c00000| Untracked 
|  67|0x00000000c5d00000, 0x00000000c5d00000, 0x00000000c5e00000|  0%| F|  |TAMS 0x00000000c5d00000, 0x00000000c5d00000| Untracked 
|  68|0x00000000c5e00000, 0x00000000c5e00000, 0x00000000c5f00000|  0%| F|  |TAMS 0x00000000c5e00000, 0x00000000c5e00000| Untracked 
|  69|0x00000000c5f00000, 0x00000000c5f00000, 0x00000000c6000000|  0%| F|  |TAMS 0x00000000c5f00000, 0x00000000c5f00000| Untracked 
|  70|0x00000000c6000000, 0x00000000c6000000, 0x00000000c6100000|  0%| F|  |TAMS 0x00000000c6000000, 0x00000000c6000000| Untracked 
|  71|0x00000000c6100000, 0x00000000c6100000, 0x00000000c6200000|  0%| F|  |TAMS 0x00000000c6100000, 0x00000000c6100000| Untracked 

Card table byte_map: [0x000002dc5cd40000,0x000002dc5cf40000] _byte_map_base: 0x000002dc5c733000

Marking Bits (Prev, Next): (CMBitMap*) 0x000002dc4636df10, (CMBitMap*) 0x000002dc4636ded0
 Prev Bits: [0x000002dc5e0e0000, 0x000002dc5f078000)
 Next Bits: [0x000002dc5d140000, 0x000002dc5e0d8000)

Polling page: 0x000002dc440b0000

Metaspace:

Usage:
  Non-class:     34.18 MB used.
      Class:      5.10 MB used.
       Both:     39.28 MB used.

Virtual space:
  Non-class space:       40.00 MB reserved,      34.31 MB ( 86%) committed,  5 nodes.
      Class space:        1.00 GB reserved,       5.25 MB ( <1%) committed,  1 nodes.
             Both:        1.04 GB reserved,      39.56 MB (  4%) committed. 

Chunk freelists:
   Non-Class:  1.19 MB
       Class:  2.63 MB
        Both:  3.82 MB

MaxMetaspaceSize: unlimited
CompressedClassSpaceSize: 1.00 GB
Initial GC threshold: 21.00 MB
Current GC threshold: 65.94 MB
CDS: on
MetaspaceReclaimPolicy: balanced
 - commit_granule_bytes: 65536.
 - commit_granule_words: 8192.
 - virtual_space_node_default_size: 1048576.
 - enlarge_chunks_in_place: 1.
 - new_chunks_are_fully_committed: 0.
 - uncommit_free_chunks: 1.
 - use_allocation_guard: 0.
 - handle_deallocations: 1.


Internal statistics:

num_allocs_failed_limit: 3.
num_arena_births: 412.
num_arena_deaths: 0.
num_vsnodes_births: 6.
num_vsnodes_deaths: 0.
num_space_committed: 633.
num_space_uncommitted: 0.
num_chunks_returned_to_freelist: 3.
num_chunks_taken_from_freelist: 1871.
num_chunk_merges: 3.
num_chunk_splits: 1235.
num_chunks_enlarged: 925.
num_purges: 0.
num_inconsistent_stats: 0.

CodeHeap 'non-profiled nmethods': size=120000Kb used=2257Kb max_used=2527Kb free=117742Kb
 bounds [0x000002dc55610000, 0x000002dc55890000, 0x000002dc5cb40000]
CodeHeap 'profiled nmethods': size=120000Kb used=9233Kb max_used=10094Kb free=110767Kb
 bounds [0x000002dc4e0e0000, 0x000002dc4eaf0000, 0x000002dc55610000]
CodeHeap 'non-nmethods': size=5760Kb used=1207Kb max_used=1269Kb free=4552Kb
 bounds [0x000002dc4db40000, 0x000002dc4ddb0000, 0x000002dc4e0e0000]
 total_blobs=4802 nmethods=4293 adapters=421
 compilation: enabled
              stopped_count=0, restarted_count=0
 full_count=0

Compilation events (20 events):
Event: 12.323 Thread 0x000002dc6153fb40 5015       3       nonapi.io.github.classgraph.concurrency.WorkQueue::addWorkUnit (41 bytes)
Event: 12.324 Thread 0x000002dc6153fb40 nmethod 5015 0x000002dc4e5b1d10 code [0x000002dc4e5b1f00, 0x000002dc4e5b23a8]
Event: 12.325 Thread 0x000002dc6153fb40 5017       3       io.github.classgraph.ClasspathElementZip::newResource (16 bytes)
Event: 12.326 Thread 0x000002dc6153fb40 nmethod 5017 0x000002dc4e8ff910 code [0x000002dc4e8ffae0, 0x000002dc4e900078]
Event: 12.326 Thread 0x000002dc6153fb40 5018       3       io.github.classgraph.ClasspathElement::checkResourcePathAcceptReject (109 bytes)
Event: 12.327 Thread 0x000002dc6153fb40 nmethod 5018 0x000002dc4e0feb90 code [0x000002dc4e0feec0, 0x000002dc4e100558]
Event: 12.327 Thread 0x000002dc6153fb40 5019       3       java.util.concurrent.LinkedBlockingQueue::dequeue (32 bytes)
Event: 12.327 Thread 0x000002dc6153fb40 nmethod 5019 0x000002dc4e5b1890 code [0x000002dc4e5b1a20, 0x000002dc4e5b1c38]
Event: 12.327 Thread 0x000002dc6153fb40 5020       3       java.util.concurrent.atomic.AtomicInteger::getAndDecrement (12 bytes)
Event: 12.327 Thread 0x000002dc6153fb40 nmethod 5020 0x000002dc4e6f5090 code [0x000002dc4e6f5220, 0x000002dc4e6f5338]
Event: 12.329 Thread 0x000002dc6153fb40 5022       3       nonapi.io.github.classgraph.scanspec.AcceptReject::matchesPatternList (48 bytes)
Event: 12.329 Thread 0x000002dc6153fb40 nmethod 5022 0x000002dc4e8fee90 code [0x000002dc4e8ff0a0, 0x000002dc4e8ff728]
Event: 12.332 Thread 0x000002dc6153fb40 5025       3       nonapi.io.github.classgraph.scanspec.AcceptReject$AcceptRejectWholeString::acceptHasPrefix (20 bytes)
Event: 12.332 Thread 0x000002dc6153fb40 nmethod 5025 0x000002dc4e8fe790 code [0x000002dc4e8fe940, 0x000002dc4e8feb88]
Event: 12.332 Thread 0x000002dc6153fb40 5026       1       nonapi.io.github.classgraph.fastzipfilereader.PhysicalZipFile::getFile (5 bytes)
Event: 12.332 Thread 0x000002dc6153fb40 nmethod 5026 0x000002dc5569de10 code [0x000002dc5569dfa0, 0x000002dc5569e078]
Event: 12.333 Thread 0x000002dc6153fb40 5028       1       nonapi.io.github.classgraph.fastzipfilereader.PhysicalZipFile::getPath (5 bytes)
Event: 12.333 Thread 0x000002dc6153fb40 nmethod 5028 0x000002dc5577db90 code [0x000002dc5577dd20, 0x000002dc5577ddf8]
Event: 12.334 Thread 0x000002dc6153fb40 5030       3       nonapi.io.github.classgraph.concurrency.InterruptionChecker::checkAndReturn (37 bytes)
Event: 12.335 Thread 0x000002dc6153fb40 nmethod 5030 0x000002dc4e0f5a10 code [0x000002dc4e0f5c00, 0x000002dc4e0f61e8]

GC Heap History (20 events):
Event: 8.607 GC heap after
{Heap after GC invocations=11 (full 0):
 garbage-first heap   total 48128K, used 24614K [0x00000000c1a00000, 0x0000000100000000)
  region size 1024K, 3 young (3072K), 3 survivors (3072K)
 Metaspace       used 29396K, committed 29760K, reserved 1081344K
  class space    used 3741K, committed 3904K, reserved 1048576K
}
Event: 8.696 GC heap before
{Heap before GC invocations=12 (full 0):
 garbage-first heap   total 50176K, used 34854K [0x00000000c1a00000, 0x0000000100000000)
  region size 1024K, 13 young (13312K), 3 survivors (3072K)
 Metaspace       used 29404K, committed 29760K, reserved 1081344K
  class space    used 3742K, committed 3904K, reserved 1048576K
}
Event: 8.699 GC heap after
{Heap after GC invocations=13 (full 0):
 garbage-first heap   total 50176K, used 19859K [0x00000000c1a00000, 0x0000000100000000)
  region size 1024K, 1 young (1024K), 1 survivors (1024K)
 Metaspace       used 29404K, committed 29760K, reserved 1081344K
  class space    used 3742K, committed 3904K, reserved 1048576K
}
Event: 8.833 GC heap before
{Heap before GC invocations=13 (full 0):
 garbage-first heap   total 50176K, used 37267K [0x00000000c1a00000, 0x0000000100000000)
  region size 1024K, 18 young (18432K), 1 survivors (1024K)
 Metaspace       used 29895K, committed 30272K, reserved 1081344K
  class space    used 3791K, committed 3968K, reserved 1048576K
}
Event: 8.835 GC heap after
{Heap after GC invocations=14 (full 0):
 garbage-first heap   total 50176K, used 19783K [0x00000000c1a00000, 0x0000000100000000)
  region size 1024K, 1 young (1024K), 1 survivors (1024K)
 Metaspace       used 29895K, committed 30272K, reserved 1081344K
  class space    used 3791K, committed 3968K, reserved 1048576K
}
Event: 9.478 GC heap before
{Heap before GC invocations=14 (full 0):
 garbage-first heap   total 50176K, used 39239K [0x00000000c1a00000, 0x0000000100000000)
  region size 1024K, 20 young (20480K), 1 survivors (1024K)
 Metaspace       used 32353K, committed 32640K, reserved 1081344K
  class space    used 4133K, committed 4288K, reserved 1048576K
}
Event: 9.481 GC heap after
{Heap after GC invocations=15 (full 0):
 garbage-first heap   total 60416K, used 20579K [0x00000000c1a00000, 0x0000000100000000)
  region size 1024K, 2 young (2048K), 2 survivors (2048K)
 Metaspace       used 32353K, committed 32640K, reserved 1081344K
  class space    used 4133K, committed 4288K, reserved 1048576K
}
Event: 10.902 GC heap before
{Heap before GC invocations=15 (full 0):
 garbage-first heap   total 60416K, used 47203K [0x00000000c1a00000, 0x0000000100000000)
  region size 1024K, 28 young (28672K), 2 survivors (2048K)
 Metaspace       used 36490K, committed 36864K, reserved 1081344K
  class space    used 4773K, committed 4928K, reserved 1048576K
}
Event: 10.907 GC heap after
{Heap after GC invocations=16 (full 0):
 garbage-first heap   total 60416K, used 23141K [0x00000000c1a00000, 0x0000000100000000)
  region size 1024K, 4 young (4096K), 4 survivors (4096K)
 Metaspace       used 36490K, committed 36864K, reserved 1081344K
  class space    used 4773K, committed 4928K, reserved 1048576K
}
Event: 11.682 GC heap before
{Heap before GC invocations=16 (full 0):
 garbage-first heap   total 60416K, used 47717K [0x00000000c1a00000, 0x0000000100000000)
  region size 1024K, 28 young (28672K), 4 survivors (4096K)
 Metaspace       used 39965K, committed 40320K, reserved 1089536K
  class space    used 5212K, committed 5376K, reserved 1048576K
}
Event: 11.692 GC heap after
{Heap after GC invocations=17 (full 0):
 garbage-first heap   total 60416K, used 26752K [0x00000000c1a00000, 0x0000000100000000)
  region size 1024K, 4 young (4096K), 4 survivors (4096K)
 Metaspace       used 39965K, committed 40320K, reserved 1089536K
  class space    used 5212K, committed 5376K, reserved 1048576K
}
Event: 11.891 GC heap before
{Heap before GC invocations=17 (full 0):
 garbage-first heap   total 60416K, used 46208K [0x00000000c1a00000, 0x0000000100000000)
  region size 1024K, 23 young (23552K), 4 survivors (4096K)
 Metaspace       used 40035K, committed 40384K, reserved 1089536K
  class space    used 5212K, committed 5376K, reserved 1048576K
}
Event: 11.903 GC heap after
{Heap after GC invocations=18 (full 0):
 garbage-first heap   total 60416K, used 30568K [0x00000000c1a00000, 0x0000000100000000)
  region size 1024K, 3 young (3072K), 3 survivors (3072K)
 Metaspace       used 40035K, committed 40384K, reserved 1089536K
  class space    used 5212K, committed 5376K, reserved 1048576K
}
Event: 12.130 GC heap before
{Heap before GC invocations=18 (full 0):
 garbage-first heap   total 60416K, used 46952K [0x00000000c1a00000, 0x0000000100000000)
  region size 1024K, 19 young (19456K), 3 survivors (3072K)
 Metaspace       used 40206K, committed 40512K, reserved 1089536K
  class space    used 5224K, committed 5376K, reserved 1048576K
}
Event: 12.140 GC heap after
{Heap after GC invocations=19 (full 0):
 garbage-first heap   total 60416K, used 36021K [0x00000000c1a00000, 0x0000000100000000)
  region size 1024K, 3 young (3072K), 3 survivors (3072K)
 Metaspace       used 40206K, committed 40512K, reserved 1089536K
  class space    used 5224K, committed 5376K, reserved 1048576K
}
Event: 12.203 GC heap before
{Heap before GC invocations=19 (full 0):
 garbage-first heap   total 60416K, used 46261K [0x00000000c1a00000, 0x0000000100000000)
  region size 1024K, 13 young (13312K), 3 survivors (3072K)
 Metaspace       used 40214K, committed 40512K, reserved 1089536K
  class space    used 5224K, committed 5376K, reserved 1048576K
}
Event: 12.208 GC heap after
{Heap after GC invocations=20 (full 0):
 garbage-first heap   total 60416K, used 39848K [0x00000000c1a00000, 0x0000000100000000)
  region size 1024K, 2 young (2048K), 2 survivors (2048K)
 Metaspace       used 40214K, committed 40512K, reserved 1089536K
  class space    used 5224K, committed 5376K, reserved 1048576K
}
Event: 12.271 GC heap before
{Heap before GC invocations=21 (full 0):
 garbage-first heap   total 73728K, used 49064K [0x00000000c1a00000, 0x0000000100000000)
  region size 1024K, 10 young (10240K), 2 survivors (2048K)
 Metaspace       used 40218K, committed 40512K, reserved 1089536K
  class space    used 5224K, committed 5376K, reserved 1048576K
}
Event: 12.275 GC heap after
{Heap after GC invocations=22 (full 0):
 garbage-first heap   total 73728K, used 41715K [0x00000000c1a00000, 0x0000000100000000)
  region size 1024K, 2 young (2048K), 2 survivors (2048K)
 Metaspace       used 40218K, committed 40512K, reserved 1089536K
  class space    used 5224K, committed 5376K, reserved 1048576K
}
Event: 12.343 GC heap before
{Heap before GC invocations=22 (full 0):
 garbage-first heap   total 73728K, used 54003K [0x00000000c1a00000, 0x0000000100000000)
  region size 1024K, 15 young (15360K), 2 survivors (2048K)
 Metaspace       used 40220K, committed 40512K, reserved 1089536K
  class space    used 5224K, committed 5376K, reserved 1048576K
}

Deoptimization events (20 events):
Event: 12.102 Thread 0x000002dc660d8a50 DEOPT PACKING pc=0x000002dc4e20bf5b sp=0x000000fa398fe5f0
Event: 12.102 Thread 0x000002dc660d8a50 DEOPT UNPACKING pc=0x000002dc4db92b43 sp=0x000000fa398fdb70 mode 0
Event: 12.103 Thread 0x000002dc660d8a50 DEOPT PACKING pc=0x000002dc4eac5011 sp=0x000000fa398fedf0
Event: 12.103 Thread 0x000002dc660d8a50 DEOPT UNPACKING pc=0x000002dc4db92b43 sp=0x000000fa398fe4b0 mode 0
Event: 12.116 Thread 0x000002dc660da260 DEOPT PACKING pc=0x000002dc4eac5011 sp=0x000000fa39eff000
Event: 12.116 Thread 0x000002dc660da260 DEOPT UNPACKING pc=0x000002dc4db92b43 sp=0x000000fa39efe6c0 mode 0
Event: 12.124 Thread 0x000002dc660d8a50 DEOPT PACKING pc=0x000002dc4e20bf5b sp=0x000000fa398fe5f0
Event: 12.124 Thread 0x000002dc660d8a50 DEOPT UNPACKING pc=0x000002dc4db92b43 sp=0x000000fa398fdb70 mode 0
Event: 12.282 Thread 0x000002dc660d80b0 Uncommon trap: trap_request=0xffffff45 fr.pc=0x000002dc5578a708 relative=0x00000000000001c8
Event: 12.282 Thread 0x000002dc660d80b0 Uncommon trap: reason=unstable_if action=reinterpret pc=0x000002dc5578a708 method=java.util.concurrent.ConcurrentHashMap.addCount(JI)V @ 34 c2
Event: 12.282 Thread 0x000002dc660d80b0 DEOPT PACKING pc=0x000002dc5578a708 sp=0x000000fa39dfe210
Event: 12.282 Thread 0x000002dc660d80b0 DEOPT UNPACKING pc=0x000002dc4db923a3 sp=0x000000fa39dfe150 mode 2
Event: 12.284 Thread 0x000002dc660db0d0 Uncommon trap: trap_request=0xffffff45 fr.pc=0x000002dc556c7094 relative=0x0000000000000f74
Event: 12.284 Thread 0x000002dc660db0d0 Uncommon trap: reason=unstable_if action=reinterpret pc=0x000002dc556c7094 method=java.util.concurrent.ConcurrentHashMap.addCount(JI)V @ 7 c2
Event: 12.284 Thread 0x000002dc660db0d0 DEOPT PACKING pc=0x000002dc556c7094 sp=0x000000fa39ffdfd0
Event: 12.284 Thread 0x000002dc660db0d0 DEOPT UNPACKING pc=0x000002dc4db923a3 sp=0x000000fa39ffdea0 mode 2
Event: 12.291 Thread 0x000002dc660d8a50 DEOPT PACKING pc=0x000002dc4e213788 sp=0x000000fa398fea90
Event: 12.291 Thread 0x000002dc660d8a50 DEOPT UNPACKING pc=0x000002dc4db92b43 sp=0x000000fa398fdf88 mode 0
Event: 12.292 Thread 0x000002dc660da730 DEOPT PACKING pc=0x000002dc4e13e94b sp=0x000000fa39afe7e0
Event: 12.293 Thread 0x000002dc660da730 DEOPT UNPACKING pc=0x000002dc4db92b43 sp=0x000000fa39afdd00 mode 0

Classes unloaded (0 events):
No events

Classes redefined (0 events):
No events

Internal exceptions (20 events):
Event: 10.535 Thread 0x000002dc62b835d0 Exception <a 'java/lang/IncompatibleClassChangeError'{0x00000000c45aee10}: Found class java.lang.Object, but interface was expected> (0x00000000c45aee10) 
thrown [t:\workspace\open\src\hotspot\share\interpreter\linkResolver.cpp, line 833]
Event: 10.547 Thread 0x000002dc62b835d0 Exception <a 'java/lang/NoSuchMethodError'{0x00000000c45f2090}: 'void java.lang.invoke.DirectMethodHandle$Holder.invokeSpecial(java.lang.Object, java.lang.Object, java.lang.Object, java.lang.Object, java.lang.Object, java.lang.Object, java.lang.Object)'> (0x00000000c45f2090) 
thrown [t:\workspace\open\src\hotspot\share\interpreter\linkResolver.cpp, line 766]
Event: 10.570 Thread 0x000002dc62b835d0 Implicit null exception at 0x000002dc5575453a to 0x000002dc55754730
Event: 10.675 Thread 0x000002dc62b835d0 Exception <a 'java/lang/NoSuchMethodError'{0x00000000c4212bc0}: 'int java.lang.invoke.DirectMethodHandle$Holder.invokeStatic(java.lang.Object, java.lang.Object, int)'> (0x00000000c4212bc0) 
thrown [t:\workspace\open\src\hotspot\share\interpreter\linkResolver.cpp, line 766]
Event: 10.679 Thread 0x000002dc62b835d0 Exception <a 'java/lang/NoSuchMethodError'{0x00000000c422be90}: 'java.lang.Object java.lang.invoke.DirectMethodHandle$Holder.invokeStatic(java.lang.Object, java.lang.Object, int, java.lang.Object)'> (0x00000000c422be90) 
thrown [t:\workspace\open\src\hotspot\share\interpreter\linkResolver.cpp, line 766]
Event: 10.680 Thread 0x000002dc62b835d0 Exception <a 'java/lang/NoSuchMethodError'{0x00000000c4233640}: 'java.lang.Object java.lang.invoke.DirectMethodHandle$Holder.newInvokeSpecial(java.lang.Object, java.lang.Object, int)'> (0x00000000c4233640) 
thrown [t:\workspace\open\src\hotspot\share\interpreter\linkResolver.cpp, line 766]
Event: 10.781 Thread 0x000002dc62b835d0 Exception <a 'java/lang/ClassNotFoundException'{0x00000000c3f11d78}: java/lang/ObjectCustomizer> (0x00000000c3f11d78) 
thrown [t:\workspace\open\src\hotspot\share\classfile\systemDictionary.cpp, line 256]
Event: 10.783 Thread 0x000002dc62b835d0 Exception <a 'java/lang/ClassNotFoundException'{0x00000000c3f19e60}: org/springframework/web/servlet/config/annotation/WebMvcConfigurationSupportCustomizer> (0x00000000c3f19e60) 
thrown [t:\workspace\open\src\hotspot\share\classfile\systemDictionary.cpp, line 256]
Event: 10.784 Thread 0x000002dc62b835d0 Exception <a 'java/lang/ClassNotFoundException'{0x00000000c3f2e348}: org/springframework/web/servlet/config/annotation/DelegatingWebMvcConfigurationCustomizer> (0x00000000c3f2e348) 
thrown [t:\workspace\open\src\hotspot\share\classfile\systemDictionary.cpp, line 256]
Event: 10.785 Thread 0x000002dc62b835d0 Exception <a 'java/lang/ClassNotFoundException'{0x00000000c3f38070}: org/springframework/boot/autoconfigure/web/servlet/WebMvcAutoConfiguration$EnableWebMvcConfigurationCustomizer> (0x00000000c3f38070) 
thrown [t:\workspace\open\src\hotspot\share\classfile\systemDictionary.cpp, line 256]
Event: 10.787 Thread 0x000002dc62b835d0 Exception <a 'java/lang/ClassNotFoundException'{0x00000000c3f4c900}: org/springframework/context/ResourceLoaderAwareCustomizer> (0x00000000c3f4c900) 
thrown [t:\workspace\open\src\hotspot\share\classfile\systemDictionary.cpp, line 256]
Event: 10.788 Thread 0x000002dc62b835d0 Exception <a 'java/lang/ClassNotFoundException'{0x00000000c3f51ba0}: org/springframework/beans/factory/AwareCustomizer> (0x00000000c3f51ba0) 
thrown [t:\workspace\open\src\hotspot\share\classfile\systemDictionary.cpp, line 256]
Event: 10.788 Thread 0x000002dc62b835d0 Exception <a 'java/lang/ClassNotFoundException'{0x00000000c3f56268}: org/springframework/context/ApplicationContextAwareCustomizer> (0x00000000c3f56268) 
thrown [t:\workspace\open\src\hotspot\share\classfile\systemDictionary.cpp, line 256]
Event: 10.789 Thread 0x000002dc62b835d0 Exception <a 'java/lang/ClassNotFoundException'{0x00000000c3f5bff8}: org/springframework/beans/factory/AwareCustomizer> (0x00000000c3f5bff8) 
thrown [t:\workspace\open\src\hotspot\share\classfile\systemDictionary.cpp, line 256]
Event: 10.790 Thread 0x000002dc62b835d0 Exception <a 'java/lang/ClassNotFoundException'{0x00000000c3f60698}: org/springframework/web/context/ServletContextAwareCustomizer> (0x00000000c3f60698) 
thrown [t:\workspace\open\src\hotspot\share\classfile\systemDictionary.cpp, line 256]
Event: 10.791 Thread 0x000002dc62b835d0 Exception <a 'java/lang/ClassNotFoundException'{0x00000000c3f65d70}: org/springframework/beans/factory/AwareCustomizer> (0x00000000c3f65d70) 
thrown [t:\workspace\open\src\hotspot\share\classfile\systemDictionary.cpp, line 256]
Event: 10.791 Thread 0x000002dc62b835d0 Implicit null exception at 0x000002dc5586cbcc to 0x000002dc5586cce0
Event: 11.194 Thread 0x000002dc62b835d0 Exception <a 'java/lang/NoSuchMethodError'{0x00000000c4daee20}: 'void java.lang.invoke.DirectMethodHandle$Holder.invokeVirtual(java.lang.Object, java.lang.Object, long)'> (0x00000000c4daee20) 
thrown [t:\workspace\open\src\hotspot\share\interpreter\linkResolver.cpp, line 766]
Event: 11.434 Thread 0x000002dc62b835d0 Exception <a 'java/lang/IncompatibleClassChangeError'{0x00000000c47a98f8}: Found class java.lang.Object, but interface was expected> (0x00000000c47a98f8) 
thrown [t:\workspace\open\src\hotspot\share\interpreter\linkResolver.cpp, line 833]
Event: 12.018 Thread 0x000002dc660d93f0 Implicit null exception at 0x000002dc5584506c to 0x000002dc55845114

VM Operations (20 events):
Event: 12.099 Executing VM operation: ICBufferFull done
Event: 12.100 Executing VM operation: ICBufferFull
Event: 12.100 Executing VM operation: ICBufferFull done
Event: 12.104 Executing VM operation: ICBufferFull
Event: 12.104 Executing VM operation: ICBufferFull done
Event: 12.117 Executing VM operation: ICBufferFull
Event: 12.117 Executing VM operation: ICBufferFull done
Event: 12.117 Executing VM operation: ICBufferFull
Event: 12.117 Executing VM operation: ICBufferFull done
Event: 12.130 Executing VM operation: G1CollectForAllocation
Event: 12.142 Executing VM operation: G1CollectForAllocation done
Event: 12.203 Executing VM operation: G1CollectForAllocation
Event: 12.208 Executing VM operation: G1CollectForAllocation done
Event: 12.226 Executing VM operation: G1Concurrent
Event: 12.230 Executing VM operation: G1Concurrent done
Event: 12.266 Executing VM operation: G1Concurrent
Event: 12.271 Executing VM operation: G1Concurrent done
Event: 12.271 Executing VM operation: G1CollectForAllocation
Event: 12.275 Executing VM operation: G1CollectForAllocation done
Event: 12.343 Executing VM operation: G1CollectForAllocation

Events (20 events):
Event: 12.017 Thread 0x000002dc660d7be0 Thread added: 0x000002dc660d7be0
Event: 12.017 Thread 0x000002dc660d8f20 Thread added: 0x000002dc660d8f20
Event: 12.017 Thread 0x000002dc660da730 Thread added: 0x000002dc660da730
Event: 12.018 Thread 0x000002dc660d9d90 Thread added: 0x000002dc660d9d90
Event: 12.027 Thread 0x000002dc660d7be0 Thread exited: 0x000002dc660d7be0
Event: 12.027 Thread 0x000002dc660da260 Thread exited: 0x000002dc660da260
Event: 12.027 Thread 0x000002dc660d98c0 Thread exited: 0x000002dc660d98c0
Event: 12.028 Thread 0x000002dc660d7710 Thread exited: 0x000002dc660d7710
Event: 12.028 Thread 0x000002dc660d8f20 Thread exited: 0x000002dc660d8f20
Event: 12.028 Thread 0x000002dc660da730 Thread exited: 0x000002dc660da730
Event: 12.028 Thread 0x000002dc660d93f0 Thread exited: 0x000002dc660d93f0
Event: 12.028 Thread 0x000002dc660d9d90 Thread exited: 0x000002dc660d9d90
Event: 12.088 Thread 0x000002dc660d8a50 Thread added: 0x000002dc660d8a50
Event: 12.089 Thread 0x000002dc660d98c0 Thread added: 0x000002dc660d98c0
Event: 12.089 Thread 0x000002dc660da730 Thread added: 0x000002dc660da730
Event: 12.089 Thread 0x000002dc660d9d90 Thread added: 0x000002dc660d9d90
Event: 12.090 Thread 0x000002dc660dac00 Thread added: 0x000002dc660dac00
Event: 12.090 Thread 0x000002dc660d80b0 Thread added: 0x000002dc660d80b0
Event: 12.090 Thread 0x000002dc660da260 Thread added: 0x000002dc660da260
Event: 12.090 Thread 0x000002dc660db0d0 Thread added: 0x000002dc660db0d0


Dynamic libraries:
0x00007ff75bcf0000 - 0x00007ff75bd00000 	C:\Program Files\Java\jdk-17.0.1\bin\java.exe
0x00007ff9fca50000 - 0x00007ff9fcc45000 	C:\WINDOWS\SYSTEM32\ntdll.dll
0x00007ff9fc1d0000 - 0x00007ff9fc28d000 	C:\WINDOWS\System32\KERNEL32.DLL
0x00007ff9fa4e0000 - 0x00007ff9fa7ad000 	C:\WINDOWS\System32\KERNELBASE.dll
0x00007ff9fa2f0000 - 0x00007ff9fa3f0000 	C:\WINDOWS\System32\ucrtbase.dll
0x00007ff9d9180000 - 0x00007ff9d919a000 	C:\Program Files\Java\jdk-17.0.1\bin\VCRUNTIME140.dll
0x00007ff9d9350000 - 0x00007ff9d9368000 	C:\Program Files\Java\jdk-17.0.1\bin\jli.dll
0x00007ff9fae10000 - 0x00007ff9faebe000 	C:\WINDOWS\System32\ADVAPI32.dll
0x00007ff9fad70000 - 0x00007ff9fae0e000 	C:\WINDOWS\System32\msvcrt.dll
0x00007ff9fab80000 - 0x00007ff9fac1c000 	C:\WINDOWS\System32\sechost.dll
0x00007ff9fac40000 - 0x00007ff9fad65000 	C:\WINDOWS\System32\RPCRT4.dll
0x00007ff9fc030000 - 0x00007ff9fc1d0000 	C:\WINDOWS\System32\USER32.dll
0x00007ff9fa2c0000 - 0x00007ff9fa2e2000 	C:\WINDOWS\System32\win32u.dll
0x00007ff9faaa0000 - 0x00007ff9faaca000 	C:\WINDOWS\System32\GDI32.dll
0x00007ff9fa990000 - 0x00007ff9faa9b000 	C:\WINDOWS\System32\gdi32full.dll
0x00007ff9fa860000 - 0x00007ff9fa8fd000 	C:\WINDOWS\System32\msvcp_win.dll
0x00007ff9e8d30000 - 0x00007ff9e8fca000 	C:\WINDOWS\WinSxS\amd64_microsoft.windows.common-controls_6595b64144ccf1df_6.0.19041.1110_none_60b5254171f9507e\COMCTL32.dll
0x00007ff9ef800000 - 0x00007ff9ef80a000 	C:\WINDOWS\SYSTEM32\VERSION.dll
0x00007ff9fc5d0000 - 0x00007ff9fc600000 	C:\WINDOWS\System32\IMM32.DLL
0x00007ff9edc30000 - 0x00007ff9edc3c000 	C:\Program Files\Java\jdk-17.0.1\bin\vcruntime140_1.dll
0x00007ff9bb340000 - 0x00007ff9bb3cd000 	C:\Program Files\Java\jdk-17.0.1\bin\msvcp140.dll
0x00007ff982b90000 - 0x00007ff98374e000 	C:\Program Files\Java\jdk-17.0.1\bin\server\jvm.dll
0x00007ff9fc010000 - 0x00007ff9fc018000 	C:\WINDOWS\System32\PSAPI.DLL
0x00007ff9e7190000 - 0x00007ff9e7199000 	C:\WINDOWS\SYSTEM32\WSOCK32.dll
0x00007ff9fc6e0000 - 0x00007ff9fc74b000 	C:\WINDOWS\System32\WS2_32.dll
0x00007ff9ee490000 - 0x00007ff9ee4b7000 	C:\WINDOWS\SYSTEM32\WINMM.dll
0x00007ff9f80b0000 - 0x00007ff9f80c2000 	C:\WINDOWS\SYSTEM32\kernel.appcore.dll
0x00007ff9ec630000 - 0x00007ff9ec63a000 	C:\Program Files\Java\jdk-17.0.1\bin\jimage.dll
0x00007ff9f6a40000 - 0x00007ff9f6c24000 	C:\WINDOWS\SYSTEM32\DBGHELP.DLL
0x00007ff9f17b0000 - 0x00007ff9f17dc000 	C:\WINDOWS\SYSTEM32\dbgcore.DLL
0x00007ff9fa900000 - 0x00007ff9fa982000 	C:\WINDOWS\System32\bcryptPrimitives.dll
0x00007ff9e92c0000 - 0x00007ff9e92ce000 	C:\Program Files\Java\jdk-17.0.1\bin\instrument.dll
0x00007ff9d9150000 - 0x00007ff9d9175000 	C:\Program Files\Java\jdk-17.0.1\bin\java.dll
0x00007ff9b9ee0000 - 0x00007ff9b9fb6000 	C:\Program Files\Java\jdk-17.0.1\bin\svml.dll
0x00007ff9fb3e0000 - 0x00007ff9fbb24000 	C:\WINDOWS\System32\SHELL32.dll
0x00007ff9f8260000 - 0x00007ff9f89f4000 	C:\WINDOWS\SYSTEM32\windows.storage.dll
0x00007ff9fb080000 - 0x00007ff9fb3d4000 	C:\WINDOWS\System32\combase.dll
0x00007ff9f9af0000 - 0x00007ff9f9b1c000 	C:\WINDOWS\SYSTEM32\Wldp.dll
0x00007ff9faad0000 - 0x00007ff9fab7d000 	C:\WINDOWS\System32\SHCORE.dll
0x00007ff9fc570000 - 0x00007ff9fc5c5000 	C:\WINDOWS\System32\shlwapi.dll
0x00007ff9fa0a0000 - 0x00007ff9fa0bf000 	C:\WINDOWS\SYSTEM32\profapi.dll
0x00007ff9d4e80000 - 0x00007ff9d4e98000 	C:\Program Files\Java\jdk-17.0.1\bin\zip.dll
0x00007ff9d3050000 - 0x00007ff9d3069000 	C:\Program Files\Java\jdk-17.0.1\bin\net.dll
0x00007ff9efde0000 - 0x00007ff9efeea000 	C:\WINDOWS\SYSTEM32\WINHTTP.dll
0x00007ff9f9850000 - 0x00007ff9f98ba000 	C:\WINDOWS\system32\mswsock.dll
0x00007ff9d2b00000 - 0x00007ff9d2b15000 	C:\Program Files\Java\jdk-17.0.1\bin\nio.dll
0x00007ff9d9060000 - 0x00007ff9d907a000 	C:\Program Files\JetBrains\IntelliJ IDEA Community Edition 2022.1\bin\breakgen64.dll
0x00007ff9e7ac0000 - 0x00007ff9e7ad0000 	C:\Program Files\Java\jdk-17.0.1\bin\verify.dll
0x00007ff9e8fd0000 - 0x00007ff9e8fd9000 	C:\Program Files\Java\jdk-17.0.1\bin\management.dll
0x00007ff9e7500000 - 0x00007ff9e750b000 	C:\Program Files\Java\jdk-17.0.1\bin\management_ext.dll
0x00007ff9f9540000 - 0x00007ff9f957b000 	C:\WINDOWS\SYSTEM32\IPHLPAPI.DLL
0x00007ff9faec0000 - 0x00007ff9faec8000 	C:\WINDOWS\System32\NSI.dll
0x00007ff9f0450000 - 0x00007ff9f0467000 	C:\WINDOWS\SYSTEM32\dhcpcsvc6.DLL
0x00007ff9f1000000 - 0x00007ff9f101d000 	C:\WINDOWS\SYSTEM32\dhcpcsvc.DLL
0x00007ff9f9580000 - 0x00007ff9f964b000 	C:\WINDOWS\SYSTEM32\DNSAPI.dll
0x0000000059280000 - 0x00000000592a6000 	C:\Program Files\Bonjour\mdnsNSP.dll
0x00007ff9f2c50000 - 0x00007ff9f2c5a000 	C:\Windows\System32\rasadhlp.dll
0x00007ff9e8fe0000 - 0x00007ff9e9060000 	C:\WINDOWS\System32\fwpuclnt.dll
0x00007ff9fa4b0000 - 0x00007ff9fa4d7000 	C:\WINDOWS\System32\bcrypt.dll
0x00007ff9e56d0000 - 0x00007ff9e56e7000 	C:\WINDOWS\system32\napinsp.dll
0x00007ff9e56b0000 - 0x00007ff9e56cb000 	C:\WINDOWS\system32\pnrpnsp.dll
0x00007ff9f5180000 - 0x00007ff9f5195000 	C:\WINDOWS\system32\wshbth.dll
0x00007ff9f18c0000 - 0x00007ff9f18dd000 	C:\WINDOWS\system32\NLAapi.dll
0x00007ff9e4cd0000 - 0x00007ff9e4ce2000 	C:\WINDOWS\System32\winrnr.dll
0x00007ff9f9a40000 - 0x00007ff9f9a58000 	C:\WINDOWS\SYSTEM32\CRYPTSP.dll
0x00007ff9f91d0000 - 0x00007ff9f9204000 	C:\WINDOWS\system32\rsaenh.dll
0x00007ff9fa060000 - 0x00007ff9fa08e000 	C:\WINDOWS\SYSTEM32\USERENV.dll
0x00007ff9f9a60000 - 0x00007ff9f9a6c000 	C:\WINDOWS\SYSTEM32\CRYPTBASE.dll
0x00007ff9e5050000 - 0x00007ff9e505e000 	C:\Program Files\Java\jdk-17.0.1\bin\sunmscapi.dll
0x00007ff9fa160000 - 0x00007ff9fa2b6000 	C:\WINDOWS\System32\CRYPT32.dll
0x00007ff9f9b60000 - 0x00007ff9f9b87000 	C:\WINDOWS\SYSTEM32\ncrypt.dll
0x00007ff9f9b20000 - 0x00007ff9f9b5b000 	C:\WINDOWS\SYSTEM32\NTASN1.dll

dbghelp: loaded successfully - version: 4.0.5 - missing functions: none
symbol engine: initialized successfully - sym options: 0x614 - pdb path: .;C:\Program Files\Java\jdk-17.0.1\bin;C:\WINDOWS\SYSTEM32;C:\WINDOWS\WinSxS\amd64_microsoft.windows.common-controls_6595b64144ccf1df_6.0.19041.1110_none_60b5254171f9507e;C:\Program Files\Java\jdk-17.0.1\bin\server;C:\Program Files\JetBrains\IntelliJ IDEA Community Edition 2022.1\bin;C:\Program Files\Bonjour

VM Arguments:
jvm_args: -javaagent:C:\Program Files\JetBrains\IntelliJ IDEA Community Edition 2022.1\lib\idea_rt.jar=54270:C:\Program Files\JetBrains\IntelliJ IDEA Community Edition 2022.1\bin -Dfile.encoding=UTF-8 
java_command: com.flight.flightdetails.FlightDetailsApplication
java_class_path (initial): C:\Users\Ravi Tiwari\Desktop\Capgemini\Case Study\flight-details\target\classes;C:\Users\Ravi Tiwari\.m2\repository\org\springframework\boot\spring-boot-starter-data-mongodb\2.6.6\spring-boot-starter-data-mongodb-2.6.6.jar;C:\Users\Ravi Tiwari\.m2\repository\org\springframework\boot\spring-boot-starter\2.6.6\spring-boot-starter-2.6.6.jar;C:\Users\Ravi Tiwari\.m2\repository\org\springframework\boot\spring-boot-starter-logging\2.6.6\spring-boot-starter-logging-2.6.6.jar;C:\Users\Ravi Tiwari\.m2\repository\ch\qos\logback\logback-classic\1.2.11\logback-classic-1.2.11.jar;C:\Users\Ravi Tiwari\.m2\repository\ch\qos\logback\logback-core\1.2.11\logback-core-1.2.11.jar;C:\Users\Ravi Tiwari\.m2\repository\org\apache\logging\log4j\log4j-to-slf4j\2.17.2\log4j-to-slf4j-2.17.2.jar;C:\Users\Ravi Tiwari\.m2\repository\org\apache\logging\log4j\log4j-api\2.17.2\log4j-api-2.17.2.jar;C:\Users\Ravi Tiwari\.m2\repository\org\slf4j\jul-to-slf4j\1.7.36\jul-to-slf4j-1.7.36.jar;C:\Users\Ravi Tiwari\.m2\repository\jakarta\annotation\jakarta.annotation-api\1.3.5\jakarta.annotation-api-1.3.5.jar;C:\Users\Ravi Tiwari\.m2\repository\org\yaml\snakeyaml\1.29\snakeyaml-1.29.jar;C:\Users\Ravi Tiwari\.m2\repository\org\mongodb\mongodb-driver-sync\4.4.2\mongodb-driver-sync-4.4.2.jar;C:\Users\Ravi Tiwari\.m2\repository\org\mongodb\bson\4.4.2\bson-4.4.2.jar;C:\Users\Ravi Tiwari\.m2\repository\org\mongodb\mongodb-driver-core\4.4.2\mongodb-driver-core-4.4.2.jar;C:\Users\Ravi Tiwari\.m2\repository\org\springframework\data\spring-data-mongodb\3.3.3\spring-data-mongodb-3.3.3.jar;C:\Users\Ravi Tiwari\.m2\repository\org\springframework\spring-tx\5.3.18\spring-tx-5.3.18.jar;C:\Users\Ravi Tiwari\.m2\repository\org\springframework\spring-context\5.3.18\spring-context-5.3.18.jar;C:\Users\Ravi Tiwari\.m2\repository\org\springframework\spring-beans\5.3.18\spring-beans-5.3.18.jar;C:\Users\Ravi Tiwari\.m2\repository\org\springframework\spring-expression\5.3.18\spring-expression-5.3.18.jar;C
Launcher Type: SUN_STANDARD

[Global flags]
     intx CICompilerCount                          = 3                                         {product} {ergonomic}
     uint ConcGCThreads                            = 1                                         {product} {ergonomic}
     uint G1ConcRefinementThreads                  = 4                                         {product} {ergonomic}
   size_t G1HeapRegionSize                         = 1048576                                   {product} {ergonomic}
    uintx GCDrainStackTargetSize                   = 64                                        {product} {ergonomic}
   size_t InitialHeapSize                          = 67108864                                  {product} {ergonomic}
   size_t MarkStackSize                            = 4194304                                   {product} {ergonomic}
   size_t MaxHeapSize                              = 1046478848                                {product} {ergonomic}
   size_t MaxNewSize                               = 627048448                                 {product} {ergonomic}
   size_t MinHeapDeltaBytes                        = 1048576                                   {product} {ergonomic}
   size_t MinHeapSize                              = 8388608                                   {product} {ergonomic}
    uintx NonNMethodCodeHeapSize                   = 5832780                                {pd product} {ergonomic}
    uintx NonProfiledCodeHeapSize                  = 122912730                              {pd product} {ergonomic}
    uintx ProfiledCodeHeapSize                     = 122912730                              {pd product} {ergonomic}
    uintx ReservedCodeCacheSize                    = 251658240                              {pd product} {ergonomic}
     bool SegmentedCodeCache                       = true                                      {product} {ergonomic}
   size_t SoftMaxHeapSize                          = 1046478848                             {manageable} {ergonomic}
     bool UseCompressedClassPointers               = true                           {product lp64_product} {ergonomic}
     bool UseCompressedOops                        = true                           {product lp64_product} {ergonomic}
     bool UseG1GC                                  = true                                      {product} {ergonomic}
     bool UseLargePagesIndividualAllocation        = false                                  {pd product} {ergonomic}

Logging:
Log output configuration:
 #0: stdout all=warning uptime,level,tags
 #1: stderr all=off uptime,level,tags

Environment Variables:
JAVA_HOME=C:\Program Files\Java\jdk-17.0.1
PATH=C:\Program Files\Common Files\Oracle\Java\javapath;C:\WINDOWS\system32;C:\WINDOWS;C:\WINDOWS\System32\Wbem;C:\WINDOWS\System32\WindowsPowerShell\v1.0\;C:\WINDOWS\System32\OpenSSH\;C:\Program Files\Git\cmd;C:\Program Files\nodejs\;C:\Users\Ravi Tiwari\AppData\Local\Microsoft\WindowsApps;C:\Windows\System32\cmd.exe;C:\Program Files\MongoDB\Server\5.0\bin;C:\Users\Ravi Tiwari\AppData\Local\Programs\mongosh\;C:\Users\Ravi Tiwari\Downloads\mongosh-1.1.7-win32-x64\mongosh-1.1.7-win32-x64\bin;C:\Program Files\MongoDB\Server\5.0\tools;C:\Program Files\Java\jdk-17.0.1\bin;C:\Users\Ravi Tiwari\AppData\Local\Programs\Microsoft VS Code\bin;C:\Users\Ravi Tiwari\AppData\Local\GitHubDesktop\bin;C:\Users\Ravi Tiwari\AppData\Roaming\npm;;C:\Program Files\JetBrains\IntelliJ IDEA Community Edition 2022.1\bin;
USERNAME=Ravi Tiwari
OS=Windows_NT
PROCESSOR_IDENTIFIER=Intel64 Family 6 Model 61 Stepping 4, GenuineIntel



---------------  S Y S T E M  ---------------

OS:
 Windows 10 , 64 bit Build 19041 (10.0.19041.1706)
OS uptime: 5 days 13:42 hours

CPU: total 4 (initial active 4) (2 cores per cpu, 2 threads per core) family 6 model 61 stepping 4 microcode 0x2d, cx8, cmov, fxsr, ht, mmx, 3dnowpref, sse, sse2, sse3, ssse3, sse4.1, sse4.2, popcnt, lzcnt, tsc, tscinvbit, avx, avx2, aes, erms, clmul, bmi1, bmi2, rtm, adx, fma, vzeroupper, clflush

Memory: 4k page, system-wide physical 3987M (329M free)
TotalPageFile size 11379M (AvailPageFile size 45M)
current process WorkingSet (physical memory assigned to process): 217M, peak: 217M
current process commit charge ("private bytes"): 247M, peak: 320M

vm_info: Java HotSpot(TM) 64-Bit Server VM (17.0.1+12-LTS-39) for windows-amd64 JRE (17.0.1+12-LTS-39), built on Sep 27 2021 18:41:35 by "mach5one" with MS VC++ 16.8 (VS2019)

END.
