2022-05-29 16:03:41,632 INFO  StartupInfoLogger:55 - [] Starting BookingDetailsApplication using Java 18 on DESKTOP-IKN7B9A with PID 10384 (C:\Users\Ravi Tiwari\Desktop\Capgemini\Case Study\booking-details\target\classes started by Ravi Tiwari in C:\Users\Ravi Tiwari\Desktop\Capgemini\Case Study\booking-details)
2022-05-29 16:03:41,645 INFO  SpringApplication:640 - [] No active profile set, falling back to 1 default profile: "default"
2022-05-29 16:03:41,889 INFO  DeferredLog:255 - [] Devtools property defaults active! Set 'spring.devtools.add-properties' to 'false' to disable
2022-05-29 16:03:41,890 INFO  DeferredLog:255 - [] For additional web related logging consider setting the 'logging.level.web' property to 'DEBUG'
2022-05-29 16:03:43,967 INFO  RepositoryConfigurationDelegate:132 - [] Bootstrapping Spring Data MongoDB repositories in DEFAULT mode.
2022-05-29 16:03:44,275 INFO  RepositoryConfigurationDelegate:201 - [] Finished Spring Data repository scanning in 298 ms. Found 1 MongoDB repository interfaces.
2022-05-29 16:03:44,700 INFO  GenericScope:283 - [] BeanFactory id=a06e3cad-0965-39be-84a1-3ca054308212
2022-05-29 16:03:45,907 INFO  TomcatWebServer:108 - [] Tomcat initialized with port(s): 8000 (http)
2022-05-29 16:03:45,966 INFO  DirectJDKLog:173 - [] Starting service [Tomcat]
2022-05-29 16:03:45,968 INFO  DirectJDKLog:173 - [] Starting Servlet engine: [Apache Tomcat/9.0.60]
2022-05-29 16:03:46,292 INFO  DirectJDKLog:173 - [] Initializing Spring embedded WebApplicationContext
2022-05-29 16:03:46,295 INFO  ServletWebServerApplicationContext:290 - [] Root WebApplicationContext: initialization completed in 4402 ms
2022-05-29 16:03:46,653 INFO  SLF4JLogger:71 - [] Cluster created with settings {hosts=[localhost:27017], mode=SINGLE, requiredClusterType=UNKNOWN, serverSelectionTimeout='30000 ms'}
2022-05-29 16:03:46,817 INFO  SLF4JLogger:71 - [] Opened connection [connectionId{localValue:1, serverValue:6}] to localhost:27017
2022-05-29 16:03:46,817 INFO  SLF4JLogger:71 - [] Opened connection [connectionId{localValue:2, serverValue:5}] to localhost:27017
2022-05-29 16:03:46,818 INFO  SLF4JLogger:71 - [] Monitor thread successfully connected to server with description ServerDescription{address=localhost:27017, type=STANDALONE, state=CONNECTED, ok=true, minWireVersion=0, maxWireVersion=13, maxDocumentSize=16777216, logicalSessionTimeoutMinutes=30, roundTripTimeNanos=38303200}
2022-05-29 16:03:46,955 WARN  CustomConversions:261 - [] Registering converter from class java.time.LocalDateTime to class org.joda.time.LocalDateTime as reading converter although it doesn't convert from a store-supported type! You might want to check your annotation setup at the converter implementation.
2022-05-29 16:03:47,019 WARN  CustomConversions:261 - [] Registering converter from class java.time.LocalDateTime to class org.joda.time.LocalDateTime as reading converter although it doesn't convert from a store-supported type! You might want to check your annotation setup at the converter implementation.
2022-05-29 16:03:47,336 WARN  OptionalLiveReloadServer:61 - [] Unable to start LiveReload server
2022-05-29 16:03:49,966 INFO  DiscoveryClientOptionalArgsConfiguration:68 - [] Eureka HTTP Client uses RestTemplate.
2022-05-29 16:03:50,295 WARN  LoadBalancerCacheAutoConfiguration$LoadBalancerCaffeineWarnLogger:82 - [] Spring Cloud LoadBalancer is currently working with the default cache. While this cache implementation is useful for development and tests, it's recommended to use Caffeine cache in production.You can switch to using Caffeine cache, by adding it and org.springframework.cache.caffeine.CaffeineCacheManager to the classpath.
2022-05-29 16:03:50,332 INFO  InstanceInfoFactory:67 - [] Setting initial instance status as: STARTING
2022-05-29 16:03:50,471 INFO  DiscoveryClient:372 - [] Initializing Eureka in region us-east-1
2022-05-29 16:03:50,482 INFO  ConfigClusterResolver:43 - [] Resolving eureka endpoints via configuration
2022-05-29 16:03:50,532 INFO  DiscoveryClient:1007 - [] Disable delta property : false
2022-05-29 16:03:50,533 INFO  DiscoveryClient:1008 - [] Single vip registry refresh property : null
2022-05-29 16:03:50,534 INFO  DiscoveryClient:1009 - [] Force full registry fetch : false
2022-05-29 16:03:50,534 INFO  DiscoveryClient:1010 - [] Application is null : false
2022-05-29 16:03:50,534 INFO  DiscoveryClient:1011 - [] Registered Applications size is zero : true
2022-05-29 16:03:50,535 INFO  DiscoveryClient:1013 - [] Application version is -1: true
2022-05-29 16:03:50,535 INFO  DiscoveryClient:1097 - [] Getting all instance registry info from the eureka server
2022-05-29 16:03:51,289 INFO  DiscoveryClient:1106 - [] The response status is 200
2022-05-29 16:03:51,295 INFO  DiscoveryClient:1321 - [] Starting heartbeat executor: renew interval is: 30
2022-05-29 16:03:51,303 INFO  InstanceInfoReplicator:60 - [] InstanceInfoReplicator onDemand update allowed rate per min is 4
2022-05-29 16:03:51,318 INFO  DiscoveryClient:492 - [] Discovery Client initialized at timestamp 1653820431315 with initial instances count: 3
2022-05-29 16:03:51,321 INFO  EurekaServiceRegistry:41 - [] Registering application BOOKING-DETAILS with eureka with status UP
2022-05-29 16:03:51,322 INFO  DiscoveryClient$3:1352 - [] Saw local status change event StatusChangeEvent [timestamp=1653820431322, current=UP, previous=STARTING]
2022-05-29 16:03:51,330 INFO  DiscoveryClient:873 - [] DiscoveryClient_BOOKING-DETAILS/DESKTOP-IKN7B9A:booking-details:8000: registering service...
2022-05-29 16:03:51,397 INFO  TomcatWebServer:220 - [] Tomcat started on port(s): 8000 (http) with context path ''
2022-05-29 16:03:51,398 INFO  EurekaAutoServiceRegistration:144 - [] Updating port to 8000
2022-05-29 16:03:51,546 INFO  DiscoveryClient:882 - [] DiscoveryClient_BOOKING-DETAILS/DESKTOP-IKN7B9A:booking-details:8000 - registration status: 204
2022-05-29 16:03:51,577 INFO  StartupInfoLogger:61 - [] Started BookingDetailsApplication in 11.067 seconds (JVM running for 12.315)
2022-05-29 16:08:50,571 INFO  ConfigClusterResolver:43 - [] Resolving eureka endpoints via configuration
2022-05-29 16:13:50,665 INFO  ConfigClusterResolver:43 - [] Resolving eureka endpoints via configuration
2022-05-29 16:18:50,752 INFO  ConfigClusterResolver:43 - [] Resolving eureka endpoints via configuration
2022-05-29 16:23:50,778 INFO  ConfigClusterResolver:43 - [] Resolving eureka endpoints via configuration
2022-05-29 16:28:50,862 INFO  ConfigClusterResolver:43 - [] Resolving eureka endpoints via configuration
2022-05-29 16:33:50,942 INFO  ConfigClusterResolver:43 - [] Resolving eureka endpoints via configuration
2022-05-29 16:35:27,703 INFO  DirectJDKLog:173 - [] Initializing Spring DispatcherServlet 'dispatcherServlet'
2022-05-29 16:35:27,707 INFO  FrameworkServlet:525 - [] Initializing Servlet 'dispatcherServlet'
2022-05-29 16:35:27,826 INFO  FrameworkServlet:547 - [] Completed initialization in 118 ms
2022-05-29 16:35:28,396 INFO  SLF4JLogger:71 - [] Opened connection [connectionId{localValue:3, serverValue:12}] to localhost:27017
2022-05-29 16:35:28,540 INFO  BookingController:46 - [] [bookingtinfo] info message added
2022-05-29 16:35:28,541 WARN  BookingController:47 - [] [bookinginfo] warn message added
2022-05-29 16:38:51,034 INFO  ConfigClusterResolver:43 - [] Resolving eureka endpoints via configuration
2022-05-29 16:39:26,686 INFO  EurekaServiceRegistry:62 - [] Unregistering application BOOKING-DETAILS with eureka with status DOWN
2022-05-29 16:39:26,707 INFO  DiscoveryClient$3:1352 - [] Saw local status change event StatusChangeEvent [timestamp=1653822566707, current=DOWN, previous=UP]
2022-05-29 16:39:26,716 INFO  DiscoveryClient:873 - [] DiscoveryClient_BOOKING-DETAILS/DESKTOP-IKN7B9A:booking-details:8000: registering service...
2022-05-29 16:39:27,561 INFO  DiscoveryClient:882 - [] DiscoveryClient_BOOKING-DETAILS/DESKTOP-IKN7B9A:booking-details:8000 - registration status: 204
2022-05-29 16:39:29,064 INFO  DiscoveryClient:935 - [] Shutting down DiscoveryClient ...
2022-05-29 16:39:32,111 INFO  DiscoveryClient:971 - [] Unregistering ...
2022-05-29 16:39:32,132 INFO  DiscoveryClient:973 - [] DiscoveryClient_BOOKING-DETAILS/DESKTOP-IKN7B9A:booking-details:8000 - deregister  status: 200
2022-05-29 16:39:32,163 INFO  DiscoveryClient:960 - [] Completed shut down of DiscoveryClient
